#! /c/Source/iverilog-install/bin/vvp
:ivl_version "12.0 (devel)" "(s20150603-1539-g2693dd32b)";
:ivl_delay_selection "TYPICAL";
:vpi_time_precision - 12;
:vpi_module "E:\iverilog\lib\ivl\system.vpi";
:vpi_module "E:\iverilog\lib\ivl\vhdl_sys.vpi";
:vpi_module "E:\iverilog\lib\ivl\vhdl_textio.vpi";
:vpi_module "E:\iverilog\lib\ivl\v2005_math.vpi";
:vpi_module "E:\iverilog\lib\ivl\va_math.vpi";
:vpi_module "E:\iverilog\lib\ivl\v2009.vpi";
S_00000165da0529c0 .scope package, "$unit" "$unit" 2 1;
 .timescale 0 0;
S_00000165da052b50 .scope module, "riscv" "riscv" 3 24;
 .timescale -9 -12;
    .port_info 0 /INPUT 1 "clk";
    .port_info 1 /INPUT 1 "rst";
L_00000165da4d10a8 .functor BUFT 1, C4<11111111111111111111111111111110>, C4<0>, C4<0>, C4<0>;
L_00000165da10c7e0 .functor AND 32, L_00000165da136ab0, L_00000165da4d10a8, C4<11111111111111111111111111111111>, C4<11111111111111111111111111111111>;
L_00000165da10bcf0 .functor BUFZ 32, v00000165da130ab0_0, C4<00000000000000000000000000000000>, C4<00000000000000000000000000000000>, C4<00000000000000000000000000000000>;
v00000165da132480_0 .net "A", 31 0, L_00000165da1374b0;  1 drivers
v00000165da1314e0_0 .net "ALUOp", 3 0, v00000165da0fe1b0_0;  1 drivers
v00000165da131b20_0 .net "ALUSrcA", 0 0, v00000165da0fe250_0;  1 drivers
v00000165da132340_0 .net "ALUSrcb", 1 0, v00000165da0e5550_0;  1 drivers
v00000165da131300_0 .net "ALU_result", 31 0, v00000165da0fe610_0;  1 drivers
v00000165da1313a0_0 .net "ALU_result_r", 31 0, v00000165da0ff8d0_0;  1 drivers
v00000165da131580_0 .net "B", 31 0, v00000165da12fd90_0;  1 drivers
v00000165da132840_0 .net "DMCtrl", 0 0, v00000165da0e5ff0_0;  1 drivers
v00000165da132160_0 .net "DR_out", 31 0, L_00000165da10bcf0;  1 drivers
v00000165da131620_0 .net "ExtSel", 0 0, v00000165da0e5f50_0;  1 drivers
v00000165da131bc0_0 .net "Funct3", 2 0, L_00000165da136970;  1 drivers
v00000165da1320c0_0 .net "Funct7", 6 0, L_00000165da136290;  1 drivers
v00000165da131c60_0 .net "IRWrite", 0 0, v00000165da130650_0;  1 drivers
v00000165da131d00_0 .net "Imm12", 11 0, L_00000165da137eb0;  1 drivers
v00000165da132200_0 .net "Imm32", 31 0, v00000165da1306f0_0;  1 drivers
v00000165da1322a0_0 .net "InsMemRW", 0 0, v00000165da130b50_0;  1 drivers
v00000165da1325c0_0 .net "NPC", 31 0, v00000165da131260_0;  1 drivers
v00000165da134e60_0 .net "NPCOp", 1 0, v00000165da130d30_0;  1 drivers
v00000165da134640_0 .net "Offset", 11 0, L_00000165da137af0;  1 drivers
v00000165da134820_0 .net "Offset20", 20 1, L_00000165da1363d0;  1 drivers
v00000165da1348c0_0 .net "PC", 31 0, v00000165da130fe0_0;  1 drivers
v00000165da1354a0_0 .net "PCA4", 31 0, v00000165da1327a0_0;  1 drivers
v00000165da1357c0_0 .net "PCWrite", 0 0, v00000165da12f750_0;  1 drivers
v00000165da1359a0_0 .net "RD", 31 0, v00000165da130ab0_0;  1 drivers
v00000165da134f00_0 .net "RD1", 31 0, L_00000165da10bba0;  1 drivers
v00000165da134780_0 .net "RD1_r", 31 0, v00000165da0fee30_0;  1 drivers
v00000165da135180_0 .net "RD2", 31 0, L_00000165da10beb0;  1 drivers
v00000165da134fa0_0 .net "RD2_r", 31 0, v00000165da0fdf30_0;  1 drivers
v00000165da134320_0 .net "RFWrite", 0 0, v00000165da12f7f0_0;  1 drivers
v00000165da135040_0 .net "RegSel", 1 0, v00000165da1308d0_0;  1 drivers
v00000165da135540_0 .net "WD", 31 0, v00000165da132de0_0;  1 drivers
v00000165da135e00_0 .net "WDSel", 1 0, v00000165da130bf0_0;  1 drivers
v00000165da1346e0_0 .net "WR", 4 0, v00000165da130290_0;  1 drivers
v00000165da135720_0 .net *"_ivl_1", 0 0, L_00000165da134460;  1 drivers
v00000165da135a40_0 .net *"_ivl_2", 19 0, L_00000165da134500;  1 drivers
v00000165da135220_0 .net *"_ivl_27", 0 0, L_00000165da137870;  1 drivers
v00000165da134be0_0 .net *"_ivl_29", 7 0, L_00000165da137c30;  1 drivers
v00000165da135860_0 .net *"_ivl_31", 0 0, L_00000165da1360b0;  1 drivers
v00000165da135c20_0 .net *"_ivl_33", 9 0, L_00000165da1368d0;  1 drivers
L_00000165da4d10f0 .functor BUFT 1, C4<1100011>, C4<0>, C4<0>, C4<0>;
v00000165da135ea0_0 .net/2u *"_ivl_36", 6 0, L_00000165da4d10f0;  1 drivers
v00000165da1355e0_0 .net *"_ivl_38", 0 0, L_00000165da136b50;  1 drivers
v00000165da1350e0_0 .net *"_ivl_4", 31 0, L_00000165da136a10;  1 drivers
v00000165da135cc0_0 .net *"_ivl_41", 0 0, L_00000165da136bf0;  1 drivers
v00000165da134dc0_0 .net *"_ivl_43", 0 0, L_00000165da136e70;  1 drivers
v00000165da134a00_0 .net *"_ivl_45", 5 0, L_00000165da137910;  1 drivers
v00000165da135680_0 .net *"_ivl_47", 3 0, L_00000165da1366f0;  1 drivers
v00000165da135400_0 .net *"_ivl_48", 11 0, L_00000165da1379b0;  1 drivers
L_00000165da4d1138 .functor BUFT 1, C4<0100011>, C4<0>, C4<0>, C4<0>;
v00000165da135900_0 .net/2u *"_ivl_50", 6 0, L_00000165da4d1138;  1 drivers
v00000165da134960_0 .net *"_ivl_52", 0 0, L_00000165da137550;  1 drivers
v00000165da135d60_0 .net *"_ivl_55", 6 0, L_00000165da137d70;  1 drivers
v00000165da134aa0_0 .net *"_ivl_57", 4 0, L_00000165da137e10;  1 drivers
v00000165da134d20_0 .net *"_ivl_58", 11 0, L_00000165da137410;  1 drivers
v00000165da135ae0_0 .net *"_ivl_6", 31 0, L_00000165da136ab0;  1 drivers
v00000165da1345a0_0 .net *"_ivl_60", 11 0, L_00000165da136790;  1 drivers
v00000165da135b80_0 .net/2u *"_ivl_8", 31 0, L_00000165da4d10a8;  1 drivers
o00000165da4a0088 .functor BUFZ 1, C4<z>; HiZ drive
v00000165da1340a0_0 .net "clk", 0 0, o00000165da4a0088;  0 drivers
v00000165da134b40_0 .net "in_ins", 31 0, v00000165da130830_0;  1 drivers
v00000165da134000_0 .net "jalr_target", 31 0, L_00000165da10c7e0;  1 drivers
v00000165da134c80_0 .net "opcode", 6 0, L_00000165da136010;  1 drivers
v00000165da134140_0 .net "out_ins", 31 0, v00000165da1300b0_0;  1 drivers
v00000165da1352c0_0 .net "rd", 4 0, L_00000165da137cd0;  1 drivers
v00000165da135360_0 .net "rs1", 4 0, L_00000165da136c90;  1 drivers
v00000165da1341e0_0 .net "rs2", 4 0, L_00000165da1377d0;  1 drivers
o00000165da4a0118 .functor BUFZ 1, C4<z>; HiZ drive
v00000165da134280_0 .net "rst", 0 0, o00000165da4a0118;  0 drivers
v00000165da1343c0_0 .net "zero", 0 0, L_00000165da136470;  1 drivers
L_00000165da134460 .part L_00000165da137eb0, 11, 1;
LS_00000165da134500_0_0 .concat [ 1 1 1 1], L_00000165da134460, L_00000165da134460, L_00000165da134460, L_00000165da134460;
LS_00000165da134500_0_4 .concat [ 1 1 1 1], L_00000165da134460, L_00000165da134460, L_00000165da134460, L_00000165da134460;
LS_00000165da134500_0_8 .concat [ 1 1 1 1], L_00000165da134460, L_00000165da134460, L_00000165da134460, L_00000165da134460;
LS_00000165da134500_0_12 .concat [ 1 1 1 1], L_00000165da134460, L_00000165da134460, L_00000165da134460, L_00000165da134460;
LS_00000165da134500_0_16 .concat [ 1 1 1 1], L_00000165da134460, L_00000165da134460, L_00000165da134460, L_00000165da134460;
LS_00000165da134500_1_0 .concat [ 4 4 4 4], LS_00000165da134500_0_0, LS_00000165da134500_0_4, LS_00000165da134500_0_8, LS_00000165da134500_0_12;
LS_00000165da134500_1_4 .concat [ 4 0 0 0], LS_00000165da134500_0_16;
L_00000165da134500 .concat [ 16 4 0 0], LS_00000165da134500_1_0, LS_00000165da134500_1_4;
L_00000165da136a10 .concat [ 12 20 0 0], L_00000165da137eb0, L_00000165da134500;
L_00000165da136ab0 .arith/sum 32, L_00000165da10bba0, L_00000165da136a10;
L_00000165da136010 .part v00000165da1300b0_0, 0, 7;
L_00000165da136970 .part v00000165da1300b0_0, 12, 3;
L_00000165da136290 .part v00000165da1300b0_0, 25, 7;
L_00000165da136c90 .part v00000165da1300b0_0, 15, 5;
L_00000165da1377d0 .part v00000165da1300b0_0, 20, 5;
L_00000165da137cd0 .part v00000165da1300b0_0, 7, 5;
L_00000165da137eb0 .part v00000165da1300b0_0, 20, 12;
L_00000165da137870 .part v00000165da1300b0_0, 31, 1;
L_00000165da137c30 .part v00000165da1300b0_0, 12, 8;
L_00000165da1360b0 .part v00000165da1300b0_0, 20, 1;
L_00000165da1368d0 .part v00000165da1300b0_0, 21, 10;
L_00000165da1363d0 .concat [ 10 1 8 1], L_00000165da1368d0, L_00000165da1360b0, L_00000165da137c30, L_00000165da137870;
L_00000165da136b50 .cmp/eq 7, L_00000165da136010, L_00000165da4d10f0;
L_00000165da136bf0 .part v00000165da1300b0_0, 31, 1;
L_00000165da136e70 .part v00000165da1300b0_0, 7, 1;
L_00000165da137910 .part v00000165da1300b0_0, 25, 6;
L_00000165da1366f0 .part v00000165da1300b0_0, 8, 4;
L_00000165da1379b0 .concat [ 4 6 1 1], L_00000165da1366f0, L_00000165da137910, L_00000165da136e70, L_00000165da136bf0;
L_00000165da137550 .cmp/eq 7, L_00000165da136010, L_00000165da4d1138;
L_00000165da137d70 .part v00000165da1300b0_0, 25, 7;
L_00000165da137e10 .part v00000165da1300b0_0, 7, 5;
L_00000165da137410 .concat [ 5 7 0 0], L_00000165da137e10, L_00000165da137d70;
L_00000165da136790 .functor MUXZ 12, L_00000165da137eb0, L_00000165da137410, L_00000165da137550, C4<>;
L_00000165da137af0 .functor MUXZ 12, L_00000165da136790, L_00000165da1379b0, L_00000165da136b50, C4<>;
L_00000165da136150 .part v00000165da130fe0_0, 2, 10;
L_00000165da136830 .part v00000165da1327a0_0, 2, 30;
L_00000165da137b90 .part v00000165da0ff8d0_0, 2, 10;
S_00000165da0badb0 .scope module, "U_A" "Flopr" 3 114, 4 3 0, S_00000165da052b50;
 .timescale -9 -12;
    .port_info 0 /INPUT 1 "clk";
    .port_info 1 /INPUT 1 "rst";
    .port_info 2 /INPUT 32 "in_data";
    .port_info 3 /OUTPUT 32 "out_data";
v00000165da0fef70_0 .net "clk", 0 0, o00000165da4a0088;  alias, 0 drivers
v00000165da0fe6b0_0 .net "in_data", 31 0, L_00000165da10bba0;  alias, 1 drivers
v00000165da0fee30_0 .var "out_data", 31 0;
v00000165da0fdd50_0 .net "rst", 0 0, o00000165da4a0118;  alias, 0 drivers
E_00000165da107030 .event posedge, v00000165da0fdd50_0, v00000165da0fef70_0;
S_00000165da0baf40 .scope module, "U_ALU" "ALU" 3 139, 5 4 0, S_00000165da052b50;
 .timescale -9 -12;
    .port_info 0 /INPUT 32 "A";
    .port_info 1 /INPUT 32 "B";
    .port_info 2 /INPUT 4 "ALUOp";
    .port_info 3 /OUTPUT 1 "zero";
    .port_info 4 /OUTPUT 32 "ALU_result";
v00000165da0ff290_0 .net "A", 31 0, L_00000165da1374b0;  alias, 1 drivers
v00000165da0ff6f0_0 .net "ALUOp", 3 0, v00000165da0fe1b0_0;  alias, 1 drivers
v00000165da0fe610_0 .var "ALU_result", 31 0;
v00000165da0ff330_0 .net "B", 31 0, v00000165da12fd90_0;  alias, 1 drivers
L_00000165da4d13c0 .functor BUFT 1, C4<00000000000000000000000000000000>, C4<0>, C4<0>, C4<0>;
v00000165da0fea70_0 .net/2u *"_ivl_2", 31 0, L_00000165da4d13c0;  1 drivers
v00000165da0feed0_0 .net "shamt", 4 0, L_00000165da136330;  1 drivers
v00000165da0ff150_0 .net "zero", 0 0, L_00000165da136470;  alias, 1 drivers
E_00000165da106d30 .event anyedge, v00000165da0ff6f0_0, v00000165da0ff290_0, v00000165da0ff330_0, v00000165da0feed0_0;
L_00000165da136330 .part v00000165da12fd90_0, 0, 5;
L_00000165da136470 .cmp/eq 32, v00000165da0fe610_0, L_00000165da4d13c0;
S_00000165da0ae8e0 .scope module, "U_ALUOut" "Flopr" 3 144, 4 3 0, S_00000165da052b50;
 .timescale -9 -12;
    .port_info 0 /INPUT 1 "clk";
    .port_info 1 /INPUT 1 "rst";
    .port_info 2 /INPUT 32 "in_data";
    .port_info 3 /OUTPUT 32 "out_data";
v00000165da0ff470_0 .net "clk", 0 0, o00000165da4a0088;  alias, 0 drivers
v00000165da0ff650_0 .net "in_data", 31 0, v00000165da0fe610_0;  alias, 1 drivers
v00000165da0ff8d0_0 .var "out_data", 31 0;
v00000165da0ff970_0 .net "rst", 0 0, o00000165da4a0118;  alias, 0 drivers
S_00000165da0aea70 .scope module, "U_B" "Flopr" 3 119, 4 3 0, S_00000165da052b50;
 .timescale -9 -12;
    .port_info 0 /INPUT 1 "clk";
    .port_info 1 /INPUT 1 "rst";
    .port_info 2 /INPUT 32 "in_data";
    .port_info 3 /OUTPUT 32 "out_data";
v00000165da0fdad0_0 .net "clk", 0 0, o00000165da4a0088;  alias, 0 drivers
v00000165da0fe930_0 .net "in_data", 31 0, L_00000165da10beb0;  alias, 1 drivers
v00000165da0fdf30_0 .var "out_data", 31 0;
v00000165da0fdfd0_0 .net "rst", 0 0, o00000165da4a0118;  alias, 0 drivers
S_00000165da0aede0 .scope module, "U_ControlUnit" "ControlUnit" 3 72, 6 9 0, S_00000165da052b50;
 .timescale -9 -12;
    .port_info 0 /INPUT 1 "rst";
    .port_info 1 /INPUT 1 "clk";
    .port_info 2 /INPUT 1 "zero";
    .port_info 3 /INPUT 7 "opcode";
    .port_info 4 /INPUT 7 "Funct7";
    .port_info 5 /INPUT 3 "Funct3";
    .port_info 6 /OUTPUT 1 "PCWrite";
    .port_info 7 /OUTPUT 1 "InsMemRW";
    .port_info 8 /OUTPUT 1 "IRWrite";
    .port_info 9 /OUTPUT 1 "RFWrite";
    .port_info 10 /OUTPUT 1 "DMCtrl";
    .port_info 11 /OUTPUT 1 "ExtSel";
    .port_info 12 /OUTPUT 1 "ALUSrcA";
    .port_info 13 /OUTPUT 2 "ALUSrcB";
    .port_info 14 /OUTPUT 2 "RegSel";
    .port_info 15 /OUTPUT 2 "NPCOp";
    .port_info 16 /OUTPUT 2 "WDSel";
    .port_info 17 /OUTPUT 4 "ALUOp";
P_00000165da0e6380 .param/l "S_EXE" 1 6 32, C4<010>;
P_00000165da0e63b8 .param/l "S_ID" 1 6 31, C4<001>;
P_00000165da0e63f0 .param/l "S_IF" 1 6 30, C4<000>;
P_00000165da0e6428 .param/l "S_MEM" 1 6 33, C4<011>;
P_00000165da0e6460 .param/l "S_WB" 1 6 34, C4<100>;
v00000165da0fe1b0_0 .var "ALUOp", 3 0;
v00000165da0fe250_0 .var "ALUSrcA", 0 0;
v00000165da0e5550_0 .var "ALUSrcB", 1 0;
v00000165da0e5ff0_0 .var "DMCtrl", 0 0;
v00000165da0e5f50_0 .var "ExtSel", 0 0;
v00000165da0e6090_0 .net "Funct3", 2 0, L_00000165da136970;  alias, 1 drivers
v00000165da0e5910_0 .net "Funct7", 6 0, L_00000165da136290;  alias, 1 drivers
v00000165da130650_0 .var "IRWrite", 0 0;
v00000165da130b50_0 .var "InsMemRW", 0 0;
v00000165da130d30_0 .var "NPCOp", 1 0;
v00000165da12f750_0 .var "PCWrite", 0 0;
v00000165da12f7f0_0 .var "RFWrite", 0 0;
v00000165da1308d0_0 .var "RegSel", 1 0;
v00000165da130bf0_0 .var "WDSel", 1 0;
v00000165da1303d0_0 .net "clk", 0 0, o00000165da4a0088;  alias, 0 drivers
v00000165da130790_0 .var "next_state", 2 0;
v00000165da12fed0_0 .net "opcode", 6 0, L_00000165da136010;  alias, 1 drivers
v00000165da130010_0 .net "rst", 0 0, o00000165da4a0118;  alias, 0 drivers
v00000165da130a10_0 .var "state", 2 0;
v00000165da12f070_0 .net "zero", 0 0, L_00000165da136470;  alias, 1 drivers
E_00000165da1072b0/0 .event anyedge, v00000165da130a10_0, v00000165da12fed0_0, v00000165da0e6090_0, v00000165da0e5910_0;
E_00000165da1072b0/1 .event anyedge, v00000165da0ff150_0;
E_00000165da1072b0 .event/or E_00000165da1072b0/0, E_00000165da1072b0/1;
E_00000165da106ff0 .event anyedge, v00000165da130a10_0, v00000165da12fed0_0;
S_00000165da0aef70 .scope module, "U_DM" "DM" 3 149, 7 3 0, S_00000165da052b50;
 .timescale -9 -12;
    .port_info 0 /INPUT 10 "Addr";
    .port_info 1 /INPUT 32 "WD";
    .port_info 2 /INPUT 1 "clk";
    .port_info 3 /INPUT 1 "DMCtrl";
    .port_info 4 /OUTPUT 32 "RD";
v00000165da12f9d0_0 .net "Addr", 11 2, L_00000165da137b90;  1 drivers
v00000165da130510_0 .net "DMCtrl", 0 0, v00000165da0e5ff0_0;  alias, 1 drivers
v00000165da130ab0_0 .var "RD", 31 0;
v00000165da12f110_0 .net "WD", 31 0, v00000165da0fdf30_0;  alias, 1 drivers
v00000165da12f570_0 .net "clk", 0 0, o00000165da4a0088;  alias, 0 drivers
v00000165da12fcf0 .array "memory", 1023 0, 31 0;
E_00000165da106f70 .event posedge, v00000165da0fef70_0;
S_00000165da0cebd0 .scope module, "U_EXT" "EXT" 3 124, 8 3 0, S_00000165da052b50;
 .timescale -9 -12;
    .port_info 0 /INPUT 12 "imm_in";
    .port_info 1 /INPUT 1 "ExtSel";
    .port_info 2 /OUTPUT 32 "imm_out";
v00000165da130dd0_0 .net "ExtSel", 0 0, v00000165da0e5f50_0;  alias, 1 drivers
v00000165da130150_0 .net "imm_in", 11 0, L_00000165da137eb0;  alias, 1 drivers
v00000165da1306f0_0 .var "imm_out", 31 0;
E_00000165da106fb0 .event anyedge, v00000165da0e5f50_0, v00000165da130150_0;
S_00000165da0ced60 .scope module, "U_IM" "IM" 3 65, 9 4 0, S_00000165da052b50;
 .timescale -9 -12;
    .port_info 0 /INPUT 1 "InsMemRW";
    .port_info 1 /INPUT 10 "addr";
    .port_info 2 /OUTPUT 32 "Ins";
v00000165da130830_0 .var "Ins", 31 0;
v00000165da12ff70_0 .net "InsMemRW", 0 0, v00000165da130b50_0;  alias, 1 drivers
v00000165da1305b0_0 .net "addr", 11 2, L_00000165da136150;  1 drivers
v00000165da12fa70 .array "memory", 1023 0, 31 0;
E_00000165da1071f0 .event anyedge, v00000165da130b50_0, v00000165da1305b0_0;
S_00000165da0c76a0 .scope module, "U_IR" "IR" 3 91, 10 3 0, S_00000165da052b50;
 .timescale -9 -12;
    .port_info 0 /INPUT 1 "clk";
    .port_info 1 /INPUT 1 "IRWrite";
    .port_info 2 /INPUT 32 "in_ins";
    .port_info 3 /OUTPUT 32 "out_ins";
v00000165da130970_0 .net "IRWrite", 0 0, v00000165da130650_0;  alias, 1 drivers
v00000165da12f1b0_0 .net "clk", 0 0, o00000165da4a0088;  alias, 0 drivers
v00000165da130c90_0 .net "in_ins", 31 0, v00000165da130830_0;  alias, 1 drivers
v00000165da1300b0_0 .var "out_ins", 31 0;
S_00000165da0c7830 .scope module, "U_MUX_2to1_A" "MUX_2to1_A" 3 129, 11 3 0, S_00000165da052b50;
 .timescale -9 -12;
    .port_info 0 /INPUT 32 "X";
    .port_info 1 /INPUT 5 "Y";
    .port_info 2 /INPUT 1 "control";
    .port_info 3 /OUTPUT 32 "out";
L_00000165da4d1330 .functor BUFT 1, C4<0>, C4<0>, C4<0>, C4<0>;
L_00000165da10bc10 .functor XNOR 1, v00000165da0fe250_0, L_00000165da4d1330, C4<0>, C4<0>;
v00000165da12f250_0 .net "X", 31 0, v00000165da0fee30_0;  alias, 1 drivers
L_00000165da4d1378 .functor BUFT 1, C4<00000>, C4<0>, C4<0>, C4<0>;
v00000165da12f390_0 .net "Y", 4 0, L_00000165da4d1378;  1 drivers
v00000165da12fbb0_0 .net/2u *"_ivl_0", 0 0, L_00000165da4d1330;  1 drivers
v00000165da12f890_0 .net *"_ivl_2", 0 0, L_00000165da10bc10;  1 drivers
L_00000165da4d1408 .functor BUFT 1, C4<00000000000000000000000000000000>, C4<0>, C4<0>, C4<0>;
v00000165da130e70_0 .net *"_ivl_6", 31 0, L_00000165da4d1408;  1 drivers
v00000165da12efd0_0 .net "control", 0 0, v00000165da0fe250_0;  alias, 1 drivers
v00000165da12f2f0_0 .net "out", 31 0, L_00000165da1374b0;  alias, 1 drivers
L_00000165da1374b0 .functor MUXZ 32, L_00000165da4d1408, v00000165da0fee30_0, L_00000165da10bc10, C4<>;
S_00000165da0c71a0 .scope module, "U_MUX_3to1" "MUX_3to1" 3 102, 12 3 0, S_00000165da052b50;
 .timescale -9 -12;
    .port_info 0 /INPUT 5 "X";
    .port_info 1 /INPUT 5 "Y";
    .port_info 2 /INPUT 5 "Z";
    .port_info 3 /INPUT 2 "control";
    .port_info 4 /OUTPUT 5 "out";
v00000165da12fe30_0 .net "X", 4 0, L_00000165da137cd0;  alias, 1 drivers
L_00000165da4d12a0 .functor BUFT 1, C4<00000>, C4<0>, C4<0>, C4<0>;
v00000165da12f430_0 .net "Y", 4 0, L_00000165da4d12a0;  1 drivers
L_00000165da4d12e8 .functor BUFT 1, C4<11111>, C4<0>, C4<0>, C4<0>;
v00000165da1301f0_0 .net "Z", 4 0, L_00000165da4d12e8;  1 drivers
v00000165da12fb10_0 .net "control", 1 0, v00000165da1308d0_0;  alias, 1 drivers
v00000165da130290_0 .var "out", 4 0;
E_00000165da106bf0 .event anyedge, v00000165da1308d0_0, v00000165da1301f0_0, v00000165da12f430_0, v00000165da12fe30_0;
S_00000165da0c7330 .scope module, "U_MUX_3to1_B" "MUX_3to1_B" 3 134, 13 3 0, S_00000165da052b50;
 .timescale -9 -12;
    .port_info 0 /INPUT 32 "X";
    .port_info 1 /INPUT 32 "Y";
    .port_info 2 /INPUT 12 "Z";
    .port_info 3 /INPUT 2 "control";
    .port_info 4 /OUTPUT 32 "out";
v00000165da130330_0 .net "X", 31 0, v00000165da0fdf30_0;  alias, 1 drivers
v00000165da12f4d0_0 .net "Y", 31 0, v00000165da1306f0_0;  alias, 1 drivers
v00000165da12fc50_0 .net "Z", 11 0, L_00000165da137af0;  alias, 1 drivers
v00000165da12f610_0 .net "control", 1 0, v00000165da0e5550_0;  alias, 1 drivers
v00000165da12fd90_0 .var/s "out", 31 0;
E_00000165da1077f0 .event anyedge, v00000165da0e5550_0, v00000165da12fc50_0, v00000165da1306f0_0, v00000165da0fdf30_0;
S_00000165da0c3870 .scope module, "U_MUX_3to1_LMD" "MUX_3to1_LMD" 3 108, 14 4 0, S_00000165da052b50;
 .timescale -9 -12;
    .port_info 0 /INPUT 32 "X";
    .port_info 1 /INPUT 32 "Y";
    .port_info 2 /INPUT 30 "Z";
    .port_info 3 /INPUT 2 "control";
    .port_info 4 /OUTPUT 32 "out";
v00000165da12f6b0_0 .net "X", 31 0, v00000165da0ff8d0_0;  alias, 1 drivers
v00000165da12f930_0 .net "Y", 31 0, L_00000165da10bcf0;  alias, 1 drivers
v00000165da0fe110_0 .net "Z", 31 2, L_00000165da136830;  1 drivers
v00000165da132c00_0 .net "control", 1 0, v00000165da130bf0_0;  alias, 1 drivers
v00000165da132de0_0 .var "out", 31 0;
E_00000165da1079b0 .event anyedge, v00000165da130bf0_0, v00000165da0fe110_0, v00000165da12f930_0, v00000165da0ff8d0_0;
S_00000165da0c3a00 .scope module, "U_NPC" "NPC" 3 85, 15 4 0, S_00000165da052b50;
 .timescale -9 -12;
    .port_info 0 /INPUT 2 "NPCOp";
    .port_info 1 /INPUT 12 "Offset12";
    .port_info 2 /INPUT 20 "Offset20";
    .port_info 3 /INPUT 32 "PC";
    .port_info 4 /INPUT 32 "rs";
    .port_info 5 /OUTPUT 32 "PCA4";
    .port_info 6 /OUTPUT 32 "NPC";
v00000165da131260_0 .var "NPC", 31 0;
v00000165da1323e0_0 .net "NPCOp", 1 0, v00000165da130d30_0;  alias, 1 drivers
v00000165da131440_0 .net "Offset12", 12 1, L_00000165da137af0;  alias, 1 drivers
v00000165da132d40_0 .net/s "Offset13", 12 0, L_00000165da136650;  1 drivers
v00000165da131760_0 .net "Offset20", 20 1, L_00000165da1363d0;  alias, 1 drivers
v00000165da1328e0_0 .net/s "Offset21", 20 0, L_00000165da136d30;  1 drivers
v00000165da132e80_0 .net "PC", 31 0, v00000165da130fe0_0;  alias, 1 drivers
v00000165da1327a0_0 .var "PCA4", 31 0;
L_00000165da4d1180 .functor BUFT 1, C4<0>, C4<0>, C4<0>, C4<0>;
v00000165da131ee0_0 .net/2u *"_ivl_0", 0 0, L_00000165da4d1180;  1 drivers
L_00000165da4d11c8 .functor BUFT 1, C4<0>, C4<0>, C4<0>, C4<0>;
v00000165da132020_0 .net/2u *"_ivl_4", 0 0, L_00000165da4d11c8;  1 drivers
v00000165da131f80_0 .net "rs", 31 0, L_00000165da10c7e0;  alias, 1 drivers
E_00000165da106f30/0 .event anyedge, v00000165da130d30_0, v00000165da132e80_0, v00000165da132d40_0, v00000165da131f80_0;
E_00000165da106f30/1 .event anyedge, v00000165da1328e0_0;
E_00000165da106f30 .event/or E_00000165da106f30/0, E_00000165da106f30/1;
L_00000165da136650 .concat [ 1 12 0 0], L_00000165da4d1180, L_00000165da137af0;
L_00000165da136d30 .concat [ 1 20 0 0], L_00000165da4d11c8, L_00000165da1363d0;
S_00000165da0ba8b0 .scope module, "U_PC" "PC" 3 80, 16 3 0, S_00000165da052b50;
 .timescale -9 -12;
    .port_info 0 /INPUT 1 "clk";
    .port_info 1 /INPUT 1 "rst";
    .port_info 2 /INPUT 1 "PCWrite";
    .port_info 3 /INPUT 32 "NPC";
    .port_info 4 /OUTPUT 32 "PC";
v00000165da131940_0 .net "NPC", 31 0, v00000165da131260_0;  alias, 1 drivers
v00000165da130fe0_0 .var "PC", 31 0;
v00000165da1316c0_0 .net "PCWrite", 0 0, v00000165da12f750_0;  alias, 1 drivers
v00000165da132a20_0 .net "clk", 0 0, o00000165da4a0088;  alias, 0 drivers
v00000165da132660_0 .net "rst", 0 0, o00000165da4a0118;  alias, 0 drivers
S_00000165da1334a0 .scope module, "U_RF" "RF" 3 96, 17 4 0, S_00000165da052b50;
 .timescale -9 -12;
    .port_info 0 /INPUT 5 "RR1";
    .port_info 1 /INPUT 5 "RR2";
    .port_info 2 /INPUT 5 "WR";
    .port_info 3 /INPUT 32 "WD";
    .port_info 4 /INPUT 1 "RFWrite";
    .port_info 5 /INPUT 1 "clk";
    .port_info 6 /OUTPUT 32 "RD1";
    .port_info 7 /OUTPUT 32 "RD2";
L_00000165da10bba0 .functor BUFZ 32, L_00000165da136f10, C4<00000000000000000000000000000000>, C4<00000000000000000000000000000000>, C4<00000000000000000000000000000000>;
L_00000165da10beb0 .functor BUFZ 32, L_00000165da1361f0, C4<00000000000000000000000000000000>, C4<00000000000000000000000000000000>, C4<00000000000000000000000000000000>;
v00000165da131da0_0 .net "RD1", 31 0, L_00000165da10bba0;  alias, 1 drivers
v00000165da132700_0 .net "RD2", 31 0, L_00000165da10beb0;  alias, 1 drivers
v00000165da131080_0 .net "RFWrite", 0 0, v00000165da12f7f0_0;  alias, 1 drivers
v00000165da131800_0 .net "RR1", 4 0, L_00000165da136c90;  alias, 1 drivers
v00000165da132ca0_0 .net "RR2", 4 0, L_00000165da1377d0;  alias, 1 drivers
v00000165da132980_0 .net "WD", 31 0, v00000165da132de0_0;  alias, 1 drivers
v00000165da131120_0 .net "WR", 4 0, v00000165da130290_0;  alias, 1 drivers
v00000165da131e40_0 .net *"_ivl_0", 31 0, L_00000165da136f10;  1 drivers
v00000165da132520_0 .net *"_ivl_10", 6 0, L_00000165da137a50;  1 drivers
L_00000165da4d1258 .functor BUFT 1, C4<00>, C4<0>, C4<0>, C4<0>;
v00000165da1318a0_0 .net *"_ivl_13", 1 0, L_00000165da4d1258;  1 drivers
v00000165da1311c0_0 .net *"_ivl_2", 6 0, L_00000165da136dd0;  1 drivers
L_00000165da4d1210 .functor BUFT 1, C4<00>, C4<0>, C4<0>, C4<0>;
v00000165da1319e0_0 .net *"_ivl_5", 1 0, L_00000165da4d1210;  1 drivers
v00000165da132ac0_0 .net *"_ivl_8", 31 0, L_00000165da1361f0;  1 drivers
v00000165da131a80_0 .net "clk", 0 0, o00000165da4a0088;  alias, 0 drivers
v00000165da132b60 .array "register", 31 0, 31 0;
L_00000165da136f10 .array/port v00000165da132b60, L_00000165da136dd0;
L_00000165da136dd0 .concat [ 5 2 0 0], L_00000165da136c90, L_00000165da4d1210;
L_00000165da1361f0 .array/port v00000165da132b60, L_00000165da137a50;
L_00000165da137a50 .concat [ 5 2 0 0], L_00000165da1377d0, L_00000165da4d1258;
    .scope S_00000165da0ced60;
T_0 ;
    %wait E_00000165da1071f0;
    %load/vec4 v00000165da12ff70_0;
    %flag_set/vec4 8;
    %jmp/0xz  T_0.0, 8;
    %load/vec4 v00000165da1305b0_0;
    %pad/u 12;
    %ix/vec4 4;
    %load/vec4a v00000165da12fa70, 4;
    %assign/vec4 v00000165da130830_0, 0;
    %jmp T_0.1;
T_0.0 ;
    %pushi/vec4 19, 0, 32;
    %assign/vec4 v00000165da130830_0, 0;
T_0.1 ;
    %jmp T_0;
    .thread T_0, $push;
    .scope S_00000165da0aede0;
T_1 ;
    %wait E_00000165da107030;
    %load/vec4 v00000165da130010_0;
    %flag_set/vec4 8;
    %jmp/0xz  T_1.0, 8;
    %pushi/vec4 0, 0, 3;
    %assign/vec4 v00000165da130a10_0, 0;
    %jmp T_1.1;
T_1.0 ;
    %load/vec4 v00000165da130790_0;
    %assign/vec4 v00000165da130a10_0, 0;
T_1.1 ;
    %jmp T_1;
    .thread T_1;
    .scope S_00000165da0aede0;
T_2 ;
    %wait E_00000165da106ff0;
    %load/vec4 v00000165da130a10_0;
    %store/vec4 v00000165da130790_0, 0, 3;
    %load/vec4 v00000165da130a10_0;
    %dup/vec4;
    %pushi/vec4 0, 0, 3;
    %cmp/u;
    %jmp/1 T_2.0, 6;
    %dup/vec4;
    %pushi/vec4 1, 0, 3;
    %cmp/u;
    %jmp/1 T_2.1, 6;
    %dup/vec4;
    %pushi/vec4 2, 0, 3;
    %cmp/u;
    %jmp/1 T_2.2, 6;
    %dup/vec4;
    %pushi/vec4 3, 0, 3;
    %cmp/u;
    %jmp/1 T_2.3, 6;
    %dup/vec4;
    %pushi/vec4 4, 0, 3;
    %cmp/u;
    %jmp/1 T_2.4, 6;
    %pushi/vec4 0, 0, 3;
    %store/vec4 v00000165da130790_0, 0, 3;
    %jmp T_2.6;
T_2.0 ;
    %pushi/vec4 1, 0, 3;
    %store/vec4 v00000165da130790_0, 0, 3;
    %jmp T_2.6;
T_2.1 ;
    %pushi/vec4 2, 0, 3;
    %store/vec4 v00000165da130790_0, 0, 3;
    %jmp T_2.6;
T_2.2 ;
    %load/vec4 v00000165da12fed0_0;
    %dup/vec4;
    %pushi/vec4 99, 0, 7;
    %cmp/u;
    %jmp/1 T_2.7, 6;
    %dup/vec4;
    %pushi/vec4 3, 0, 7;
    %cmp/u;
    %jmp/1 T_2.8, 6;
    %dup/vec4;
    %pushi/vec4 35, 0, 7;
    %cmp/u;
    %jmp/1 T_2.9, 6;
    %pushi/vec4 4, 0, 3;
    %store/vec4 v00000165da130790_0, 0, 3;
    %jmp T_2.11;
T_2.7 ;
    %pushi/vec4 0, 0, 3;
    %store/vec4 v00000165da130790_0, 0, 3;
    %jmp T_2.11;
T_2.8 ;
    %pushi/vec4 3, 0, 3;
    %store/vec4 v00000165da130790_0, 0, 3;
    %jmp T_2.11;
T_2.9 ;
    %pushi/vec4 3, 0, 3;
    %store/vec4 v00000165da130790_0, 0, 3;
    %jmp T_2.11;
T_2.11 ;
    %pop/vec4 1;
    %jmp T_2.6;
T_2.3 ;
    %load/vec4 v00000165da12fed0_0;
    %cmpi/e 3, 0, 7;
    %jmp/0xz  T_2.12, 4;
    %pushi/vec4 4, 0, 3;
    %store/vec4 v00000165da130790_0, 0, 3;
    %jmp T_2.13;
T_2.12 ;
    %pushi/vec4 0, 0, 3;
    %store/vec4 v00000165da130790_0, 0, 3;
T_2.13 ;
    %jmp T_2.6;
T_2.4 ;
    %pushi/vec4 0, 0, 3;
    %store/vec4 v00000165da130790_0, 0, 3;
    %jmp T_2.6;
T_2.6 ;
    %pop/vec4 1;
    %jmp T_2;
    .thread T_2, $push;
    .scope S_00000165da0aede0;
T_3 ;
    %wait E_00000165da1072b0;
    %pushi/vec4 0, 0, 1;
    %store/vec4 v00000165da12f750_0, 0, 1;
    %pushi/vec4 1, 0, 1;
    %store/vec4 v00000165da130b50_0, 0, 1;
    %pushi/vec4 0, 0, 1;
    %store/vec4 v00000165da130650_0, 0, 1;
    %pushi/vec4 0, 0, 1;
    %store/vec4 v00000165da12f7f0_0, 0, 1;
    %pushi/vec4 0, 0, 1;
    %store/vec4 v00000165da0e5ff0_0, 0, 1;
    %pushi/vec4 1, 0, 1;
    %store/vec4 v00000165da0e5f50_0, 0, 1;
    %pushi/vec4 0, 0, 1;
    %store/vec4 v00000165da0fe250_0, 0, 1;
    %pushi/vec4 0, 0, 2;
    %store/vec4 v00000165da0e5550_0, 0, 2;
    %pushi/vec4 0, 0, 2;
    %store/vec4 v00000165da1308d0_0, 0, 2;
    %pushi/vec4 0, 0, 2;
    %store/vec4 v00000165da130d30_0, 0, 2;
    %pushi/vec4 0, 0, 2;
    %store/vec4 v00000165da130bf0_0, 0, 2;
    %pushi/vec4 0, 0, 4;
    %store/vec4 v00000165da0fe1b0_0, 0, 4;
    %load/vec4 v00000165da130a10_0;
    %dup/vec4;
    %pushi/vec4 0, 0, 3;
    %cmp/u;
    %jmp/1 T_3.0, 6;
    %dup/vec4;
    %pushi/vec4 1, 0, 3;
    %cmp/u;
    %jmp/1 T_3.1, 6;
    %dup/vec4;
    %pushi/vec4 2, 0, 3;
    %cmp/u;
    %jmp/1 T_3.2, 6;
    %dup/vec4;
    %pushi/vec4 3, 0, 3;
    %cmp/u;
    %jmp/1 T_3.3, 6;
    %dup/vec4;
    %pushi/vec4 4, 0, 3;
    %cmp/u;
    %jmp/1 T_3.4, 6;
    %jmp T_3.6;
T_3.0 ;
    %pushi/vec4 1, 0, 1;
    %store/vec4 v00000165da130650_0, 0, 1;
    %pushi/vec4 1, 0, 1;
    %store/vec4 v00000165da130b50_0, 0, 1;
    %jmp T_3.6;
T_3.1 ;
    %jmp T_3.6;
T_3.2 ;
    %load/vec4 v00000165da12fed0_0;
    %dup/vec4;
    %pushi/vec4 51, 0, 7;
    %cmp/u;
    %jmp/1 T_3.7, 6;
    %dup/vec4;
    %pushi/vec4 19, 0, 7;
    %cmp/u;
    %jmp/1 T_3.8, 6;
    %dup/vec4;
    %pushi/vec4 3, 0, 7;
    %cmp/u;
    %jmp/1 T_3.9, 6;
    %dup/vec4;
    %pushi/vec4 35, 0, 7;
    %cmp/u;
    %jmp/1 T_3.10, 6;
    %dup/vec4;
    %pushi/vec4 99, 0, 7;
    %cmp/u;
    %jmp/1 T_3.11, 6;
    %dup/vec4;
    %pushi/vec4 111, 0, 7;
    %cmp/u;
    %jmp/1 T_3.12, 6;
    %dup/vec4;
    %pushi/vec4 103, 0, 7;
    %cmp/u;
    %jmp/1 T_3.13, 6;
    %jmp T_3.15;
T_3.7 ;
    %pushi/vec4 0, 0, 2;
    %store/vec4 v00000165da0e5550_0, 0, 2;
    %load/vec4 v00000165da0e6090_0;
    %dup/vec4;
    %pushi/vec4 0, 0, 3;
    %cmp/u;
    %jmp/1 T_3.16, 6;
    %dup/vec4;
    %pushi/vec4 7, 0, 3;
    %cmp/u;
    %jmp/1 T_3.17, 6;
    %dup/vec4;
    %pushi/vec4 6, 0, 3;
    %cmp/u;
    %jmp/1 T_3.18, 6;
    %dup/vec4;
    %pushi/vec4 4, 0, 3;
    %cmp/u;
    %jmp/1 T_3.19, 6;
    %dup/vec4;
    %pushi/vec4 1, 0, 3;
    %cmp/u;
    %jmp/1 T_3.20, 6;
    %dup/vec4;
    %pushi/vec4 5, 0, 3;
    %cmp/u;
    %jmp/1 T_3.21, 6;
    %pushi/vec4 0, 0, 4;
    %store/vec4 v00000165da0fe1b0_0, 0, 4;
    %jmp T_3.23;
T_3.16 ;
    %load/vec4 v00000165da0e5910_0;
    %parti/s 1, 5, 4;
    %flag_set/vec4 8;
    %jmp/0 T_3.24, 8;
    %pushi/vec4 1, 0, 4;
    %jmp/1 T_3.25, 8;
T_3.24 ; End of true expr.
    %pushi/vec4 0, 0, 4;
    %jmp/0 T_3.25, 8;
 ; End of false expr.
    %blend;
T_3.25;
    %store/vec4 v00000165da0fe1b0_0, 0, 4;
    %jmp T_3.23;
T_3.17 ;
    %pushi/vec4 2, 0, 4;
    %store/vec4 v00000165da0fe1b0_0, 0, 4;
    %jmp T_3.23;
T_3.18 ;
    %pushi/vec4 3, 0, 4;
    %store/vec4 v00000165da0fe1b0_0, 0, 4;
    %jmp T_3.23;
T_3.19 ;
    %pushi/vec4 4, 0, 4;
    %store/vec4 v00000165da0fe1b0_0, 0, 4;
    %jmp T_3.23;
T_3.20 ;
    %pushi/vec4 8, 0, 4;
    %store/vec4 v00000165da0fe1b0_0, 0, 4;
    %jmp T_3.23;
T_3.21 ;
    %load/vec4 v00000165da0e5910_0;
    %parti/s 1, 5, 4;
    %flag_set/vec4 8;
    %jmp/0 T_3.26, 8;
    %pushi/vec4 7, 0, 4;
    %jmp/1 T_3.27, 8;
T_3.26 ; End of true expr.
    %pushi/vec4 9, 0, 4;
    %jmp/0 T_3.27, 8;
 ; End of false expr.
    %blend;
T_3.27;
    %store/vec4 v00000165da0fe1b0_0, 0, 4;
    %jmp T_3.23;
T_3.23 ;
    %pop/vec4 1;
    %jmp T_3.15;
T_3.8 ;
    %pushi/vec4 1, 0, 2;
    %store/vec4 v00000165da0e5550_0, 0, 2;
    %load/vec4 v00000165da0e6090_0;
    %dup/vec4;
    %pushi/vec4 0, 0, 3;
    %cmp/u;
    %jmp/1 T_3.28, 6;
    %dup/vec4;
    %pushi/vec4 6, 0, 3;
    %cmp/u;
    %jmp/1 T_3.29, 6;
    %pushi/vec4 0, 0, 4;
    %store/vec4 v00000165da0fe1b0_0, 0, 4;
    %jmp T_3.31;
T_3.28 ;
    %pushi/vec4 0, 0, 4;
    %store/vec4 v00000165da0fe1b0_0, 0, 4;
    %jmp T_3.31;
T_3.29 ;
    %pushi/vec4 3, 0, 4;
    %store/vec4 v00000165da0fe1b0_0, 0, 4;
    %pushi/vec4 0, 0, 1;
    %store/vec4 v00000165da0e5f50_0, 0, 1;
    %jmp T_3.31;
T_3.31 ;
    %pop/vec4 1;
    %jmp T_3.15;
T_3.9 ;
    %pushi/vec4 1, 0, 2;
    %store/vec4 v00000165da0e5550_0, 0, 2;
    %pushi/vec4 0, 0, 4;
    %store/vec4 v00000165da0fe1b0_0, 0, 4;
    %jmp T_3.15;
T_3.10 ;
    %pushi/vec4 1, 0, 2;
    %store/vec4 v00000165da0e5550_0, 0, 2;
    %pushi/vec4 0, 0, 4;
    %store/vec4 v00000165da0fe1b0_0, 0, 4;
    %jmp T_3.15;
T_3.11 ;
    %pushi/vec4 0, 0, 2;
    %store/vec4 v00000165da0e5550_0, 0, 2;
    %pushi/vec4 10, 0, 4;
    %store/vec4 v00000165da0fe1b0_0, 0, 4;
    %load/vec4 v00000165da0e6090_0;
    %dup/vec4;
    %pushi/vec4 0, 0, 3;
    %cmp/u;
    %jmp/1 T_3.32, 6;
    %dup/vec4;
    %pushi/vec4 1, 0, 3;
    %cmp/u;
    %jmp/1 T_3.33, 6;
    %pushi/vec4 0, 0, 2;
    %store/vec4 v00000165da130d30_0, 0, 2;
    %jmp T_3.35;
T_3.32 ;
    %load/vec4 v00000165da12f070_0;
    %flag_set/vec4 8;
    %jmp/0 T_3.36, 8;
    %pushi/vec4 1, 0, 2;
    %jmp/1 T_3.37, 8;
T_3.36 ; End of true expr.
    %pushi/vec4 0, 0, 2;
    %jmp/0 T_3.37, 8;
 ; End of false expr.
    %blend;
T_3.37;
    %store/vec4 v00000165da130d30_0, 0, 2;
    %jmp T_3.35;
T_3.33 ;
    %load/vec4 v00000165da12f070_0;
    %inv;
    %flag_set/vec4 8;
    %jmp/0 T_3.38, 8;
    %pushi/vec4 1, 0, 2;
    %jmp/1 T_3.39, 8;
T_3.38 ; End of true expr.
    %pushi/vec4 0, 0, 2;
    %jmp/0 T_3.39, 8;
 ; End of false expr.
    %blend;
T_3.39;
    %store/vec4 v00000165da130d30_0, 0, 2;
    %jmp T_3.35;
T_3.35 ;
    %pop/vec4 1;
    %pushi/vec4 1, 0, 1;
    %store/vec4 v00000165da12f750_0, 0, 1;
    %jmp T_3.15;
T_3.12 ;
    %jmp T_3.15;
T_3.13 ;
    %pushi/vec4 1, 0, 1;
    %store/vec4 v00000165da0e5f50_0, 0, 1;
    %pushi/vec4 1, 0, 2;
    %store/vec4 v00000165da0e5550_0, 0, 2;
    %pushi/vec4 0, 0, 4;
    %store/vec4 v00000165da0fe1b0_0, 0, 4;
    %jmp T_3.15;
T_3.15 ;
    %pop/vec4 1;
    %jmp T_3.6;
T_3.3 ;
    %load/vec4 v00000165da12fed0_0;
    %dup/vec4;
    %pushi/vec4 3, 0, 7;
    %cmp/u;
    %jmp/1 T_3.40, 6;
    %dup/vec4;
    %pushi/vec4 35, 0, 7;
    %cmp/u;
    %jmp/1 T_3.41, 6;
    %jmp T_3.43;
T_3.40 ;
    %pushi/vec4 0, 0, 1;
    %store/vec4 v00000165da0e5ff0_0, 0, 1;
    %jmp T_3.43;
T_3.41 ;
    %pushi/vec4 1, 0, 1;
    %store/vec4 v00000165da0e5ff0_0, 0, 1;
    %pushi/vec4 0, 0, 2;
    %store/vec4 v00000165da130d30_0, 0, 2;
    %pushi/vec4 1, 0, 1;
    %store/vec4 v00000165da12f750_0, 0, 1;
    %jmp T_3.43;
T_3.43 ;
    %pop/vec4 1;
    %jmp T_3.6;
T_3.4 ;
    %pushi/vec4 1, 0, 1;
    %store/vec4 v00000165da12f750_0, 0, 1;
    %load/vec4 v00000165da12fed0_0;
    %dup/vec4;
    %pushi/vec4 51, 0, 7;
    %cmp/u;
    %jmp/1 T_3.44, 6;
    %dup/vec4;
    %pushi/vec4 19, 0, 7;
    %cmp/u;
    %jmp/1 T_3.45, 6;
    %dup/vec4;
    %pushi/vec4 3, 0, 7;
    %cmp/u;
    %jmp/1 T_3.46, 6;
    %dup/vec4;
    %pushi/vec4 111, 0, 7;
    %cmp/u;
    %jmp/1 T_3.47, 6;
    %dup/vec4;
    %pushi/vec4 103, 0, 7;
    %cmp/u;
    %jmp/1 T_3.48, 6;
    %pushi/vec4 0, 0, 2;
    %store/vec4 v00000165da130d30_0, 0, 2;
    %jmp T_3.50;
T_3.44 ;
    %pushi/vec4 1, 0, 1;
    %store/vec4 v00000165da12f7f0_0, 0, 1;
    %pushi/vec4 0, 0, 2;
    %store/vec4 v00000165da130bf0_0, 0, 2;
    %pushi/vec4 0, 0, 2;
    %store/vec4 v00000165da130d30_0, 0, 2;
    %jmp T_3.50;
T_3.45 ;
    %pushi/vec4 1, 0, 1;
    %store/vec4 v00000165da12f7f0_0, 0, 1;
    %pushi/vec4 0, 0, 2;
    %store/vec4 v00000165da130bf0_0, 0, 2;
    %pushi/vec4 0, 0, 2;
    %store/vec4 v00000165da130d30_0, 0, 2;
    %load/vec4 v00000165da0e6090_0;
    %dup/vec4;
    %pushi/vec4 6, 0, 3;
    %cmp/u;
    %jmp/1 T_3.51, 6;
    %jmp T_3.53;
T_3.51 ;
    %pushi/vec4 0, 0, 1;
    %store/vec4 v00000165da0e5f50_0, 0, 1;
    %jmp T_3.53;
T_3.53 ;
    %pop/vec4 1;
    %jmp T_3.50;
T_3.46 ;
    %pushi/vec4 1, 0, 1;
    %store/vec4 v00000165da12f7f0_0, 0, 1;
    %pushi/vec4 1, 0, 2;
    %store/vec4 v00000165da130bf0_0, 0, 2;
    %pushi/vec4 0, 0, 2;
    %store/vec4 v00000165da130d30_0, 0, 2;
    %jmp T_3.50;
T_3.47 ;
    %pushi/vec4 1, 0, 1;
    %store/vec4 v00000165da12f7f0_0, 0, 1;
    %pushi/vec4 0, 0, 2;
    %store/vec4 v00000165da1308d0_0, 0, 2;
    %pushi/vec4 2, 0, 2;
    %store/vec4 v00000165da130bf0_0, 0, 2;
    %pushi/vec4 3, 0, 2;
    %store/vec4 v00000165da130d30_0, 0, 2;
    %jmp T_3.50;
T_3.48 ;
    %pushi/vec4 1, 0, 1;
    %store/vec4 v00000165da12f7f0_0, 0, 1;
    %pushi/vec4 0, 0, 2;
    %store/vec4 v00000165da1308d0_0, 0, 2;
    %pushi/vec4 2, 0, 2;
    %store/vec4 v00000165da130bf0_0, 0, 2;
    %pushi/vec4 2, 0, 2;
    %store/vec4 v00000165da130d30_0, 0, 2;
    %jmp T_3.50;
T_3.50 ;
    %pop/vec4 1;
    %jmp T_3.6;
T_3.6 ;
    %pop/vec4 1;
    %jmp T_3;
    .thread T_3, $push;
    .scope S_00000165da0ba8b0;
T_4 ;
    %wait E_00000165da107030;
    %load/vec4 v00000165da132660_0;
    %flag_set/vec4 8;
    %jmp/0xz  T_4.0, 8;
    %pushi/vec4 8192, 0, 32;
    %assign/vec4 v00000165da130fe0_0, 0;
    %jmp T_4.1;
T_4.0 ;
    %load/vec4 v00000165da1316c0_0;
    %flag_set/vec4 8;
    %jmp/0xz  T_4.2, 8;
    %load/vec4 v00000165da131940_0;
    %assign/vec4 v00000165da130fe0_0, 0;
T_4.2 ;
T_4.1 ;
    %jmp T_4;
    .thread T_4;
    .scope S_00000165da0c3a00;
T_5 ;
    %wait E_00000165da106f30;
    %load/vec4 v00000165da1323e0_0;
    %dup/vec4;
    %pushi/vec4 0, 0, 2;
    %cmp/u;
    %jmp/1 T_5.0, 6;
    %dup/vec4;
    %pushi/vec4 1, 0, 2;
    %cmp/u;
    %jmp/1 T_5.1, 6;
    %dup/vec4;
    %pushi/vec4 2, 0, 2;
    %cmp/u;
    %jmp/1 T_5.2, 6;
    %dup/vec4;
    %pushi/vec4 3, 0, 2;
    %cmp/u;
    %jmp/1 T_5.3, 6;
    %load/vec4 v00000165da132e80_0;
    %addi 4, 0, 32;
    %store/vec4 v00000165da131260_0, 0, 32;
    %jmp T_5.5;
T_5.0 ;
    %load/vec4 v00000165da132e80_0;
    %addi 4, 0, 32;
    %store/vec4 v00000165da131260_0, 0, 32;
    %jmp T_5.5;
T_5.1 ;
    %pushi/vec4 0, 0, 1;
    %load/vec4 v00000165da132e80_0;
    %concat/vec4; draw_concat_vec4
    %load/vec4 v00000165da132d40_0;
    %pad/s 33;
    %add;
    %pad/s 32;
    %store/vec4 v00000165da131260_0, 0, 32;
    %jmp T_5.5;
T_5.2 ;
    %load/vec4 v00000165da131f80_0;
    %store/vec4 v00000165da131260_0, 0, 32;
    %jmp T_5.5;
T_5.3 ;
    %pushi/vec4 0, 0, 1;
    %load/vec4 v00000165da132e80_0;
    %concat/vec4; draw_concat_vec4
    %load/vec4 v00000165da1328e0_0;
    %pad/s 33;
    %add;
    %pad/s 32;
    %store/vec4 v00000165da131260_0, 0, 32;
    %jmp T_5.5;
T_5.5 ;
    %pop/vec4 1;
    %load/vec4 v00000165da132e80_0;
    %addi 4, 0, 32;
    %store/vec4 v00000165da1327a0_0, 0, 32;
    %jmp T_5;
    .thread T_5, $push;
    .scope S_00000165da0c76a0;
T_6 ;
    %wait E_00000165da106f70;
    %load/vec4 v00000165da130970_0;
    %flag_set/vec4 8;
    %jmp/0xz  T_6.0, 8;
    %load/vec4 v00000165da130c90_0;
    %assign/vec4 v00000165da1300b0_0, 0;
T_6.0 ;
    %jmp T_6;
    .thread T_6;
    .scope S_00000165da1334a0;
T_7 ;
    %wait E_00000165da106f70;
    %pushi/vec4 0, 0, 32;
    %ix/load 3, 0, 0;
    %flag_set/imm 4, 0;
    %ix/load 4, 0, 0; Constant delay
    %assign/vec4/a/d v00000165da132b60, 0, 4;
    %load/vec4 v00000165da131120_0;
    %pad/u 32;
    %cmpi/ne 0, 0, 32;
    %flag_get/vec4 4;
    %jmp/0 T_7.2, 4;
    %load/vec4 v00000165da131080_0;
    %pad/u 32;
    %pushi/vec4 1, 0, 32;
    %cmp/e;
    %flag_get/vec4 4;
    %and;
T_7.2;
    %flag_set/vec4 8;
    %jmp/0xz  T_7.0, 8;
    %load/vec4 v00000165da132980_0;
    %load/vec4 v00000165da131120_0;
    %pad/u 7;
    %ix/vec4 3;
    %ix/load 4, 0, 0; Constant delay
    %assign/vec4/a/d v00000165da132b60, 0, 4;
    %vpi_call/w 17 26 "$display", "R[00-07]=%8X %8X %8X %8X %8X %8X %8X %8X", 32'sb00000000000000000000000000000000, &A<v00000165da132b60, 1>, &A<v00000165da132b60, 2>, &A<v00000165da132b60, 3>, &A<v00000165da132b60, 4>, &A<v00000165da132b60, 5>, &A<v00000165da132b60, 6>, &A<v00000165da132b60, 7> {0 0 0};
    %vpi_call/w 17 27 "$display", "R[08-15]=%8X %8X %8X %8X %8X %8X %8X %8X", &A<v00000165da132b60, 8>, &A<v00000165da132b60, 9>, &A<v00000165da132b60, 10>, &A<v00000165da132b60, 11>, &A<v00000165da132b60, 12>, &A<v00000165da132b60, 13>, &A<v00000165da132b60, 14>, &A<v00000165da132b60, 15> {0 0 0};
    %vpi_call/w 17 28 "$display", "R[16-23]=%8X %8X %8X %8X %8X %8X %8X %8X", &A<v00000165da132b60, 16>, &A<v00000165da132b60, 17>, &A<v00000165da132b60, 18>, &A<v00000165da132b60, 19>, &A<v00000165da132b60, 20>, &A<v00000165da132b60, 21>, &A<v00000165da132b60, 22>, &A<v00000165da132b60, 23> {0 0 0};
    %vpi_call/w 17 29 "$display", "R[24-31]=%8X %8X %8X %8X %8X %8X %8X %8X", &A<v00000165da132b60, 24>, &A<v00000165da132b60, 25>, &A<v00000165da132b60, 26>, &A<v00000165da132b60, 27>, &A<v00000165da132b60, 28>, &A<v00000165da132b60, 29>, &A<v00000165da132b60, 30>, &A<v00000165da132b60, 31> {0 0 0};
T_7.0 ;
    %jmp T_7;
    .thread T_7;
    .scope S_00000165da0c71a0;
T_8 ;
    %wait E_00000165da106bf0;
    %load/vec4 v00000165da12fb10_0;
    %dup/vec4;
    %pushi/vec4 0, 0, 2;
    %cmp/u;
    %jmp/1 T_8.0, 6;
    %dup/vec4;
    %pushi/vec4 1, 0, 2;
    %cmp/u;
    %jmp/1 T_8.1, 6;
    %dup/vec4;
    %pushi/vec4 2, 0, 2;
    %cmp/u;
    %jmp/1 T_8.2, 6;
    %dup/vec4;
    %pushi/vec4 3, 0, 2;
    %cmp/u;
    %jmp/1 T_8.3, 6;
    %pushi/vec4 0, 0, 5;
    %store/vec4 v00000165da130290_0, 0, 5;
    %jmp T_8.5;
T_8.0 ;
    %load/vec4 v00000165da12fe30_0;
    %store/vec4 v00000165da130290_0, 0, 5;
    %jmp T_8.5;
T_8.1 ;
    %load/vec4 v00000165da12f430_0;
    %store/vec4 v00000165da130290_0, 0, 5;
    %jmp T_8.5;
T_8.2 ;
    %load/vec4 v00000165da1301f0_0;
    %store/vec4 v00000165da130290_0, 0, 5;
    %jmp T_8.5;
T_8.3 ;
    %pushi/vec4 0, 0, 5;
    %store/vec4 v00000165da130290_0, 0, 5;
    %jmp T_8.5;
T_8.5 ;
    %pop/vec4 1;
    %jmp T_8;
    .thread T_8, $push;
    .scope S_00000165da0c3870;
T_9 ;
    %wait E_00000165da1079b0;
    %load/vec4 v00000165da132c00_0;
    %dup/vec4;
    %pushi/vec4 0, 0, 2;
    %cmp/u;
    %jmp/1 T_9.0, 6;
    %dup/vec4;
    %pushi/vec4 1, 0, 2;
    %cmp/u;
    %jmp/1 T_9.1, 6;
    %dup/vec4;
    %pushi/vec4 2, 0, 2;
    %cmp/u;
    %jmp/1 T_9.2, 6;
    %dup/vec4;
    %pushi/vec4 3, 0, 2;
    %cmp/u;
    %jmp/1 T_9.3, 6;
    %pushi/vec4 0, 0, 32;
    %store/vec4 v00000165da132de0_0, 0, 32;
    %jmp T_9.5;
T_9.0 ;
    %load/vec4 v00000165da12f6b0_0;
    %store/vec4 v00000165da132de0_0, 0, 32;
    %jmp T_9.5;
T_9.1 ;
    %load/vec4 v00000165da12f930_0;
    %store/vec4 v00000165da132de0_0, 0, 32;
    %jmp T_9.5;
T_9.2 ;
    %load/vec4 v00000165da0fe110_0;
    %concati/vec4 0, 0, 2;
    %store/vec4 v00000165da132de0_0, 0, 32;
    %jmp T_9.5;
T_9.3 ;
    %pushi/vec4 0, 0, 32;
    %store/vec4 v00000165da132de0_0, 0, 32;
    %jmp T_9.5;
T_9.5 ;
    %pop/vec4 1;
    %jmp T_9;
    .thread T_9, $push;
    .scope S_00000165da0badb0;
T_10 ;
    %wait E_00000165da107030;
    %load/vec4 v00000165da0fdd50_0;
    %flag_set/vec4 8;
    %jmp/0xz  T_10.0, 8;
    %pushi/vec4 0, 0, 32;
    %assign/vec4 v00000165da0fee30_0, 0;
    %jmp T_10.1;
T_10.0 ;
    %load/vec4 v00000165da0fe6b0_0;
    %assign/vec4 v00000165da0fee30_0, 0;
T_10.1 ;
    %jmp T_10;
    .thread T_10;
    .scope S_00000165da0aea70;
T_11 ;
    %wait E_00000165da107030;
    %load/vec4 v00000165da0fdfd0_0;
    %flag_set/vec4 8;
    %jmp/0xz  T_11.0, 8;
    %pushi/vec4 0, 0, 32;
    %assign/vec4 v00000165da0fdf30_0, 0;
    %jmp T_11.1;
T_11.0 ;
    %load/vec4 v00000165da0fe930_0;
    %assign/vec4 v00000165da0fdf30_0, 0;
T_11.1 ;
    %jmp T_11;
    .thread T_11;
    .scope S_00000165da0cebd0;
T_12 ;
    %wait E_00000165da106fb0;
    %load/vec4 v00000165da130dd0_0;
    %dup/vec4;
    %pushi/vec4 0, 0, 1;
    %cmp/u;
    %jmp/1 T_12.0, 6;
    %dup/vec4;
    %pushi/vec4 1, 0, 1;
    %cmp/u;
    %jmp/1 T_12.1, 6;
    %pushi/vec4 0, 0, 32;
    %store/vec4 v00000165da1306f0_0, 0, 32;
    %jmp T_12.3;
T_12.0 ;
    %pushi/vec4 0, 0, 20;
    %load/vec4 v00000165da130150_0;
    %concat/vec4; draw_concat_vec4
    %store/vec4 v00000165da1306f0_0, 0, 32;
    %jmp T_12.3;
T_12.1 ;
    %load/vec4 v00000165da130150_0;
    %parti/s 1, 11, 5;
    %flag_set/vec4 8;
    %jmp/0 T_12.4, 8;
    %pushi/vec4 1048575, 0, 20;
    %jmp/1 T_12.5, 8;
T_12.4 ; End of true expr.
    %pushi/vec4 0, 0, 20;
    %jmp/0 T_12.5, 8;
 ; End of false expr.
    %blend;
T_12.5;
    %load/vec4 v00000165da130150_0;
    %concat/vec4; draw_concat_vec4
    %store/vec4 v00000165da1306f0_0, 0, 32;
    %jmp T_12.3;
T_12.3 ;
    %pop/vec4 1;
    %jmp T_12;
    .thread T_12, $push;
    .scope S_00000165da0c7330;
T_13 ;
    %wait E_00000165da1077f0;
    %load/vec4 v00000165da12f610_0;
    %dup/vec4;
    %pushi/vec4 0, 0, 2;
    %cmp/u;
    %jmp/1 T_13.0, 6;
    %dup/vec4;
    %pushi/vec4 1, 0, 2;
    %cmp/u;
    %jmp/1 T_13.1, 6;
    %dup/vec4;
    %pushi/vec4 2, 0, 2;
    %cmp/u;
    %jmp/1 T_13.2, 6;
    %dup/vec4;
    %pushi/vec4 3, 0, 2;
    %cmp/u;
    %jmp/1 T_13.3, 6;
    %load/vec4 v00000165da130330_0;
    %store/vec4 v00000165da12fd90_0, 0, 32;
    %jmp T_13.5;
T_13.0 ;
    %load/vec4 v00000165da130330_0;
    %store/vec4 v00000165da12fd90_0, 0, 32;
    %jmp T_13.5;
T_13.1 ;
    %load/vec4 v00000165da12f4d0_0;
    %store/vec4 v00000165da12fd90_0, 0, 32;
    %jmp T_13.5;
T_13.2 ;
    %load/vec4 v00000165da12fc50_0;
    %pad/s 32;
    %store/vec4 v00000165da12fd90_0, 0, 32;
    %jmp T_13.5;
T_13.3 ;
    %load/vec4 v00000165da130330_0;
    %store/vec4 v00000165da12fd90_0, 0, 32;
    %jmp T_13.5;
T_13.5 ;
    %pop/vec4 1;
    %jmp T_13;
    .thread T_13, $push;
    .scope S_00000165da0baf40;
T_14 ;
    %wait E_00000165da106d30;
    %load/vec4 v00000165da0ff6f0_0;
    %dup/vec4;
    %pushi/vec4 0, 0, 4;
    %cmp/u;
    %jmp/1 T_14.0, 6;
    %dup/vec4;
    %pushi/vec4 1, 0, 4;
    %cmp/u;
    %jmp/1 T_14.1, 6;
    %dup/vec4;
    %pushi/vec4 2, 0, 4;
    %cmp/u;
    %jmp/1 T_14.2, 6;
    %dup/vec4;
    %pushi/vec4 3, 0, 4;
    %cmp/u;
    %jmp/1 T_14.3, 6;
    %dup/vec4;
    %pushi/vec4 4, 0, 4;
    %cmp/u;
    %jmp/1 T_14.4, 6;
    %dup/vec4;
    %pushi/vec4 8, 0, 4;
    %cmp/u;
    %jmp/1 T_14.5, 6;
    %dup/vec4;
    %pushi/vec4 9, 0, 4;
    %cmp/u;
    %jmp/1 T_14.6, 6;
    %dup/vec4;
    %pushi/vec4 7, 0, 4;
    %cmp/u;
    %jmp/1 T_14.7, 6;
    %dup/vec4;
    %pushi/vec4 10, 0, 4;
    %cmp/u;
    %jmp/1 T_14.8, 6;
    %pushi/vec4 0, 0, 32;
    %store/vec4 v00000165da0fe610_0, 0, 32;
    %jmp T_14.10;
T_14.0 ;
    %load/vec4 v00000165da0ff290_0;
    %load/vec4 v00000165da0ff330_0;
    %add;
    %store/vec4 v00000165da0fe610_0, 0, 32;
    %jmp T_14.10;
T_14.1 ;
    %load/vec4 v00000165da0ff290_0;
    %load/vec4 v00000165da0ff330_0;
    %sub;
    %store/vec4 v00000165da0fe610_0, 0, 32;
    %jmp T_14.10;
T_14.2 ;
    %load/vec4 v00000165da0ff290_0;
    %load/vec4 v00000165da0ff330_0;
    %and;
    %store/vec4 v00000165da0fe610_0, 0, 32;
    %jmp T_14.10;
T_14.3 ;
    %load/vec4 v00000165da0ff290_0;
    %load/vec4 v00000165da0ff330_0;
    %or;
    %store/vec4 v00000165da0fe610_0, 0, 32;
    %jmp T_14.10;
T_14.4 ;
    %load/vec4 v00000165da0ff290_0;
    %load/vec4 v00000165da0ff330_0;
    %xor;
    %store/vec4 v00000165da0fe610_0, 0, 32;
    %jmp T_14.10;
T_14.5 ;
    %load/vec4 v00000165da0ff290_0;
    %ix/getv 4, v00000165da0feed0_0;
    %shiftl 4;
    %store/vec4 v00000165da0fe610_0, 0, 32;
    %jmp T_14.10;
T_14.6 ;
    %load/vec4 v00000165da0ff290_0;
    %ix/getv 4, v00000165da0feed0_0;
    %shiftr 4;
    %store/vec4 v00000165da0fe610_0, 0, 32;
    %jmp T_14.10;
T_14.7 ;
    %load/vec4 v00000165da0ff290_0;
    %ix/getv 4, v00000165da0feed0_0;
    %shiftr/s 4;
    %store/vec4 v00000165da0fe610_0, 0, 32;
    %jmp T_14.10;
T_14.8 ;
    %load/vec4 v00000165da0ff290_0;
    %load/vec4 v00000165da0ff330_0;
    %sub;
    %store/vec4 v00000165da0fe610_0, 0, 32;
    %jmp T_14.10;
T_14.10 ;
    %pop/vec4 1;
    %jmp T_14;
    .thread T_14, $push;
    .scope S_00000165da0ae8e0;
T_15 ;
    %wait E_00000165da107030;
    %load/vec4 v00000165da0ff970_0;
    %flag_set/vec4 8;
    %jmp/0xz  T_15.0, 8;
    %pushi/vec4 0, 0, 32;
    %assign/vec4 v00000165da0ff8d0_0, 0;
    %jmp T_15.1;
T_15.0 ;
    %load/vec4 v00000165da0ff650_0;
    %assign/vec4 v00000165da0ff8d0_0, 0;
T_15.1 ;
    %jmp T_15;
    .thread T_15;
    .scope S_00000165da0aef70;
T_16 ;
    %wait E_00000165da106f70;
    %load/vec4 v00000165da130510_0;
    %flag_set/vec4 8;
    %jmp/0xz  T_16.0, 8;
    %load/vec4 v00000165da12f110_0;
    %load/vec4 v00000165da12f9d0_0;
    %pad/u 12;
    %ix/vec4 3;
    %ix/load 4, 0, 0; Constant delay
    %assign/vec4/a/d v00000165da12fcf0, 0, 4;
    %jmp T_16.1;
T_16.0 ;
    %load/vec4 v00000165da12f9d0_0;
    %pad/u 12;
    %ix/vec4 4;
    %load/vec4a v00000165da12fcf0, 4;
    %assign/vec4 v00000165da130ab0_0, 0;
T_16.1 ;
    %jmp T_16;
    .thread T_16;
# The file index is used to find the file name in the following table.
:file_names 18;
    "N/A";
    "<interactive>";
    "-";
    "riscv.v";
    "Flopr.v";
    "ALU.v";
    "ControlUnit.v";
    "DM.v";
    "EXT.v";
    "IM.v";
    "IR.v";
    "MUX_2to1_A.v";
    "MUX_3to1.v";
    "MUX_3to1_B.v";
    "MUX_3to1_LMD.v";
    "NPC.v";
    "PC.v";
    "RF.v";
