
*** Running vivado
    with args -log CPU_Top.vds -m64 -product Vivado -mode batch -messageDb vivado.pb -notrace -source CPU_Top.tcl


****** Vivado v2019.1 (64-bit)
  **** SW Build 2552052 on Fri May 24 14:49:42 MDT 2019
  **** IP Build 2548770 on Fri May 24 18:01:18 MDT 2019
    ** Copyright 1986-2019 Xilinx, Inc. All Rights Reserved.

source CPU_Top.tcl -notrace
Command: synth_design -top CPU_Top -part xc7k325tffg676-2
Starting synth_design
Attempting to get a license for feature 'Synthesis' and/or device 'xc7k325t'
INFO: [Common 17-349] Got license for feature 'Synthesis' and/or device 'xc7k325t'
INFO: [Device 21-403] Loading part xc7k325tffg676-2
INFO: Launching helper process for spawning children vivado processes
INFO: Helper process launched with PID 12516 
---------------------------------------------------------------------------------
Starting RTL Elaboration : Time (s): cpu = 00:00:04 ; elapsed = 00:00:05 . Memory (MB): peak = 853.426 ; gain = 178.492
---------------------------------------------------------------------------------
INFO: [Synth 8-6157] synthesizing module 'CPU_Top' [G:/verilog project/CPU_Top/CPU_Top/CPU_Top.srcs/sources_1/imports/CPU_Top/CPU_Top.v:1]
INFO: [Synth 8-5534] Detected attribute (* mark_debug = "true" *) [G:/verilog project/CPU_Top/CPU_Top/CPU_Top.srcs/sources_1/imports/CPU_Top/CPU_Top.v:45]
INFO: [Synth 8-5534] Detected attribute (* mark_debug = "true" *) [G:/verilog project/CPU_Top/CPU_Top/CPU_Top.srcs/sources_1/imports/CPU_Top/CPU_Top.v:58]
INFO: [Synth 8-5534] Detected attribute (* mark_debug = "true" *) [G:/verilog project/CPU_Top/CPU_Top/CPU_Top.srcs/sources_1/imports/CPU_Top/CPU_Top.v:59]
INFO: [Synth 8-5534] Detected attribute (* mark_debug = "true" *) [G:/verilog project/CPU_Top/CPU_Top/CPU_Top.srcs/sources_1/imports/CPU_Top/CPU_Top.v:60]
INFO: [Synth 8-6157] synthesizing module 'cpuLSX' [G:/verilog project/CPU_Top/CPU_Top/CPU_Top.srcs/sources_1/imports/CPU_Top/cpuLSX.v:1]
INFO: [Synth 8-6157] synthesizing module 'PC' [G:/verilog project/CPU_Top/CPU_Top/CPU_Top.srcs/sources_1/imports/CPU_Top/PC.v:1]
INFO: [Synth 8-226] default block is never used [G:/verilog project/CPU_Top/CPU_Top/CPU_Top.srcs/sources_1/imports/CPU_Top/PC.v:13]
INFO: [Synth 8-6155] done synthesizing module 'PC' (1#1) [G:/verilog project/CPU_Top/CPU_Top/CPU_Top.srcs/sources_1/imports/CPU_Top/PC.v:1]
INFO: [Synth 8-6157] synthesizing module 'mux' [G:/verilog project/CPU_Top/CPU_Top/CPU_Top.srcs/sources_1/imports/CPU_Top/mux.v:1]
INFO: [Synth 8-226] default block is never used [G:/verilog project/CPU_Top/CPU_Top/CPU_Top.srcs/sources_1/imports/CPU_Top/mux.v:12]
INFO: [Synth 8-6155] done synthesizing module 'mux' (2#1) [G:/verilog project/CPU_Top/CPU_Top/CPU_Top.srcs/sources_1/imports/CPU_Top/mux.v:1]
INFO: [Synth 8-6157] synthesizing module 'IFIDReg' [G:/verilog project/CPU_Top/CPU_Top/CPU_Top.srcs/sources_1/imports/CPU_Top/IFIDReg.v:23]
INFO: [Synth 8-6155] done synthesizing module 'IFIDReg' (3#1) [G:/verilog project/CPU_Top/CPU_Top/CPU_Top.srcs/sources_1/imports/CPU_Top/IFIDReg.v:23]
INFO: [Synth 8-6157] synthesizing module 'Ram_Reg32' [G:/verilog project/CPU_Top/CPU_Top/CPU_Top.srcs/sources_1/imports/CPU_Top/ram_res.v:1]
	Parameter width bound to: 31 - type: integer 
INFO: [Synth 8-6155] done synthesizing module 'Ram_Reg32' (4#1) [G:/verilog project/CPU_Top/CPU_Top/CPU_Top.srcs/sources_1/imports/CPU_Top/ram_res.v:1]
INFO: [Synth 8-6157] synthesizing module 'immGen' [G:/verilog project/CPU_Top/CPU_Top/CPU_Top.srcs/sources_1/imports/CPU_Top/immGen.v:1]
INFO: [Synth 8-6155] done synthesizing module 'immGen' (5#1) [G:/verilog project/CPU_Top/CPU_Top/CPU_Top.srcs/sources_1/imports/CPU_Top/immGen.v:1]
INFO: [Synth 8-6157] synthesizing module 'IDEXReg' [G:/verilog project/CPU_Top/CPU_Top/CPU_Top.srcs/sources_1/imports/CPU_Top/IDEXReg.v:23]
INFO: [Synth 8-6155] done synthesizing module 'IDEXReg' (6#1) [G:/verilog project/CPU_Top/CPU_Top/CPU_Top.srcs/sources_1/imports/CPU_Top/IDEXReg.v:23]
INFO: [Synth 8-6157] synthesizing module 'Control' [G:/verilog project/CPU_Top/CPU_Top/CPU_Top.srcs/sources_1/imports/CPU_Top/Control.v:3]
INFO: [Synth 8-6155] done synthesizing module 'Control' (7#1) [G:/verilog project/CPU_Top/CPU_Top/CPU_Top.srcs/sources_1/imports/CPU_Top/Control.v:3]
INFO: [Synth 8-6157] synthesizing module 'ALU' [G:/verilog project/CPU_Top/CPU_Top/CPU_Top.srcs/sources_1/imports/CPU_Top/ALU.v:1]
INFO: [Synth 8-226] default block is never used [G:/verilog project/CPU_Top/CPU_Top/CPU_Top.srcs/sources_1/imports/CPU_Top/ALU.v:232]
INFO: [Synth 8-226] default block is never used [G:/verilog project/CPU_Top/CPU_Top/CPU_Top.srcs/sources_1/imports/CPU_Top/ALU.v:270]
INFO: [Synth 8-6155] done synthesizing module 'ALU' (8#1) [G:/verilog project/CPU_Top/CPU_Top/CPU_Top.srcs/sources_1/imports/CPU_Top/ALU.v:1]
INFO: [Synth 8-6157] synthesizing module 'ALUCtrl' [G:/verilog project/CPU_Top/CPU_Top/CPU_Top.srcs/sources_1/imports/CPU_Top/ALUctrl.v:1]
INFO: [Synth 8-226] default block is never used [G:/verilog project/CPU_Top/CPU_Top/CPU_Top.srcs/sources_1/imports/CPU_Top/ALUctrl.v:38]
INFO: [Synth 8-226] default block is never used [G:/verilog project/CPU_Top/CPU_Top/CPU_Top.srcs/sources_1/imports/CPU_Top/ALUctrl.v:47]
INFO: [Synth 8-155] case statement is not full and has no default [G:/verilog project/CPU_Top/CPU_Top/CPU_Top.srcs/sources_1/imports/CPU_Top/ALUctrl.v:57]
INFO: [Synth 8-6155] done synthesizing module 'ALUCtrl' (9#1) [G:/verilog project/CPU_Top/CPU_Top/CPU_Top.srcs/sources_1/imports/CPU_Top/ALUctrl.v:1]
WARNING: [Synth 8-689] width (5) of port connection 'instruction' does not match port width (4) of module 'ALUCtrl' [G:/verilog project/CPU_Top/CPU_Top/CPU_Top.srcs/sources_1/imports/CPU_Top/cpuLSX.v:254]
INFO: [Synth 8-6157] synthesizing module 'add32' [G:/verilog project/CPU_Top/CPU_Top/CPU_Top.srcs/sources_1/imports/CPU_Top/add32.v:1]
INFO: [Synth 8-6155] done synthesizing module 'add32' (10#1) [G:/verilog project/CPU_Top/CPU_Top/CPU_Top.srcs/sources_1/imports/CPU_Top/add32.v:1]
INFO: [Synth 8-6157] synthesizing module 'shiftleft1' [G:/verilog project/CPU_Top/CPU_Top/CPU_Top.srcs/sources_1/imports/CPU_Top/shiftleft1.v:2]
INFO: [Synth 8-6155] done synthesizing module 'shiftleft1' (11#1) [G:/verilog project/CPU_Top/CPU_Top/CPU_Top.srcs/sources_1/imports/CPU_Top/shiftleft1.v:2]
INFO: [Synth 8-6157] synthesizing module 'ForwardingUnit' [G:/verilog project/CPU_Top/CPU_Top/CPU_Top.srcs/sources_1/imports/CPU_Top/ForwardingUnit.v:1]
INFO: [Synth 8-6155] done synthesizing module 'ForwardingUnit' (12#1) [G:/verilog project/CPU_Top/CPU_Top/CPU_Top.srcs/sources_1/imports/CPU_Top/ForwardingUnit.v:1]
INFO: [Synth 8-6157] synthesizing module 'HazardDetectionUnit' [G:/verilog project/CPU_Top/CPU_Top/CPU_Top.srcs/sources_1/imports/CPU_Top/HazardDetectionUnit.v:1]
INFO: [Synth 8-6155] done synthesizing module 'HazardDetectionUnit' (13#1) [G:/verilog project/CPU_Top/CPU_Top/CPU_Top.srcs/sources_1/imports/CPU_Top/HazardDetectionUnit.v:1]
INFO: [Synth 8-6157] synthesizing module 'EXMEMReg' [G:/verilog project/CPU_Top/CPU_Top/CPU_Top.srcs/sources_1/imports/CPU_Top/EXMEMReg.v:23]
INFO: [Synth 8-6155] done synthesizing module 'EXMEMReg' (14#1) [G:/verilog project/CPU_Top/CPU_Top/CPU_Top.srcs/sources_1/imports/CPU_Top/EXMEMReg.v:23]
INFO: [Synth 8-6157] synthesizing module 'Cache' [G:/verilog project/CPU_Top/CPU_Top/CPU_Top.srcs/sources_1/imports/CPU_Top/Cache.v:3]
	Parameter OffsetWide bound to: 2 - type: integer 
	Parameter DataWide bound to: 32 - type: integer 
	Parameter AddressWide bound to: 32 - type: integer 
	Parameter TagWide bound to: 28 - type: integer 
	Parameter SetWide bound to: 2 - type: integer 
	Parameter WayNum bound to: 2 - type: integer 
	Parameter WayWide bound to: 1 - type: integer 
	Parameter CountWide bound to: 8 - type: integer 
	Parameter CountMax bound to: 255 - type: integer 
	Parameter Setend bound to: 3 - type: integer 
	Parameter Tagend bound to: 4 - type: integer 
	Parameter Ready bound to: 1 - type: integer 
	Parameter UNReady bound to: 2 - type: integer 
	Parameter WriteBack bound to: 3 - type: integer 
	Parameter ReadData bound to: 4 - type: integer 
	Parameter RDdalay bound to: 5 - type: integer 
INFO: [Synth 8-6157] synthesizing module 'Cacheblock' [G:/verilog project/CPU_Top/CPU_Top/CPU_Top.srcs/sources_1/imports/CPU_Top/Cacheblock.v:3]
	Parameter OffsetWide bound to: 2 - type: integer 
	Parameter DataWide bound to: 32 - type: integer 
	Parameter AddressWide bound to: 32 - type: integer 
	Parameter TagWide bound to: 28 - type: integer 
INFO: [Synth 8-6155] done synthesizing module 'Cacheblock' (15#1) [G:/verilog project/CPU_Top/CPU_Top/CPU_Top.srcs/sources_1/imports/CPU_Top/Cacheblock.v:3]
INFO: [Synth 8-6157] synthesizing module 'Count' [G:/verilog project/CPU_Top/CPU_Top/CPU_Top.srcs/sources_1/imports/CPU_Top/Count.v:3]
	Parameter CountWide bound to: 8 - type: integer 
	Parameter CountMax bound to: 255 - type: integer 
INFO: [Synth 8-6155] done synthesizing module 'Count' (16#1) [G:/verilog project/CPU_Top/CPU_Top/CPU_Top.srcs/sources_1/imports/CPU_Top/Count.v:3]
INFO: [Synth 8-6155] done synthesizing module 'Cache' (17#1) [G:/verilog project/CPU_Top/CPU_Top/CPU_Top.srcs/sources_1/imports/CPU_Top/Cache.v:3]
INFO: [Synth 8-6157] synthesizing module 'MEMWBReg' [G:/verilog project/CPU_Top/CPU_Top/CPU_Top.srcs/sources_1/imports/CPU_Top/MEMWBReg.v:23]
INFO: [Synth 8-6155] done synthesizing module 'MEMWBReg' (18#1) [G:/verilog project/CPU_Top/CPU_Top/CPU_Top.srcs/sources_1/imports/CPU_Top/MEMWBReg.v:23]
WARNING: [Synth 8-3848] Net led in module/entity cpuLSX does not have driver. [G:/verilog project/CPU_Top/CPU_Top/CPU_Top.srcs/sources_1/imports/CPU_Top/cpuLSX.v:13]
INFO: [Synth 8-6155] done synthesizing module 'cpuLSX' (19#1) [G:/verilog project/CPU_Top/CPU_Top/CPU_Top.srcs/sources_1/imports/CPU_Top/cpuLSX.v:1]
WARNING: [Synth 8-7023] instance 'cpu' of module 'cpuLSX' has 12 connections declared, but only 11 given [G:/verilog project/CPU_Top/CPU_Top/CPU_Top.srcs/sources_1/imports/CPU_Top/CPU_Top.v:67]
INFO: [Synth 8-6157] synthesizing module 'ram_ins' [G:/verilog project/CPU_Top/CPU_Top/CPU_Top.srcs/sources_1/imports/CPU_Top/ram_ins.v:1]
	Parameter width bound to: 6 - type: integer 
INFO: [Synth 8-3876] $readmem data file 'G:/verilog project/CPU_Top/initial_InstructionMemory.txt' is read successfully [G:/verilog project/CPU_Top/CPU_Top/CPU_Top.srcs/sources_1/imports/CPU_Top/ram_ins.v:12]
INFO: [Synth 8-6155] done synthesizing module 'ram_ins' (20#1) [G:/verilog project/CPU_Top/CPU_Top/CPU_Top.srcs/sources_1/imports/CPU_Top/ram_ins.v:1]
INFO: [Synth 8-6157] synthesizing module 'ram_data' [G:/verilog project/CPU_Top/CPU_Top/CPU_Top.srcs/sources_1/imports/CPU_Top/ram_data.v:1]
INFO: [Synth 8-6155] done synthesizing module 'ram_data' (21#1) [G:/verilog project/CPU_Top/CPU_Top/CPU_Top.srcs/sources_1/imports/CPU_Top/ram_data.v:1]
INFO: [Synth 8-6157] synthesizing module 'seg_led' [G:/verilog project/CPU_Top/CPU_Top/CPU_Top.srcs/sources_1/imports/shumaguan/seg_led.v:9]
	Parameter CLK_DIVIDE bound to: 4'b1010 
	Parameter MAX_NUM bound to: 13'b1001110001000 
INFO: [Synth 8-6155] done synthesizing module 'seg_led' (22#1) [G:/verilog project/CPU_Top/CPU_Top/CPU_Top.srcs/sources_1/imports/shumaguan/seg_led.v:9]
INFO: [Synth 8-6071] Mark debug on the nets applies keep_hierarchy on instance 'cpu'. This will prevent further optimization [G:/verilog project/CPU_Top/CPU_Top/CPU_Top.srcs/sources_1/imports/CPU_Top/CPU_Top.v:67]
INFO: [Synth 8-6071] Mark debug on the nets applies keep_hierarchy on instance 'u_seg_led'. This will prevent further optimization [G:/verilog project/CPU_Top/CPU_Top/CPU_Top.srcs/sources_1/imports/CPU_Top/CPU_Top.v:118]
INFO: [Synth 8-6071] Mark debug on the nets applies keep_hierarchy on instance 'DataMemory'. This will prevent further optimization [G:/verilog project/CPU_Top/CPU_Top/CPU_Top.srcs/sources_1/imports/CPU_Top/CPU_Top.v:100]
WARNING: [Synth 8-3848] Net point in module/entity CPU_Top does not have driver. [G:/verilog project/CPU_Top/CPU_Top/CPU_Top.srcs/sources_1/imports/CPU_Top/CPU_Top.v:64]
WARNING: [Synth 8-3848] Net sign in module/entity CPU_Top does not have driver. [G:/verilog project/CPU_Top/CPU_Top/CPU_Top.srcs/sources_1/imports/CPU_Top/CPU_Top.v:65]
WARNING: [Synth 8-3848] Net Dataramout in module/entity CPU_Top does not have driver. [G:/verilog project/CPU_Top/CPU_Top/CPU_Top.srcs/sources_1/imports/CPU_Top/CPU_Top.v:51]
INFO: [Synth 8-6155] done synthesizing module 'CPU_Top' (23#1) [G:/verilog project/CPU_Top/CPU_Top/CPU_Top.srcs/sources_1/imports/CPU_Top/CPU_Top.v:1]
WARNING: [Synth 8-3331] design ram_data has unconnected port address[31]
WARNING: [Synth 8-3331] design ram_data has unconnected port address[30]
WARNING: [Synth 8-3331] design ram_data has unconnected port address[29]
WARNING: [Synth 8-3331] design ram_data has unconnected port address[28]
WARNING: [Synth 8-3331] design ram_data has unconnected port address[27]
WARNING: [Synth 8-3331] design ram_data has unconnected port address[26]
WARNING: [Synth 8-3331] design ram_data has unconnected port address[25]
WARNING: [Synth 8-3331] design ram_data has unconnected port address[24]
WARNING: [Synth 8-3331] design ram_data has unconnected port address[23]
WARNING: [Synth 8-3331] design ram_data has unconnected port address[22]
WARNING: [Synth 8-3331] design ram_data has unconnected port address[21]
WARNING: [Synth 8-3331] design ram_data has unconnected port address[20]
WARNING: [Synth 8-3331] design ram_data has unconnected port address[19]
WARNING: [Synth 8-3331] design ram_data has unconnected port address[18]
WARNING: [Synth 8-3331] design ram_data has unconnected port address[17]
WARNING: [Synth 8-3331] design ram_data has unconnected port address[16]
WARNING: [Synth 8-3331] design ram_data has unconnected port address[15]
WARNING: [Synth 8-3331] design ram_data has unconnected port address[14]
WARNING: [Synth 8-3331] design ram_data has unconnected port address[13]
WARNING: [Synth 8-3331] design ram_data has unconnected port address[12]
WARNING: [Synth 8-3331] design ram_data has unconnected port address[11]
WARNING: [Synth 8-3331] design ram_data has unconnected port address[10]
WARNING: [Synth 8-3331] design ram_data has unconnected port address[9]
WARNING: [Synth 8-3331] design ram_data has unconnected port address[8]
WARNING: [Synth 8-3331] design cpuLSX has unconnected port led[7]
WARNING: [Synth 8-3331] design cpuLSX has unconnected port led[6]
WARNING: [Synth 8-3331] design cpuLSX has unconnected port led[5]
WARNING: [Synth 8-3331] design cpuLSX has unconnected port led[4]
WARNING: [Synth 8-3331] design cpuLSX has unconnected port led[3]
WARNING: [Synth 8-3331] design cpuLSX has unconnected port led[2]
WARNING: [Synth 8-3331] design cpuLSX has unconnected port led[1]
WARNING: [Synth 8-3331] design cpuLSX has unconnected port led[0]
---------------------------------------------------------------------------------
Finished RTL Elaboration : Time (s): cpu = 00:00:06 ; elapsed = 00:00:06 . Memory (MB): peak = 917.938 ; gain = 243.004
---------------------------------------------------------------------------------

Report Check Netlist: 
+------+------------------+-------+---------+-------+------------------+
|      |Item              |Errors |Warnings |Status |Description       |
+------+------------------+-------+---------+-------+------------------+
|1     |multi_driven_nets |      0|        0|Passed |Multi driven nets |
+------+------------------+-------+---------+-------+------------------+
---------------------------------------------------------------------------------
Start Handling Custom Attributes
---------------------------------------------------------------------------------
---------------------------------------------------------------------------------
Finished Handling Custom Attributes : Time (s): cpu = 00:00:06 ; elapsed = 00:00:07 . Memory (MB): peak = 917.938 ; gain = 243.004
---------------------------------------------------------------------------------
---------------------------------------------------------------------------------
Finished RTL Optimization Phase 1 : Time (s): cpu = 00:00:06 ; elapsed = 00:00:07 . Memory (MB): peak = 917.938 ; gain = 243.004
---------------------------------------------------------------------------------
INFO: [Project 1-570] Preparing netlist for logic optimization

Processing XDC Constraints
Initializing timing engine
Parsing XDC File [G:/verilog project/CPU_Top/CPU_Top/CPU_Top.srcs/constrs_1/new/1111.xdc]
WARNING: [Vivado 12-507] No nets matched 'clk_50M_IBUF'. [G:/verilog project/CPU_Top/CPU_Top/CPU_Top.srcs/constrs_1/new/1111.xdc:33]
CRITICAL WARNING: [Common 17-55] 'set_property' expects at least one object. [G:/verilog project/CPU_Top/CPU_Top/CPU_Top.srcs/constrs_1/new/1111.xdc:33]
Resolution: If [get_<value>] was used to populate the object, check to make sure this command returns at least one valid object.
Finished Parsing XDC File [G:/verilog project/CPU_Top/CPU_Top/CPU_Top.srcs/constrs_1/new/1111.xdc]
INFO: [Project 1-236] Implementation specific constraints were found while reading constraint file [G:/verilog project/CPU_Top/CPU_Top/CPU_Top.srcs/constrs_1/new/1111.xdc]. These constraints will be ignored for synthesis but will be used in implementation. Impacted constraints are listed in the file [.Xil/CPU_Top_propImpl.xdc].
Resolution: To avoid this warning, move constraints listed in [.Xil/CPU_Top_propImpl.xdc] to another XDC file and exclude this new file from synthesis with the used_in_synthesis property (File Properties dialog in GUI) and re-run elaboration/synthesis.
Completed Processing XDC Constraints

Netlist sorting complete. Time (s): cpu = 00:00:00 ; elapsed = 00:00:00.001 . Memory (MB): peak = 1059.859 ; gain = 0.000
INFO: [Project 1-111] Unisim Transformation Summary:
No Unisim elements were transformed.

Constraint Validation Runtime : Time (s): cpu = 00:00:00 ; elapsed = 00:00:00.019 . Memory (MB): peak = 1059.859 ; gain = 0.000
---------------------------------------------------------------------------------
Finished Constraint Validation : Time (s): cpu = 00:00:15 ; elapsed = 00:00:16 . Memory (MB): peak = 1059.859 ; gain = 384.926
---------------------------------------------------------------------------------
---------------------------------------------------------------------------------
Start Loading Part and Timing Information
---------------------------------------------------------------------------------
Loading part: xc7k325tffg676-2
---------------------------------------------------------------------------------
Finished Loading Part and Timing Information : Time (s): cpu = 00:00:15 ; elapsed = 00:00:16 . Memory (MB): peak = 1059.859 ; gain = 384.926
---------------------------------------------------------------------------------
---------------------------------------------------------------------------------
Start Applying 'set_property' XDC Constraints
---------------------------------------------------------------------------------
---------------------------------------------------------------------------------
Finished applying 'set_property' XDC Constraints : Time (s): cpu = 00:00:15 ; elapsed = 00:00:16 . Memory (MB): peak = 1059.859 ; gain = 384.926
---------------------------------------------------------------------------------
INFO: [Synth 8-5587] ROM size for "ALUOp" is below threshold of ROM address width. It will be mapped to LUTs
INFO: [Synth 8-5546] ROM "Zero" won't be mapped to RAM because it is too sparse
INFO: [Synth 8-802] inferred FSM for state register 'state_reg' in module 'Cache'
INFO: [Synth 8-5544] ROM "Ram_Ins" won't be mapped to Block RAM because address size (3) smaller than threshold (5)
INFO: [Synth 8-5544] ROM "seg_sel" won't be mapped to Block RAM because address size (3) smaller than threshold (5)
WARNING: [Synth 8-327] inferring latch for variable 'imm_reg_reg' [G:/verilog project/CPU_Top/CPU_Top/CPU_Top.srcs/sources_1/imports/CPU_Top/immGen.v:7]
WARNING: [Synth 8-327] inferring latch for variable 'Zero_reg' [G:/verilog project/CPU_Top/CPU_Top/CPU_Top.srcs/sources_1/imports/CPU_Top/ALU.v:17]
WARNING: [Synth 8-327] inferring latch for variable 'ALUCtrl_reg' [G:/verilog project/CPU_Top/CPU_Top/CPU_Top.srcs/sources_1/imports/CPU_Top/ALUctrl.v:12]
WARNING: [Synth 8-327] inferring latch for variable 'V_reg' [G:/verilog project/CPU_Top/CPU_Top/CPU_Top.srcs/sources_1/imports/CPU_Top/Cacheblock.v:35]
---------------------------------------------------------------------------------------------------
                   State |                     New Encoding |                Previous Encoding 
---------------------------------------------------------------------------------------------------
                   Ready |                            00001 |                             0001
                 UNReady |                            10000 |                             0010
               WriteBack |                            01000 |                             0011
                ReadData |                            00100 |                             0100
                 RDdalay |                            00010 |                             0101
---------------------------------------------------------------------------------------------------
INFO: [Synth 8-3354] encoded FSM with state register 'state_reg' using encoding 'one-hot' in module 'Cache'
---------------------------------------------------------------------------------
Finished RTL Optimization Phase 2 : Time (s): cpu = 00:00:16 ; elapsed = 00:00:17 . Memory (MB): peak = 1059.859 ; gain = 384.926
---------------------------------------------------------------------------------

Report RTL Partitions: 
+-+--------------+------------+----------+
| |RTL Partition |Replication |Instances |
+-+--------------+------------+----------+
+-+--------------+------------+----------+
---------------------------------------------------------------------------------
Start RTL Component Statistics 
---------------------------------------------------------------------------------
Detailed RTL Component Info : 
+---Adders : 
	   2 Input     32 Bit       Adders := 4     
	   2 Input     31 Bit       Adders := 1     
	   3 Input     31 Bit       Adders := 2     
	   2 Input      8 Bit       Adders := 8     
	   2 Input      4 Bit       Adders := 1     
	   2 Input      3 Bit       Adders := 2     
+---XORs : 
	   2 Input     32 Bit         XORs := 1     
+---Registers : 
	               32 Bit    Registers := 50    
	               28 Bit    Registers := 8     
	               24 Bit    Registers := 1     
	                8 Bit    Registers := 10    
	                6 Bit    Registers := 1     
	                5 Bit    Registers := 6     
	                4 Bit    Registers := 2     
	                3 Bit    Registers := 6     
	                1 Bit    Registers := 38    
+---RAMs : 
	               8K Bit         RAMs := 1     
	             1024 Bit         RAMs := 1     
+---Muxes : 
	   2 Input     32 Bit        Muxes := 123   
	   4 Input     32 Bit        Muxes := 15    
	   7 Input     32 Bit        Muxes := 1     
	   3 Input     32 Bit        Muxes := 1     
	  15 Input     32 Bit        Muxes := 1     
	   5 Input     32 Bit        Muxes := 1     
	   8 Input     32 Bit        Muxes := 1     
	   2 Input     31 Bit        Muxes := 1     
	   5 Input      8 Bit        Muxes := 1     
	   7 Input      6 Bit        Muxes := 1     
	   8 Input      5 Bit        Muxes := 1     
	  14 Input      5 Bit        Muxes := 1     
	   5 Input      5 Bit        Muxes := 1     
	   2 Input      5 Bit        Muxes := 3     
	   2 Input      4 Bit        Muxes := 2     
	  10 Input      3 Bit        Muxes := 1     
	   9 Input      3 Bit        Muxes := 1     
	   2 Input      3 Bit        Muxes := 2     
	   5 Input      3 Bit        Muxes := 2     
	   2 Input      2 Bit        Muxes := 6     
	  10 Input      1 Bit        Muxes := 1     
	   9 Input      1 Bit        Muxes := 8     
	   2 Input      1 Bit        Muxes := 113   
	  15 Input      1 Bit        Muxes := 2     
	   5 Input      1 Bit        Muxes := 5     
---------------------------------------------------------------------------------
Finished RTL Component Statistics 
---------------------------------------------------------------------------------
---------------------------------------------------------------------------------
Start RTL Hierarchical Component Statistics 
---------------------------------------------------------------------------------
Hierarchical RTL Component report 
Module CPU_Top 
Detailed RTL Component Info : 
+---Registers : 
	                1 Bit    Registers := 1     
+---Muxes : 
	   2 Input     32 Bit        Muxes := 1     
Module PC 
Detailed RTL Component Info : 
+---Adders : 
	   2 Input     32 Bit       Adders := 2     
+---Registers : 
	               32 Bit    Registers := 2     
+---Muxes : 
	   2 Input     32 Bit        Muxes := 1     
Module mux 
Detailed RTL Component Info : 
+---Muxes : 
	   4 Input     32 Bit        Muxes := 1     
Module IFIDReg 
Detailed RTL Component Info : 
+---Registers : 
	               32 Bit    Registers := 3     
Module Ram_Reg32 
Detailed RTL Component Info : 
+---RAMs : 
	             1024 Bit         RAMs := 1     
+---Muxes : 
	   2 Input     32 Bit        Muxes := 2     
Module immGen 
Detailed RTL Component Info : 
+---Muxes : 
	   2 Input     32 Bit        Muxes := 3     
	   7 Input     32 Bit        Muxes := 1     
	  10 Input      3 Bit        Muxes := 1     
	  10 Input      1 Bit        Muxes := 1     
Module IDEXReg 
Detailed RTL Component Info : 
+---Registers : 
	               32 Bit    Registers := 5     
	                5 Bit    Registers := 4     
	                3 Bit    Registers := 1     
	                1 Bit    Registers := 7     
Module Control 
Detailed RTL Component Info : 
+---Muxes : 
	   9 Input      3 Bit        Muxes := 1     
	   9 Input      1 Bit        Muxes := 7     
Module ALU 
Detailed RTL Component Info : 
+---Adders : 
	   2 Input     32 Bit       Adders := 1     
	   2 Input     31 Bit       Adders := 1     
	   3 Input     31 Bit       Adders := 2     
+---XORs : 
	   2 Input     32 Bit         XORs := 1     
+---Muxes : 
	   2 Input     32 Bit        Muxes := 6     
	   3 Input     32 Bit        Muxes := 1     
	  15 Input     32 Bit        Muxes := 1     
	   2 Input     31 Bit        Muxes := 1     
	   2 Input      1 Bit        Muxes := 6     
	  15 Input      1 Bit        Muxes := 2     
Module ALUCtrl 
Detailed RTL Component Info : 
+---Muxes : 
	   8 Input      5 Bit        Muxes := 1     
	  14 Input      5 Bit        Muxes := 1     
	   2 Input      4 Bit        Muxes := 1     
	   9 Input      1 Bit        Muxes := 1     
Module add32 
Detailed RTL Component Info : 
+---Adders : 
	   2 Input     32 Bit       Adders := 1     
Module ForwardingUnit 
Detailed RTL Component Info : 
+---Muxes : 
	   2 Input      2 Bit        Muxes := 5     
Module HazardDetectionUnit 
Detailed RTL Component Info : 
+---Muxes : 
	   2 Input     32 Bit        Muxes := 1     
Module EXMEMReg 
Detailed RTL Component Info : 
+---Registers : 
	               32 Bit    Registers := 3     
	                5 Bit    Registers := 1     
	                1 Bit    Registers := 5     
Module Cacheblock 
Detailed RTL Component Info : 
+---Registers : 
	               32 Bit    Registers := 4     
	               28 Bit    Registers := 1     
	                1 Bit    Registers := 2     
+---Muxes : 
	   2 Input     32 Bit        Muxes := 13    
	   4 Input     32 Bit        Muxes := 1     
	   2 Input      1 Bit        Muxes := 10    
Module Count 
Detailed RTL Component Info : 
+---Adders : 
	   2 Input      8 Bit       Adders := 1     
+---Registers : 
	                8 Bit    Registers := 1     
+---Muxes : 
	   2 Input      1 Bit        Muxes := 1     
Module Cache 
Detailed RTL Component Info : 
+---Adders : 
	   2 Input      3 Bit       Adders := 1     
+---Registers : 
	               32 Bit    Registers := 1     
	                8 Bit    Registers := 1     
	                3 Bit    Registers := 4     
	                1 Bit    Registers := 2     
+---Muxes : 
	   2 Input     32 Bit        Muxes := 2     
	   5 Input     32 Bit        Muxes := 1     
	   5 Input      8 Bit        Muxes := 1     
	   5 Input      5 Bit        Muxes := 1     
	   2 Input      5 Bit        Muxes := 3     
	   2 Input      3 Bit        Muxes := 1     
	   5 Input      3 Bit        Muxes := 2     
	   2 Input      2 Bit        Muxes := 1     
	   2 Input      1 Bit        Muxes := 16    
	   5 Input      1 Bit        Muxes := 5     
Module MEMWBReg 
Detailed RTL Component Info : 
+---Registers : 
	               32 Bit    Registers := 3     
	                5 Bit    Registers := 1     
	                1 Bit    Registers := 3     
Module cpuLSX 
Detailed RTL Component Info : 
+---Registers : 
	                1 Bit    Registers := 1     
+---Muxes : 
	   2 Input     32 Bit        Muxes := 3     
	   2 Input      1 Bit        Muxes := 2     
Module ram_ins 
Detailed RTL Component Info : 
+---Muxes : 
	   8 Input     32 Bit        Muxes := 1     
Module ram_data 
Detailed RTL Component Info : 
+---Registers : 
	               32 Bit    Registers := 1     
+---RAMs : 
	               8K Bit         RAMs := 1     
Module seg_led 
Detailed RTL Component Info : 
+---Adders : 
	   2 Input      4 Bit       Adders := 1     
	   2 Input      3 Bit       Adders := 1     
+---Registers : 
	               24 Bit    Registers := 1     
	                8 Bit    Registers := 1     
	                6 Bit    Registers := 1     
	                4 Bit    Registers := 2     
	                3 Bit    Registers := 1     
	                1 Bit    Registers := 3     
+---Muxes : 
	   7 Input      6 Bit        Muxes := 1     
	   2 Input      4 Bit        Muxes := 1     
	   2 Input      3 Bit        Muxes := 1     
	   2 Input      1 Bit        Muxes := 1     
---------------------------------------------------------------------------------
Finished RTL Hierarchical Component Statistics
---------------------------------------------------------------------------------
---------------------------------------------------------------------------------
Start Part Resource Summary
---------------------------------------------------------------------------------
Part Resources:
DSPs: 840 (col length:140)
BRAMs: 890 (col length: RAMB18 140 RAMB36 70)
---------------------------------------------------------------------------------
Finished Part Resource Summary
---------------------------------------------------------------------------------
---------------------------------------------------------------------------------
Start Cross Boundary and Area Optimization
---------------------------------------------------------------------------------
Warning: Parallel synthesis criteria is not met 
INFO: [Synth 8-5587] ROM size for "Control/ALUOp" is below threshold of ROM address width. It will be mapped to LUTs
WARNING: [Synth 8-3331] design ram_data has unconnected port address[31]
WARNING: [Synth 8-3331] design ram_data has unconnected port address[30]
WARNING: [Synth 8-3331] design ram_data has unconnected port address[29]
WARNING: [Synth 8-3331] design ram_data has unconnected port address[28]
WARNING: [Synth 8-3331] design ram_data has unconnected port address[27]
WARNING: [Synth 8-3331] design ram_data has unconnected port address[26]
WARNING: [Synth 8-3331] design ram_data has unconnected port address[25]
WARNING: [Synth 8-3331] design ram_data has unconnected port address[24]
WARNING: [Synth 8-3331] design ram_data has unconnected port address[23]
WARNING: [Synth 8-3331] design ram_data has unconnected port address[22]
WARNING: [Synth 8-3331] design ram_data has unconnected port address[21]
WARNING: [Synth 8-3331] design ram_data has unconnected port address[20]
WARNING: [Synth 8-3331] design ram_data has unconnected port address[19]
WARNING: [Synth 8-3331] design ram_data has unconnected port address[18]
WARNING: [Synth 8-3331] design ram_data has unconnected port address[17]
WARNING: [Synth 8-3331] design ram_data has unconnected port address[16]
WARNING: [Synth 8-3331] design ram_data has unconnected port address[15]
WARNING: [Synth 8-3331] design ram_data has unconnected port address[14]
WARNING: [Synth 8-3331] design ram_data has unconnected port address[13]
WARNING: [Synth 8-3331] design ram_data has unconnected port address[12]
WARNING: [Synth 8-3331] design ram_data has unconnected port address[11]
WARNING: [Synth 8-3331] design ram_data has unconnected port address[10]
WARNING: [Synth 8-3331] design ram_data has unconnected port address[9]
WARNING: [Synth 8-3331] design ram_data has unconnected port address[8]
WARNING: [Synth 8-3331] design cpuLSX has unconnected port led[7]
WARNING: [Synth 8-3331] design cpuLSX has unconnected port led[6]
WARNING: [Synth 8-3331] design cpuLSX has unconnected port led[5]
WARNING: [Synth 8-3331] design cpuLSX has unconnected port led[4]
WARNING: [Synth 8-3331] design cpuLSX has unconnected port led[3]
WARNING: [Synth 8-3331] design cpuLSX has unconnected port led[2]
WARNING: [Synth 8-3331] design cpuLSX has unconnected port led[1]
WARNING: [Synth 8-3331] design cpuLSX has unconnected port led[0]
INFO: [Synth 8-3886] merging instance 'cpu/u_pc/pcadd4_reg[0]' (FDCE) to 'cpu/u_pc/pc_reg[0]'
INFO: [Synth 8-3886] merging instance 'cpu/IMMGEN/imm_reg_reg[31]' (LD) to 'cpu/IMMGEN/imm_reg_reg[19]'
INFO: [Synth 8-3886] merging instance 'cpu/IMMGEN/imm_reg_reg[19]' (LD) to 'cpu/IMMGEN/imm_reg_reg[20]'
INFO: [Synth 8-3886] merging instance 'cpu/IMMGEN/imm_reg_reg[20]' (LD) to 'cpu/IMMGEN/imm_reg_reg[21]'
INFO: [Synth 8-3886] merging instance 'cpu/IMMGEN/imm_reg_reg[21]' (LD) to 'cpu/IMMGEN/imm_reg_reg[22]'
INFO: [Synth 8-3886] merging instance 'cpu/IMMGEN/imm_reg_reg[22]' (LD) to 'cpu/IMMGEN/imm_reg_reg[23]'
INFO: [Synth 8-3886] merging instance 'cpu/IMMGEN/imm_reg_reg[23]' (LD) to 'cpu/IMMGEN/imm_reg_reg[24]'
INFO: [Synth 8-3886] merging instance 'cpu/IMMGEN/imm_reg_reg[24]' (LD) to 'cpu/IMMGEN/imm_reg_reg[25]'
INFO: [Synth 8-3886] merging instance 'cpu/IMMGEN/imm_reg_reg[25]' (LD) to 'cpu/IMMGEN/imm_reg_reg[26]'
INFO: [Synth 8-3886] merging instance 'cpu/IMMGEN/imm_reg_reg[26]' (LD) to 'cpu/IMMGEN/imm_reg_reg[27]'
INFO: [Synth 8-3886] merging instance 'cpu/IMMGEN/imm_reg_reg[27]' (LD) to 'cpu/IMMGEN/imm_reg_reg[28]'
INFO: [Synth 8-3886] merging instance 'cpu/IMMGEN/imm_reg_reg[28]' (LD) to 'cpu/IMMGEN/imm_reg_reg[29]'
INFO: [Synth 8-3886] merging instance 'cpu/IMMGEN/imm_reg_reg[29]' (LD) to 'cpu/IMMGEN/imm_reg_reg[30]'
INFO: [Synth 8-3886] merging instance 'cpu/IFIDReg_u/PC_ToID_reg[0]' (FDRE) to 'cpu/IFIDReg_u/PCAdd4_ToID_reg[0]'
INFO: [Synth 8-3886] merging instance 'cpu/IDEXReg_u/PC_ToEX_reg[0]' (FDRE) to 'cpu/IDEXReg_u/PCAdd4_ToEX_reg[0]'
INFO: [Synth 8-3886] merging instance 'cpu/IDEXReg_u/Imm_ToEX_reg[31]' (FDRE) to 'cpu/IDEXReg_u/Imm_ToEX_reg[30]'
INFO: [Synth 8-3886] merging instance 'cpu/IDEXReg_u/Imm_ToEX_reg[19]' (FDRE) to 'cpu/IDEXReg_u/Imm_ToEX_reg[30]'
INFO: [Synth 8-3886] merging instance 'cpu/IDEXReg_u/Imm_ToEX_reg[20]' (FDRE) to 'cpu/IDEXReg_u/Imm_ToEX_reg[30]'
INFO: [Synth 8-3886] merging instance 'cpu/IDEXReg_u/Imm_ToEX_reg[21]' (FDRE) to 'cpu/IDEXReg_u/Imm_ToEX_reg[30]'
INFO: [Synth 8-3886] merging instance 'cpu/IDEXReg_u/Imm_ToEX_reg[22]' (FDRE) to 'cpu/IDEXReg_u/Imm_ToEX_reg[30]'
INFO: [Synth 8-3886] merging instance 'cpu/IDEXReg_u/Imm_ToEX_reg[23]' (FDRE) to 'cpu/IDEXReg_u/Imm_ToEX_reg[30]'
INFO: [Synth 8-3886] merging instance 'cpu/IDEXReg_u/Imm_ToEX_reg[24]' (FDRE) to 'cpu/IDEXReg_u/Imm_ToEX_reg[30]'
INFO: [Synth 8-3886] merging instance 'cpu/IDEXReg_u/Imm_ToEX_reg[25]' (FDRE) to 'cpu/IDEXReg_u/Imm_ToEX_reg[30]'
INFO: [Synth 8-3886] merging instance 'cpu/IDEXReg_u/Imm_ToEX_reg[26]' (FDRE) to 'cpu/IDEXReg_u/Imm_ToEX_reg[30]'
INFO: [Synth 8-3886] merging instance 'cpu/IDEXReg_u/Imm_ToEX_reg[27]' (FDRE) to 'cpu/IDEXReg_u/Imm_ToEX_reg[30]'
INFO: [Synth 8-3886] merging instance 'cpu/IDEXReg_u/Imm_ToEX_reg[28]' (FDRE) to 'cpu/IDEXReg_u/Imm_ToEX_reg[30]'
INFO: [Synth 8-3886] merging instance 'cpu/IDEXReg_u/Imm_ToEX_reg[29]' (FDRE) to 'cpu/IDEXReg_u/Imm_ToEX_reg[30]'
WARNING: [Synth 8-3332] Sequential element (imm_reg_reg[30]) is unused and will be removed from module immGen.
WARNING: [Synth 8-3332] Sequential element (imm_reg_reg[18]) is unused and will be removed from module immGen.
WARNING: [Synth 8-3332] Sequential element (imm_reg_reg[17]) is unused and will be removed from module immGen.
WARNING: [Synth 8-3332] Sequential element (imm_reg_reg[16]) is unused and will be removed from module immGen.
WARNING: [Synth 8-3332] Sequential element (imm_reg_reg[15]) is unused and will be removed from module immGen.
WARNING: [Synth 8-3332] Sequential element (imm_reg_reg[14]) is unused and will be removed from module immGen.
WARNING: [Synth 8-3332] Sequential element (imm_reg_reg[13]) is unused and will be removed from module immGen.
WARNING: [Synth 8-3332] Sequential element (imm_reg_reg[12]) is unused and will be removed from module immGen.
WARNING: [Synth 8-3332] Sequential element (imm_reg_reg[11]) is unused and will be removed from module immGen.
WARNING: [Synth 8-3332] Sequential element (imm_reg_reg[10]) is unused and will be removed from module immGen.
WARNING: [Synth 8-3332] Sequential element (imm_reg_reg[9]) is unused and will be removed from module immGen.
WARNING: [Synth 8-3332] Sequential element (imm_reg_reg[8]) is unused and will be removed from module immGen.
WARNING: [Synth 8-3332] Sequential element (imm_reg_reg[7]) is unused and will be removed from module immGen.
WARNING: [Synth 8-3332] Sequential element (imm_reg_reg[6]) is unused and will be removed from module immGen.
WARNING: [Synth 8-3332] Sequential element (imm_reg_reg[5]) is unused and will be removed from module immGen.
WARNING: [Synth 8-3332] Sequential element (imm_reg_reg[4]) is unused and will be removed from module immGen.
WARNING: [Synth 8-3332] Sequential element (imm_reg_reg[3]) is unused and will be removed from module immGen.
WARNING: [Synth 8-3332] Sequential element (imm_reg_reg[2]) is unused and will be removed from module immGen.
WARNING: [Synth 8-3332] Sequential element (imm_reg_reg[1]) is unused and will be removed from module immGen.
WARNING: [Synth 8-3332] Sequential element (imm_reg_reg[0]) is unused and will be removed from module immGen.
INFO: [Synth 8-3886] merging instance 'cpu/IDEXReg_u/MemtoReg_ToEX_reg' (FDRE) to 'cpu/IDEXReg_u/ALUOp_ToEX_reg[2]'
---------------------------------------------------------------------------------
Finished Cross Boundary and Area Optimization : Time (s): cpu = 00:01:18 ; elapsed = 00:01:20 . Memory (MB): peak = 1105.582 ; gain = 430.648
---------------------------------------------------------------------------------
---------------------------------------------------------------------------------
Start ROM, RAM, DSP and Shift Register Reporting
---------------------------------------------------------------------------------

Block RAM: Preliminary Mapping  Report (see note below)
+------------+-----------------+------------------------+---+---+------------------------+---+---+------------------+--------+--------+
|Module Name | RTL Object      | PORT A (Depth x Width) | W | R | PORT B (Depth x Width) | W | R | Ports driving FF | RAMB18 | RAMB36 | 
+------------+-----------------+------------------------+---+---+------------------------+---+---+------------------+--------+--------+
|ram_data:   | Data_Memory_reg | 256 x 32(READ_FIRST)   | W |   | 256 x 32(WRITE_FIRST)  |   | R | Port A and B     | 1      | 0      | 
+------------+-----------------+------------------------+---+---+------------------------+---+---+------------------+--------+--------+

Note: The table above is a preliminary report that shows the Block RAMs at the current stage of the synthesis flow. Some Block RAMs may be reimplemented as non Block RAM primitives later in the synthesis flow. Multiple instantiated Block RAMs are reported only once. 

Distributed RAM: Preliminary Mapping  Report (see note below)
+---------------+------------+-----------+----------------------+---------------+
|Module Name    | RTL Object | Inference | Size (Depth x Width) | Primitives    | 
+---------------+------------+-----------+----------------------+---------------+
|cpu/Register32 | Reg32_reg  | Implied   | 32 x 32              | RAM32M x 12   | 
+---------------+------------+-----------+----------------------+---------------+

Note: The table above is a preliminary report that shows the Distributed RAMs at the current stage of the synthesis flow. Some Distributed RAMs may be reimplemented as non Distributed RAM primitives later in the synthesis flow. Multiple instantiated RAMs are reported only once.
---------------------------------------------------------------------------------
Finished ROM, RAM, DSP and Shift Register Reporting
---------------------------------------------------------------------------------
INFO: [Synth 8-6837] The timing for the instance DataMemory/i_0/Data_Memory_reg (implemented as a Block RAM) might be sub-optimal as no optional output register could be merged into the block ram. Providing additional output register may help in improving timing.

Report RTL Partitions: 
+-+--------------+------------+----------+
| |RTL Partition |Replication |Instances |
+-+--------------+------------+----------+
+-+--------------+------------+----------+
---------------------------------------------------------------------------------
Start Applying XDC Timing Constraints
---------------------------------------------------------------------------------
---------------------------------------------------------------------------------
Finished Applying XDC Timing Constraints : Time (s): cpu = 00:01:27 ; elapsed = 00:01:29 . Memory (MB): peak = 1105.582 ; gain = 430.648
---------------------------------------------------------------------------------
---------------------------------------------------------------------------------
Start Timing Optimization
---------------------------------------------------------------------------------
---------------------------------------------------------------------------------
Finished Timing Optimization : Time (s): cpu = 00:01:28 ; elapsed = 00:01:30 . Memory (MB): peak = 1105.582 ; gain = 430.648
---------------------------------------------------------------------------------
---------------------------------------------------------------------------------
Start ROM, RAM, DSP and Shift Register Reporting
---------------------------------------------------------------------------------

Block RAM: Final Mapping  Report
+------------+-----------------+------------------------+---+---+------------------------+---+---+------------------+--------+--------+
|Module Name | RTL Object      | PORT A (Depth x Width) | W | R | PORT B (Depth x Width) | W | R | Ports driving FF | RAMB18 | RAMB36 | 
+------------+-----------------+------------------------+---+---+------------------------+---+---+------------------+--------+--------+
|ram_data:   | Data_Memory_reg | 256 x 32(READ_FIRST)   | W |   | 256 x 32(WRITE_FIRST)  |   | R | Port A and B     | 1      | 0      | 
+------------+-----------------+------------------------+---+---+------------------------+---+---+------------------+--------+--------+


Distributed RAM: Final Mapping  Report
+---------------+------------+-----------+----------------------+---------------+
|Module Name    | RTL Object | Inference | Size (Depth x Width) | Primitives    | 
+---------------+------------+-----------+----------------------+---------------+
|cpu/Register32 | Reg32_reg  | Implied   | 32 x 32              | RAM32M x 12   | 
+---------------+------------+-----------+----------------------+---------------+

---------------------------------------------------------------------------------
Finished ROM, RAM, DSP and Shift Register Reporting
---------------------------------------------------------------------------------

Report RTL Partitions: 
+-+--------------+------------+----------+
| |RTL Partition |Replication |Instances |
+-+--------------+------------+----------+
+-+--------------+------------+----------+
---------------------------------------------------------------------------------
Start Technology Mapping
---------------------------------------------------------------------------------
INFO: [Synth 8-6837] The timing for the instance DataMemory/Data_Memory_reg (implemented as a Block RAM) might be sub-optimal as no optional output register could be merged into the block ram. Providing additional output register may help in improving timing.
---------------------------------------------------------------------------------
Finished Technology Mapping : Time (s): cpu = 00:01:33 ; elapsed = 00:01:35 . Memory (MB): peak = 1149.461 ; gain = 474.527
---------------------------------------------------------------------------------

Report RTL Partitions: 
+-+--------------+------------+----------+
| |RTL Partition |Replication |Instances |
+-+--------------+------------+----------+
+-+--------------+------------+----------+
---------------------------------------------------------------------------------
Start IO Insertion
---------------------------------------------------------------------------------
---------------------------------------------------------------------------------
Start Flattening Before IO Insertion
---------------------------------------------------------------------------------
---------------------------------------------------------------------------------
Finished Flattening Before IO Insertion
---------------------------------------------------------------------------------
---------------------------------------------------------------------------------
Start Final Netlist Cleanup
---------------------------------------------------------------------------------
---------------------------------------------------------------------------------
Finished Final Netlist Cleanup
---------------------------------------------------------------------------------
WARNING: [Synth 8-3295] tying undriven pin u_seg_led:point[5] to constant 0
WARNING: [Synth 8-3295] tying undriven pin u_seg_led:point[4] to constant 0
WARNING: [Synth 8-3295] tying undriven pin u_seg_led:point[3] to constant 0
WARNING: [Synth 8-3295] tying undriven pin u_seg_led:point[2] to constant 0
WARNING: [Synth 8-3295] tying undriven pin u_seg_led:point[1] to constant 0
WARNING: [Synth 8-3295] tying undriven pin u_seg_led:point[0] to constant 0
WARNING: [Synth 8-3295] tying undriven pin u_seg_led:sign to constant 0
---------------------------------------------------------------------------------
Finished IO Insertion : Time (s): cpu = 00:01:36 ; elapsed = 00:01:38 . Memory (MB): peak = 1153.578 ; gain = 478.645
---------------------------------------------------------------------------------

Report Check Netlist: 
+------+------------------+-------+---------+-------+------------------+
|      |Item              |Errors |Warnings |Status |Description       |
+------+------------------+-------+---------+-------+------------------+
|1     |multi_driven_nets |      0|        0|Passed |Multi driven nets |
+------+------------------+-------+---------+-------+------------------+
---------------------------------------------------------------------------------
Start Renaming Generated Instances
---------------------------------------------------------------------------------
---------------------------------------------------------------------------------
Finished Renaming Generated Instances : Time (s): cpu = 00:01:36 ; elapsed = 00:01:38 . Memory (MB): peak = 1153.578 ; gain = 478.645
---------------------------------------------------------------------------------

Report RTL Partitions: 
+-+--------------+------------+----------+
| |RTL Partition |Replication |Instances |
+-+--------------+------------+----------+
+-+--------------+------------+----------+
---------------------------------------------------------------------------------
Start Rebuilding User Hierarchy
---------------------------------------------------------------------------------
---------------------------------------------------------------------------------
Finished Rebuilding User Hierarchy : Time (s): cpu = 00:01:37 ; elapsed = 00:01:39 . Memory (MB): peak = 1153.578 ; gain = 478.645
---------------------------------------------------------------------------------
---------------------------------------------------------------------------------
Start Renaming Generated Ports
---------------------------------------------------------------------------------
---------------------------------------------------------------------------------
Finished Renaming Generated Ports : Time (s): cpu = 00:01:37 ; elapsed = 00:01:39 . Memory (MB): peak = 1153.578 ; gain = 478.645
---------------------------------------------------------------------------------
---------------------------------------------------------------------------------
Start Handling Custom Attributes
---------------------------------------------------------------------------------
---------------------------------------------------------------------------------
Finished Handling Custom Attributes : Time (s): cpu = 00:01:37 ; elapsed = 00:01:39 . Memory (MB): peak = 1153.855 ; gain = 478.922
---------------------------------------------------------------------------------
---------------------------------------------------------------------------------
Start Renaming Generated Nets
---------------------------------------------------------------------------------
---------------------------------------------------------------------------------
Finished Renaming Generated Nets : Time (s): cpu = 00:01:37 ; elapsed = 00:01:39 . Memory (MB): peak = 1153.855 ; gain = 478.922
---------------------------------------------------------------------------------
---------------------------------------------------------------------------------
Start Writing Synthesis Report
---------------------------------------------------------------------------------

Report BlackBoxes: 
+-+--------------+----------+
| |BlackBox name |Instances |
+-+--------------+----------+
+-+--------------+----------+

Report Cell Usage: 
+------+---------+------+
|      |Cell     |Count |
+------+---------+------+
|1     |BUFG     |     2|
|2     |CARRY4   |   594|
|3     |LUT1     |   190|
|4     |LUT2     |   791|
|5     |LUT3     |   977|
|6     |LUT4     |  1107|
|7     |LUT5     |  1664|
|8     |LUT6     |  2101|
|9     |MUXF7    |    37|
|10    |RAM32M   |    12|
|11    |RAMB18E1 |     1|
|12    |FDCE     |   118|
|13    |FDPE     |    10|
|14    |FDRE     |  1838|
|15    |FDSE     |    29|
|16    |LD       |     6|
|17    |LDC      |     8|
|18    |IBUF     |     2|
|19    |OBUF     |    14|
+------+---------+------+

Report Instance Areas: 
+------+--------------------------+--------------+------+
|      |Instance                  |Module        |Cells |
+------+--------------------------+--------------+------+
|1     |top                       |              |  9501|
|2     |  cpu                     |cpuLSX        |  5790|
|3     |    ALU                   |ALU           |     1|
|4     |    ALUCTRL               |ALUCtrl       |   118|
|5     |    Cache                 |Cache         |  2500|
|6     |      \setCatch[0].count  |Count         |    29|
|7     |      \setCatch[0].u0     |Cacheblock    |   234|
|8     |      \setCatch[1].count  |Count_3       |    19|
|9     |      \setCatch[1].u0     |Cacheblock_4  |   232|
|10    |      \setCatch[2].count  |Count_5       |    29|
|11    |      \setCatch[2].u0     |Cacheblock_6  |   231|
|12    |      \setCatch[3].count  |Count_7       |    19|
|13    |      \setCatch[3].u0     |Cacheblock_8  |   327|
|14    |      \setCatch[4].count  |Count_9       |    29|
|15    |      \setCatch[4].u0     |Cacheblock_10 |   231|
|16    |      \setCatch[5].count  |Count_11      |    19|
|17    |      \setCatch[5].u0     |Cacheblock_12 |   231|
|18    |      \setCatch[6].count  |Count_13      |    29|
|19    |      \setCatch[6].u0     |Cacheblock_14 |   342|
|20    |      \setCatch[7].count  |Count_15      |    19|
|21    |      \setCatch[7].u0     |Cacheblock_16 |   394|
|22    |    EXMEMReg_u            |EXMEMReg      |  1240|
|23    |    EXMEM_MUXSRC2         |mux           |    32|
|24    |    IDEXReg_u             |IDEXReg       |   822|
|25    |    IFIDReg_u             |IFIDReg       |   160|
|26    |    MEMWBReg_u            |MEMWBReg      |   580|
|27    |    MUXALUSRC1            |mux_0         |    32|
|28    |    MUXALUSRC2            |mux_1         |    43|
|29    |    PCADDIMM              |add32         |    40|
|30    |    Register32            |Ram_Reg32     |    76|
|31    |    WBMUX                 |mux_2         |    64|
|32    |    u_pc                  |PC            |    72|
|33    |  DataMemory              |ram_data      |     1|
|34    |  u_seg_led               |seg_led       |  3644|
+------+--------------------------+--------------+------+
---------------------------------------------------------------------------------
Finished Writing Synthesis Report : Time (s): cpu = 00:01:37 ; elapsed = 00:01:39 . Memory (MB): peak = 1153.855 ; gain = 478.922
---------------------------------------------------------------------------------
Synthesis finished with 0 errors, 0 critical warnings and 63 warnings.
Synthesis Optimization Runtime : Time (s): cpu = 00:01:28 ; elapsed = 00:01:35 . Memory (MB): peak = 1153.855 ; gain = 337.000
Synthesis Optimization Complete : Time (s): cpu = 00:01:38 ; elapsed = 00:01:40 . Memory (MB): peak = 1153.855 ; gain = 478.922
INFO: [Project 1-571] Translating synthesized netlist
INFO: [Netlist 29-17] Analyzing 658 Unisim elements for replacement
INFO: [Netlist 29-28] Unisim Transformation completed in 0 CPU seconds
INFO: [Project 1-570] Preparing netlist for logic optimization
INFO: [Opt 31-138] Pushed 0 inverter(s) to 0 load pin(s).
Netlist sorting complete. Time (s): cpu = 00:00:00 ; elapsed = 00:00:00.003 . Memory (MB): peak = 1170.891 ; gain = 0.000
INFO: [Project 1-111] Unisim Transformation Summary:
  A total of 26 instances were transformed.
  LD => LDCE: 6 instances
  LDC => LDCE: 8 instances
  RAM32M => RAM32M (RAMD32, RAMD32, RAMD32, RAMD32, RAMD32, RAMD32, RAMS32, RAMS32): 12 instances

INFO: [Common 17-83] Releasing license: Synthesis
110 Infos, 102 Warnings, 1 Critical Warnings and 0 Errors encountered.
synth_design completed successfully
synth_design: Time (s): cpu = 00:01:48 ; elapsed = 00:01:50 . Memory (MB): peak = 1170.891 ; gain = 817.211
INFO: [Common 17-600] The following parameters have non-default value.
tcl.collectionResultDisplayLimit
Netlist sorting complete. Time (s): cpu = 00:00:00 ; elapsed = 00:00:00.003 . Memory (MB): peak = 1170.891 ; gain = 0.000
WARNING: [Constraints 18-5210] No constraints selected for write.
Resolution: This message can indicate that there are no constraints for the design, or it can indicate that the used_in flags are set such that the constraints are ignored. This later case is used when running synth_design to not write synthesis constraints to the resulting checkpoint. Instead, project constraints are read when the synthesized design is opened.
INFO: [Common 17-1381] The checkpoint 'G:/verilog project/CPU_Top/CPU_Top/CPU_Top.runs/synth_1/CPU_Top.dcp' has been generated.
INFO: [runtcl-4] Executing : report_utilization -file CPU_Top_utilization_synth.rpt -pb CPU_Top_utilization_synth.pb
INFO: [Common 17-206] Exiting Vivado at Sun Jun 26 17:30:34 2022...
