#-----------------------------------------------------------
# Vivado v2019.1 (64-bit)
# SW Build 2552052 on Fri May 24 14:49:42 MDT 2019
# IP Build 2548770 on Fri May 24 18:01:18 MDT 2019
# Start of session at: Sun Jun 26 09:55:19 2022
# Process ID: 5400
# Current directory: G:/verilog project/CPU_Top/CPU_Top
# Command line: vivado.exe -gui_launcher_event rodinguilauncherevent10572 G:\verilog project\CPU_Top\CPU_Top\CPU_Top.xpr
# Log file: G:/verilog project/CPU_Top/CPU_Top/vivado.log
# Journal file: G:/verilog project/CPU_Top/CPU_Top\vivado.jou
#-----------------------------------------------------------
start_gui
open_project {G:/verilog project/CPU_Top/CPU_Top/CPU_Top.xpr}
Scanning sources...
Finished scanning sources
INFO: [IP_Flow 19-234] Refreshing IP repositories
INFO: [IP_Flow 19-1704] No user IP repositories specified
INFO: [IP_Flow 19-2313] Loaded Vivado IP repository 'G:/vivado2019.1/Vivado/2019.1/data/ip'.
open_project: Time (s): cpu = 00:00:26 ; elapsed = 00:00:28 . Memory (MB): peak = 798.195 ; gain = 175.051
update_compile_order -fileset sources_1
open_hw
connect_hw_server
INFO: [Labtools 27-2285] Connecting to hw_server url TCP:localhost:3121
INFO: [Labtools 27-2222] Launching hw_server...
INFO: [Labtools 27-2221] Launch Output:

****** Xilinx hw_server v2019.1
  **** Build date : May 24 2019 at 15:13:31
    ** Copyright 1986-2019 Xilinx, Inc. All Rights Reserved.


open_hw_target
INFO: [Labtoolstcl 44-466] Opening hw_target localhost:3121/xilinx_tcf/Digilent/210251A08870
open_hw_target: Time (s): cpu = 00:00:07 ; elapsed = 00:00:07 . Memory (MB): peak = 2036.871 ; gain = 1097.930
set_property PROGRAM.FILE {G:/verilog project/CPU_Top/CPU_Top/CPU_Top.runs/impl_1/CPU_Top.bit} [get_hw_devices xc7k325t_0]
set_property PROBES.FILE {G:/verilog project/CPU_Top/CPU_Top/CPU_Top.runs/impl_1/CPU_Top.ltx} [get_hw_devices xc7k325t_0]
set_property FULL_PROBES.FILE {G:/verilog project/CPU_Top/CPU_Top/CPU_Top.runs/impl_1/CPU_Top.ltx} [get_hw_devices xc7k325t_0]
current_hw_device [get_hw_devices xc7k325t_0]
refresh_hw_device [lindex [get_hw_devices xc7k325t_0] 0]
INFO: [Labtools 27-1434] Device xc7k325t (JTAG device index = 0) is programmed with a design that has no supported debug core(s) in it.
WARNING: [Labtools 27-3361] The debug hub core was not detected.
Resolution: 
1. Make sure the clock connected to the debug hub (dbg_hub) core is a free running clock and is active.
2. Make sure the BSCAN_SWITCH_USER_MASK device property in Vivado Hardware Manager reflects the user scan chain setting in the design and refresh the device.  To determine the user scan chain setting in the design, open the implemented design and use 'get_property C_USER_SCAN_CHAIN [get_debug_cores dbg_hub]'.
For more details on setting the scan chain property, consult the Vivado Debug and Programming User Guide (UG908).
WARNING: [Labtools 27-3413] Dropping logic core with cellname:'u_ila_0' at location 'uuid_23E7D65A79BC59F7BC47406C1714DFAE' from probes file, since it cannot be found on the programmed device.
set_property PROBES.FILE {G:/verilog project/CPU_Top/CPU_Top/CPU_Top.runs/impl_1/CPU_Top.ltx} [get_hw_devices xc7k325t_0]
set_property FULL_PROBES.FILE {G:/verilog project/CPU_Top/CPU_Top/CPU_Top.runs/impl_1/CPU_Top.ltx} [get_hw_devices xc7k325t_0]
set_property PROGRAM.FILE {G:/verilog project/CPU_Top/CPU_Top/CPU_Top.runs/impl_1/CPU_Top.bit} [get_hw_devices xc7k325t_0]
program_hw_devices [get_hw_devices xc7k325t_0]
INFO: [Labtools 27-3164] End of startup status: HIGH
program_hw_devices: Time (s): cpu = 00:00:07 ; elapsed = 00:00:07 . Memory (MB): peak = 2062.809 ; gain = 0.000
refresh_hw_device [lindex [get_hw_devices xc7k325t_0] 0]
INFO: [Labtools 27-2302] Device xc7k325t (JTAG device index = 0) is programmed with a design that has 1 ILA core(s).
display_hw_ila_data [ get_hw_ila_data hw_ila_data_1 -of_objects [get_hw_ilas -of_objects [get_hw_devices xc7k325t_0] -filter {CELL_NAME=~"u_ila_0"}]]
set_property PROBES.FILE {G:/verilog project/CPU_Top/CPU_Top/CPU_Top.runs/impl_1/CPU_Top.ltx} [get_hw_devices xc7k325t_0]
set_property FULL_PROBES.FILE {G:/verilog project/CPU_Top/CPU_Top/CPU_Top.runs/impl_1/CPU_Top.ltx} [get_hw_devices xc7k325t_0]
set_property PROGRAM.FILE {G:/verilog project/CPU_Top/CPU_Top/CPU_Top.runs/impl_1/CPU_Top.bit} [get_hw_devices xc7k325t_0]
program_hw_devices [get_hw_devices xc7k325t_0]
INFO: [Labtools 27-3164] End of startup status: HIGH
program_hw_devices: Time (s): cpu = 00:00:08 ; elapsed = 00:00:07 . Memory (MB): peak = 2106.520 ; gain = 0.000
refresh_hw_device [lindex [get_hw_devices xc7k325t_0] 0]
INFO: [Labtools 27-2302] Device xc7k325t (JTAG device index = 0) is programmed with a design that has 1 ILA core(s).
set_property TRIGGER_COMPARE_VALUE eq4'u0 [get_hw_probes data_0 -of_objects [get_hw_ilas -of_objects [get_hw_devices xc7k325t_0] -filter {CELL_NAME=~"u_ila_0"}]]
run_hw_ila [get_hw_ilas -of_objects [get_hw_devices xc7k325t_0] -filter {CELL_NAME=~"u_ila_0"}]
INFO: [Labtools 27-1964] The ILA core 'hw_ila_1' trigger was armed at 2022-Jun-26 10:47:02
wait_on_hw_ila [get_hw_ilas -of_objects [get_hw_devices xc7k325t_0] -filter {CELL_NAME=~"u_ila_0"}]
display_hw_ila_data [upload_hw_ila_data [get_hw_ilas -of_objects [get_hw_devices xc7k325t_0] -filter {CELL_NAME=~"u_ila_0"}]]
INFO: [Labtools 27-1966] The ILA core 'hw_ila_1' triggered at 2022-Jun-26 10:47:02
INFO: [Labtools 27-3304] ILA Waveform data saved to file G:/verilog project/CPU_Top/CPU_Top/CPU_Top.hw/backup/hw_ila_data_1.ila. Use Tcl command 'read_hw_ila_data' or Vivado File->Import->Import ILA Data menu item to import the previously saved data.
reset_run synth_1
launch_runs synth_1 -jobs 4
[Sun Jun 26 10:52:43 2022] Launched synth_1...
Run output will be captured here: G:/verilog project/CPU_Top/CPU_Top/CPU_Top.runs/synth_1/runme.log
open_run synth_1 -name synth_1
Design is defaulting to impl run constrset: constrs_1
Design is defaulting to synth run part: xc7k325tffg676-2
INFO: [Device 21-403] Loading part xc7k325tffg676-2
INFO: [Netlist 29-17] Analyzing 644 Unisim elements for replacement
INFO: [Netlist 29-28] Unisim Transformation completed in 1 CPU seconds
INFO: [Project 1-479] Netlist was created with Vivado 2019.1
INFO: [Project 1-570] Preparing netlist for logic optimization
Parsing XDC File [G:/verilog project/CPU_Top/CPU_Top/CPU_Top.srcs/constrs_1/new/1111.xdc]
Finished Parsing XDC File [G:/verilog project/CPU_Top/CPU_Top/CPU_Top.srcs/constrs_1/new/1111.xdc]
INFO: [Opt 31-138] Pushed 0 inverter(s) to 0 load pin(s).
Netlist sorting complete. Time (s): cpu = 00:00:00 ; elapsed = 00:00:00.004 . Memory (MB): peak = 2497.199 ; gain = 0.000
INFO: [Project 1-111] Unisim Transformation Summary:
  A total of 12 instances were transformed.
  RAM32M => RAM32M (RAMD32, RAMD32, RAMD32, RAMD32, RAMD32, RAMD32, RAMS32, RAMS32): 12 instances

open_run: Time (s): cpu = 00:00:42 ; elapsed = 00:00:33 . Memory (MB): peak = 2654.074 ; gain = 533.973
delete_debug_core [get_debug_cores {u_ila_0 }]
create_debug_core u_ila_0 ila
set_property C_DATA_DEPTH 1024 [get_debug_cores u_ila_0]
set_property C_TRIGIN_EN false [get_debug_cores u_ila_0]
set_property C_TRIGOUT_EN false [get_debug_cores u_ila_0]
set_property C_ADV_TRIGGER false [get_debug_cores u_ila_0]
set_property C_INPUT_PIPE_STAGES 0 [get_debug_cores u_ila_0]
set_property C_EN_STRG_QUAL false [get_debug_cores u_ila_0]
set_property ALL_PROBE_SAME_MU true [get_debug_cores u_ila_0]
set_property ALL_PROBE_SAME_MU_CNT 1 [get_debug_cores u_ila_0]
startgroup 
set_property C_EN_STRG_QUAL true [get_debug_cores u_ila_0 ]
set_property C_ADV_TRIGGER true [get_debug_cores u_ila_0 ]
set_property ALL_PROBE_SAME_MU true [get_debug_cores u_ila_0 ]
set_property ALL_PROBE_SAME_MU_CNT 4 [get_debug_cores u_ila_0 ]
endgroup
connect_debug_port u_ila_0/clk [get_nets [list clk_50M_IBUF_BUFG ]]
set_property port_width 32 [get_debug_ports u_ila_0/probe0]
set_property PROBE_TYPE DATA_AND_TRIGGER [get_debug_ports u_ila_0/probe0]
connect_debug_port u_ila_0/probe0 [get_nets [list {Data_Mem_WriteData[0]} {Data_Mem_WriteData[1]} {Data_Mem_WriteData[2]} {Data_Mem_WriteData[3]} {Data_Mem_WriteData[4]} {Data_Mem_WriteData[5]} {Data_Mem_WriteData[6]} {Data_Mem_WriteData[7]} {Data_Mem_WriteData[8]} {Data_Mem_WriteData[9]} {Data_Mem_WriteData[10]} {Data_Mem_WriteData[11]} {Data_Mem_WriteData[12]} {Data_Mem_WriteData[13]} {Data_Mem_WriteData[14]} {Data_Mem_WriteData[15]} {Data_Mem_WriteData[16]} {Data_Mem_WriteData[17]} {Data_Mem_WriteData[18]} {Data_Mem_WriteData[19]} {Data_Mem_WriteData[20]} {Data_Mem_WriteData[21]} {Data_Mem_WriteData[22]} {Data_Mem_WriteData[23]} {Data_Mem_WriteData[24]} {Data_Mem_WriteData[25]} {Data_Mem_WriteData[26]} {Data_Mem_WriteData[27]} {Data_Mem_WriteData[28]} {Data_Mem_WriteData[29]} {Data_Mem_WriteData[30]} {Data_Mem_WriteData[31]} ]]
create_debug_port u_ila_0 probe
set_property port_width 4 [get_debug_ports u_ila_0/probe1]
set_property PROBE_TYPE DATA_AND_TRIGGER [get_debug_ports u_ila_0/probe1]
connect_debug_port u_ila_0/probe1 [get_nets [list {data_1[0]} {data_1[1]} {data_1[2]} {data_1[3]} ]]
create_debug_port u_ila_0 probe
set_property port_width 4 [get_debug_ports u_ila_0/probe2]
set_property PROBE_TYPE DATA_AND_TRIGGER [get_debug_ports u_ila_0/probe2]
connect_debug_port u_ila_0/probe2 [get_nets [list {data_2[0]} {data_2[1]} {data_2[2]} {data_2[3]} ]]
create_debug_port u_ila_0 probe
set_property port_width 4 [get_debug_ports u_ila_0/probe3]
set_property PROBE_TYPE DATA_AND_TRIGGER [get_debug_ports u_ila_0/probe3]
connect_debug_port u_ila_0/probe3 [get_nets [list {data_0[0]} {data_0[1]} {data_0[2]} {data_0[3]} ]]
save_constraints
launch_runs impl_1 -to_step write_bitstream -jobs 4
Netlist sorting complete. Time (s): cpu = 00:00:00 ; elapsed = 00:00:00.017 . Memory (MB): peak = 2798.711 ; gain = 0.000
Writing placer database...
INFO: [Timing 38-480] Writing timing data to binary archive.
Writing XDEF routing.
Writing XDEF routing logical nets.
Writing XDEF routing special nets.
Write XDEF Complete: Time (s): cpu = 00:00:01 ; elapsed = 00:00:00.214 . Memory (MB): peak = 2815.934 ; gain = 17.223
[Sun Jun 26 10:56:58 2022] Launched impl_1...
Run output will be captured here: G:/verilog project/CPU_Top/CPU_Top/CPU_Top.runs/impl_1/runme.log
ERROR: [Labtoolstcl 44-513] HW Target shutdown. Closing target: localhost:3121/xilinx_tcf/Digilent/210251A08870
INFO: [Labtoolstcl 44-466] Opening hw_target localhost:3121/xilinx_tcf/Digilent/210251A08870
INFO: [Labtools 27-1434] Device xc7k325t (JTAG device index = 0) is programmed with a design that has no supported debug core(s) in it.
WARNING: [Labtools 27-3361] The debug hub core was not detected.
Resolution: 
1. Make sure the clock connected to the debug hub (dbg_hub) core is a free running clock and is active.
2. Make sure the BSCAN_SWITCH_USER_MASK device property in Vivado Hardware Manager reflects the user scan chain setting in the design and refresh the device.  To determine the user scan chain setting in the design, open the implemented design and use 'get_property C_USER_SCAN_CHAIN [get_debug_cores dbg_hub]'.
For more details on setting the scan chain property, consult the Vivado Debug and Programming User Guide (UG908).
WARNING: [Labtools 27-3413] Dropping logic core with cellname:'u_ila_0' at location 'uuid_23E7D65A79BC59F7BC47406C1714DFAE' from probes file, since it cannot be found on the programmed device.
WARNING: [Labtoolstcl 44-129] No matching hw_ila_data was found.
set_property PROBES.FILE {G:/verilog project/CPU_Top/CPU_Top/CPU_Top.runs/impl_1/CPU_Top.ltx} [get_hw_devices xc7k325t_0]
set_property FULL_PROBES.FILE {G:/verilog project/CPU_Top/CPU_Top/CPU_Top.runs/impl_1/CPU_Top.ltx} [get_hw_devices xc7k325t_0]
set_property PROGRAM.FILE {G:/verilog project/CPU_Top/CPU_Top/CPU_Top.runs/impl_1/CPU_Top.bit} [get_hw_devices xc7k325t_0]
program_hw_devices [get_hw_devices xc7k325t_0]
INFO: [Labtools 27-3164] End of startup status: HIGH
program_hw_devices: Time (s): cpu = 00:00:06 ; elapsed = 00:00:07 . Memory (MB): peak = 2815.934 ; gain = 0.000
refresh_hw_device [lindex [get_hw_devices xc7k325t_0] 0]
INFO: [Labtools 27-2302] Device xc7k325t (JTAG device index = 0) is programmed with a design that has 1 ILA core(s).
display_hw_ila_data [ get_hw_ila_data hw_ila_data_1 -of_objects [get_hw_ilas -of_objects [get_hw_devices xc7k325t_0] -filter {CELL_NAME=~"u_ila_0"}]]
add_wave -into {hw_ila_data_1.wcfg} -radix hex { {data_2} }
run_hw_ila [get_hw_ilas -of_objects [get_hw_devices xc7k325t_0] -filter {CELL_NAME=~"u_ila_0"}]
INFO: [Labtools 27-1964] The ILA core 'hw_ila_1' trigger was armed at 2022-Jun-26 11:10:24
wait_on_hw_ila [get_hw_ilas -of_objects [get_hw_devices xc7k325t_0] -filter {CELL_NAME=~"u_ila_0"}]
display_hw_ila_data [upload_hw_ila_data [get_hw_ilas -of_objects [get_hw_devices xc7k325t_0] -filter {CELL_NAME=~"u_ila_0"}]]
INFO: [Labtools 27-1966] The ILA core 'hw_ila_1' triggered at 2022-Jun-26 11:10:24
INFO: [Labtools 27-3304] ILA Waveform data saved to file G:/verilog project/CPU_Top/CPU_Top/CPU_Top.hw/backup/hw_ila_data_1.ila. Use Tcl command 'read_hw_ila_data' or Vivado File->Import->Import ILA Data menu item to import the previously saved data.
reset_run synth_1
launch_runs synth_1 -jobs 4
[Sun Jun 26 11:26:50 2022] Launched synth_1...
Run output will be captured here: G:/verilog project/CPU_Top/CPU_Top/CPU_Top.runs/synth_1/runme.log
ERROR: [Labtoolstcl 44-513] HW Target shutdown. Closing target: localhost:3121/xilinx_tcf/Digilent/210251A08870
delete_debug_core [get_debug_cores {u_ila_0 }]
create_debug_core u_ila_0 ila
set_property C_DATA_DEPTH 1024 [get_debug_cores u_ila_0]
set_property C_TRIGIN_EN false [get_debug_cores u_ila_0]
set_property C_TRIGOUT_EN false [get_debug_cores u_ila_0]
set_property C_ADV_TRIGGER false [get_debug_cores u_ila_0]
set_property C_INPUT_PIPE_STAGES 0 [get_debug_cores u_ila_0]
set_property C_EN_STRG_QUAL false [get_debug_cores u_ila_0]
set_property ALL_PROBE_SAME_MU true [get_debug_cores u_ila_0]
set_property ALL_PROBE_SAME_MU_CNT 1 [get_debug_cores u_ila_0]
startgroup 
set_property C_EN_STRG_QUAL true [get_debug_cores u_ila_0 ]
set_property C_ADV_TRIGGER true [get_debug_cores u_ila_0 ]
set_property ALL_PROBE_SAME_MU true [get_debug_cores u_ila_0 ]
set_property ALL_PROBE_SAME_MU_CNT 4 [get_debug_cores u_ila_0 ]
endgroup
connect_debug_port u_ila_0/clk [get_nets [list clk_50M_IBUF_BUFG ]]
set_property port_width 32 [get_debug_ports u_ila_0/probe0]
set_property PROBE_TYPE DATA_AND_TRIGGER [get_debug_ports u_ila_0/probe0]
connect_debug_port u_ila_0/probe0 [get_nets [list {Data_Mem_WriteData[0]} {Data_Mem_WriteData[1]} {Data_Mem_WriteData[2]} {Data_Mem_WriteData[3]} {Data_Mem_WriteData[4]} {Data_Mem_WriteData[5]} {Data_Mem_WriteData[6]} {Data_Mem_WriteData[7]} {Data_Mem_WriteData[8]} {Data_Mem_WriteData[9]} {Data_Mem_WriteData[10]} {Data_Mem_WriteData[11]} {Data_Mem_WriteData[12]} {Data_Mem_WriteData[13]} {Data_Mem_WriteData[14]} {Data_Mem_WriteData[15]} {Data_Mem_WriteData[16]} {Data_Mem_WriteData[17]} {Data_Mem_WriteData[18]} {Data_Mem_WriteData[19]} {Data_Mem_WriteData[20]} {Data_Mem_WriteData[21]} {Data_Mem_WriteData[22]} {Data_Mem_WriteData[23]} {Data_Mem_WriteData[24]} {Data_Mem_WriteData[25]} {Data_Mem_WriteData[26]} {Data_Mem_WriteData[27]} {Data_Mem_WriteData[28]} {Data_Mem_WriteData[29]} {Data_Mem_WriteData[30]} {Data_Mem_WriteData[31]} ]]
create_debug_port u_ila_0 probe
set_property port_width 4 [get_debug_ports u_ila_0/probe1]
set_property PROBE_TYPE DATA_AND_TRIGGER [get_debug_ports u_ila_0/probe1]
connect_debug_port u_ila_0/probe1 [get_nets [list {data_1[0]} {data_1[1]} {data_1[2]} {data_1[3]} ]]
create_debug_port u_ila_0 probe
set_property port_width 4 [get_debug_ports u_ila_0/probe2]
set_property PROBE_TYPE DATA_AND_TRIGGER [get_debug_ports u_ila_0/probe2]
connect_debug_port u_ila_0/probe2 [get_nets [list {data_2[0]} {data_2[1]} {data_2[2]} {data_2[3]} ]]
create_debug_port u_ila_0 probe
set_property port_width 4 [get_debug_ports u_ila_0/probe3]
set_property PROBE_TYPE DATA_AND_TRIGGER [get_debug_ports u_ila_0/probe3]
connect_debug_port u_ila_0/probe3 [get_nets [list {data_0[0]} {data_0[1]} {data_0[2]} {data_0[3]} ]]
save_constraints -force
launch_runs impl_1 -to_step write_bitstream -jobs 4
WARNING: [Project 1-478] Design 'synth_1' is stale and will not be used when launching 'impl_1'
[Sun Jun 26 11:29:48 2022] Launched impl_1...
Run output will be captured here: G:/verilog project/CPU_Top/CPU_Top/CPU_Top.runs/impl_1/runme.log
INFO: [Labtoolstcl 44-466] Opening hw_target localhost:3121/xilinx_tcf/Digilent/210251A08870
INFO: [Labtools 27-1434] Device xc7k325t (JTAG device index = 0) is programmed with a design that has no supported debug core(s) in it.
WARNING: [Labtools 27-3361] The debug hub core was not detected.
Resolution: 
1. Make sure the clock connected to the debug hub (dbg_hub) core is a free running clock and is active.
2. Make sure the BSCAN_SWITCH_USER_MASK device property in Vivado Hardware Manager reflects the user scan chain setting in the design and refresh the device.  To determine the user scan chain setting in the design, open the implemented design and use 'get_property C_USER_SCAN_CHAIN [get_debug_cores dbg_hub]'.
For more details on setting the scan chain property, consult the Vivado Debug and Programming User Guide (UG908).
WARNING: [Labtools 27-3413] Dropping logic core with cellname:'u_ila_0' at location 'uuid_23E7D65A79BC59F7BC47406C1714DFAE' from probes file, since it cannot be found on the programmed device.
WARNING: [Labtoolstcl 44-129] No matching hw_ila_data was found.
set_property PROBES.FILE {G:/verilog project/CPU_Top/CPU_Top/CPU_Top.runs/impl_1/CPU_Top.ltx} [get_hw_devices xc7k325t_0]
set_property FULL_PROBES.FILE {G:/verilog project/CPU_Top/CPU_Top/CPU_Top.runs/impl_1/CPU_Top.ltx} [get_hw_devices xc7k325t_0]
set_property PROGRAM.FILE {G:/verilog project/CPU_Top/CPU_Top/CPU_Top.runs/impl_1/CPU_Top.bit} [get_hw_devices xc7k325t_0]
program_hw_devices [get_hw_devices xc7k325t_0]
INFO: [Labtools 27-3164] End of startup status: HIGH
program_hw_devices: Time (s): cpu = 00:00:07 ; elapsed = 00:00:07 . Memory (MB): peak = 3196.387 ; gain = 0.000
refresh_hw_device [lindex [get_hw_devices xc7k325t_0] 0]
INFO: [Labtools 27-2302] Device xc7k325t (JTAG device index = 0) is programmed with a design that has 1 ILA core(s).
display_hw_ila_data [ get_hw_ila_data hw_ila_data_1 -of_objects [get_hw_ilas -of_objects [get_hw_devices xc7k325t_0] -filter {CELL_NAME=~"u_ila_0"}]]
set_property TRIGGER_COMPARE_VALUE eq4'u5 [get_hw_probes data_0 -of_objects [get_hw_ilas -of_objects [get_hw_devices xc7k325t_0] -filter {CELL_NAME=~"u_ila_0"}]]
run_hw_ila [get_hw_ilas -of_objects [get_hw_devices xc7k325t_0] -filter {CELL_NAME=~"u_ila_0"}]
INFO: [Labtools 27-1964] The ILA core 'hw_ila_1' trigger was armed at 2022-Jun-26 11:45:42
set_property TRIGGER_COMPARE_VALUE eq4'u0 [get_hw_probes data_0 -of_objects [get_hw_ilas -of_objects [get_hw_devices xc7k325t_0] -filter {CELL_NAME=~"u_ila_0"}]]
wait_on_hw_ila -timeout 0 [get_hw_ilas -of_objects [get_hw_devices xc7k325t_0] -filter {CELL_NAME=~"u_ila_0"}]
upload_hw_ila_data [get_hw_ilas -of_objects [get_hw_devices xc7k325t_0] -filter {CELL_NAME=~"u_ila_0"}]
INFO: [Labtools 27-1965] The ILA core 'hw_ila_1' trigger was stopped by user at 2022-Jun-26 11:46:00
WARNING: [Labtools 27-157] hw_ila [hw_ila_1] stopped. No data to upload.
run_hw_ila [get_hw_ilas -of_objects [get_hw_devices xc7k325t_0] -filter {CELL_NAME=~"u_ila_0"}]
INFO: [Labtools 27-1964] The ILA core 'hw_ila_1' trigger was armed at 2022-Jun-26 11:46:01
wait_on_hw_ila [get_hw_ilas -of_objects [get_hw_devices xc7k325t_0] -filter {CELL_NAME=~"u_ila_0"}]
display_hw_ila_data [upload_hw_ila_data [get_hw_ilas -of_objects [get_hw_devices xc7k325t_0] -filter {CELL_NAME=~"u_ila_0"}]]
INFO: [Labtools 27-1966] The ILA core 'hw_ila_1' triggered at 2022-Jun-26 11:46:01
INFO: [Labtools 27-3304] ILA Waveform data saved to file G:/verilog project/CPU_Top/CPU_Top/CPU_Top.hw/backup/hw_ila_data_1.ila. Use Tcl command 'read_hw_ila_data' or Vivado File->Import->Import ILA Data menu item to import the previously saved data.
reset_run impl_1 -prev_step 
launch_runs impl_1 -to_step write_bitstream -jobs 4
[Sun Jun 26 11:47:53 2022] Launched impl_1...
Run output will be captured here: G:/verilog project/CPU_Top/CPU_Top/CPU_Top.runs/impl_1/runme.log
ERROR: [Labtoolstcl 44-513] HW Target shutdown. Closing target: localhost:3121/xilinx_tcf/Digilent/210251A08870
INFO: [Labtoolstcl 44-466] Opening hw_target localhost:3121/xilinx_tcf/Digilent/210251A08870
INFO: [Labtools 27-1434] Device xc7k325t (JTAG device index = 0) is programmed with a design that has no supported debug core(s) in it.
WARNING: [Labtools 27-3361] The debug hub core was not detected.
Resolution: 
1. Make sure the clock connected to the debug hub (dbg_hub) core is a free running clock and is active.
2. Make sure the BSCAN_SWITCH_USER_MASK device property in Vivado Hardware Manager reflects the user scan chain setting in the design and refresh the device.  To determine the user scan chain setting in the design, open the implemented design and use 'get_property C_USER_SCAN_CHAIN [get_debug_cores dbg_hub]'.
For more details on setting the scan chain property, consult the Vivado Debug and Programming User Guide (UG908).
WARNING: [Labtools 27-3413] Dropping logic core with cellname:'u_ila_0' at location 'uuid_23E7D65A79BC59F7BC47406C1714DFAE' from probes file, since it cannot be found on the programmed device.
WARNING: [Labtoolstcl 44-129] No matching hw_ila_data was found.
set_property PROBES.FILE {G:/verilog project/CPU_Top/CPU_Top/CPU_Top.runs/impl_1/CPU_Top.ltx} [get_hw_devices xc7k325t_0]
set_property FULL_PROBES.FILE {G:/verilog project/CPU_Top/CPU_Top/CPU_Top.runs/impl_1/CPU_Top.ltx} [get_hw_devices xc7k325t_0]
set_property PROGRAM.FILE {G:/verilog project/CPU_Top/CPU_Top/CPU_Top.runs/impl_1/CPU_Top.bit} [get_hw_devices xc7k325t_0]
program_hw_devices [get_hw_devices xc7k325t_0]
INFO: [Labtools 27-3164] End of startup status: HIGH
program_hw_devices: Time (s): cpu = 00:00:07 ; elapsed = 00:00:07 . Memory (MB): peak = 3196.387 ; gain = 0.000
refresh_hw_device [lindex [get_hw_devices xc7k325t_0] 0]
INFO: [Labtools 27-2302] Device xc7k325t (JTAG device index = 0) is programmed with a design that has 1 ILA core(s).
display_hw_ila_data [ get_hw_ila_data hw_ila_data_1 -of_objects [get_hw_ilas -of_objects [get_hw_devices xc7k325t_0] -filter {CELL_NAME=~"u_ila_0"}]]
set_property TRIGGER_COMPARE_VALUE eq4'u6 [get_hw_probes data_0 -of_objects [get_hw_ilas -of_objects [get_hw_devices xc7k325t_0] -filter {CELL_NAME=~"u_ila_0"}]]
run_hw_ila [get_hw_ilas -of_objects [get_hw_devices xc7k325t_0] -filter {CELL_NAME=~"u_ila_0"}]
INFO: [Labtools 27-1964] The ILA core 'hw_ila_1' trigger was armed at 2022-Jun-26 11:50:42
wait_on_hw_ila [get_hw_ilas -of_objects [get_hw_devices xc7k325t_0] -filter {CELL_NAME=~"u_ila_0"}]
display_hw_ila_data [upload_hw_ila_data [get_hw_ilas -of_objects [get_hw_devices xc7k325t_0] -filter {CELL_NAME=~"u_ila_0"}]]
INFO: [Labtools 27-1966] The ILA core 'hw_ila_1' triggered at 2022-Jun-26 11:50:53
INFO: [Labtools 27-3304] ILA Waveform data saved to file G:/verilog project/CPU_Top/CPU_Top/CPU_Top.hw/backup/hw_ila_data_1.ila. Use Tcl command 'read_hw_ila_data' or Vivado File->Import->Import ILA Data menu item to import the previously saved data.
reset_run impl_1 -prev_step 
launch_runs impl_1 -to_step write_bitstream -jobs 4
[Sun Jun 26 11:52:02 2022] Launched impl_1...
Run output will be captured here: G:/verilog project/CPU_Top/CPU_Top/CPU_Top.runs/impl_1/runme.log
set_property PROBES.FILE {G:/verilog project/CPU_Top/CPU_Top/CPU_Top.runs/impl_1/CPU_Top.ltx} [get_hw_devices xc7k325t_0]
set_property FULL_PROBES.FILE {G:/verilog project/CPU_Top/CPU_Top/CPU_Top.runs/impl_1/CPU_Top.ltx} [get_hw_devices xc7k325t_0]
set_property PROGRAM.FILE {G:/verilog project/CPU_Top/CPU_Top/CPU_Top.runs/impl_1/CPU_Top.bit} [get_hw_devices xc7k325t_0]
program_hw_devices [get_hw_devices xc7k325t_0]
INFO: [Labtools 27-3164] End of startup status: HIGH
program_hw_devices: Time (s): cpu = 00:00:07 ; elapsed = 00:00:07 . Memory (MB): peak = 3196.387 ; gain = 0.000
refresh_hw_device [lindex [get_hw_devices xc7k325t_0] 0]
INFO: [Labtools 27-2302] Device xc7k325t (JTAG device index = 0) is programmed with a design that has 1 ILA core(s).
set_property TRIGGER_COMPARE_VALUE eq4'u0 [get_hw_probes data_0 -of_objects [get_hw_ilas -of_objects [get_hw_devices xc7k325t_0] -filter {CELL_NAME=~"u_ila_0"}]]
run_hw_ila [get_hw_ilas -of_objects [get_hw_devices xc7k325t_0] -filter {CELL_NAME=~"u_ila_0"}]
INFO: [Labtools 27-1964] The ILA core 'hw_ila_1' trigger was armed at 2022-Jun-26 11:54:37
wait_on_hw_ila [get_hw_ilas -of_objects [get_hw_devices xc7k325t_0] -filter {CELL_NAME=~"u_ila_0"}]
display_hw_ila_data [upload_hw_ila_data [get_hw_ilas -of_objects [get_hw_devices xc7k325t_0] -filter {CELL_NAME=~"u_ila_0"}]]
INFO: [Labtools 27-1966] The ILA core 'hw_ila_1' triggered at 2022-Jun-26 11:54:37
INFO: [Labtools 27-3304] ILA Waveform data saved to file G:/verilog project/CPU_Top/CPU_Top/CPU_Top.hw/backup/hw_ila_data_1.ila. Use Tcl command 'read_hw_ila_data' or Vivado File->Import->Import ILA Data menu item to import the previously saved data.
reset_run synth_1
launch_runs synth_1 -jobs 4
[Sun Jun 26 11:54:53 2022] Launched synth_1...
Run output will be captured here: G:/verilog project/CPU_Top/CPU_Top/CPU_Top.runs/synth_1/runme.log
ERROR: [Labtoolstcl 44-513] HW Target shutdown. Closing target: localhost:3121/xilinx_tcf/Digilent/210251A08870
delete_debug_core [get_debug_cores {u_ila_0 }]
create_debug_core u_ila_0 ila
set_property C_DATA_DEPTH 1024 [get_debug_cores u_ila_0]
set_property C_TRIGIN_EN false [get_debug_cores u_ila_0]
set_property C_TRIGOUT_EN false [get_debug_cores u_ila_0]
set_property C_ADV_TRIGGER false [get_debug_cores u_ila_0]
set_property C_INPUT_PIPE_STAGES 0 [get_debug_cores u_ila_0]
set_property C_EN_STRG_QUAL false [get_debug_cores u_ila_0]
set_property ALL_PROBE_SAME_MU true [get_debug_cores u_ila_0]
set_property ALL_PROBE_SAME_MU_CNT 1 [get_debug_cores u_ila_0]
startgroup 
set_property C_EN_STRG_QUAL true [get_debug_cores u_ila_0 ]
set_property C_ADV_TRIGGER true [get_debug_cores u_ila_0 ]
set_property ALL_PROBE_SAME_MU true [get_debug_cores u_ila_0 ]
set_property ALL_PROBE_SAME_MU_CNT 4 [get_debug_cores u_ila_0 ]
endgroup
connect_debug_port u_ila_0/clk [get_nets [list clk_50M_IBUF_BUFG ]]
set_property port_width 32 [get_debug_ports u_ila_0/probe0]
set_property PROBE_TYPE DATA_AND_TRIGGER [get_debug_ports u_ila_0/probe0]
connect_debug_port u_ila_0/probe0 [get_nets [list {Data_Mem_WriteData[0]} {Data_Mem_WriteData[1]} {Data_Mem_WriteData[2]} {Data_Mem_WriteData[3]} {Data_Mem_WriteData[4]} {Data_Mem_WriteData[5]} {Data_Mem_WriteData[6]} {Data_Mem_WriteData[7]} {Data_Mem_WriteData[8]} {Data_Mem_WriteData[9]} {Data_Mem_WriteData[10]} {Data_Mem_WriteData[11]} {Data_Mem_WriteData[12]} {Data_Mem_WriteData[13]} {Data_Mem_WriteData[14]} {Data_Mem_WriteData[15]} {Data_Mem_WriteData[16]} {Data_Mem_WriteData[17]} {Data_Mem_WriteData[18]} {Data_Mem_WriteData[19]} {Data_Mem_WriteData[20]} {Data_Mem_WriteData[21]} {Data_Mem_WriteData[22]} {Data_Mem_WriteData[23]} {Data_Mem_WriteData[24]} {Data_Mem_WriteData[25]} {Data_Mem_WriteData[26]} {Data_Mem_WriteData[27]} {Data_Mem_WriteData[28]} {Data_Mem_WriteData[29]} {Data_Mem_WriteData[30]} {Data_Mem_WriteData[31]} ]]
create_debug_port u_ila_0 probe
set_property port_width 4 [get_debug_ports u_ila_0/probe1]
set_property PROBE_TYPE DATA_AND_TRIGGER [get_debug_ports u_ila_0/probe1]
connect_debug_port u_ila_0/probe1 [get_nets [list {data_1[0]} {data_1[1]} {data_1[2]} {data_1[3]} ]]
create_debug_port u_ila_0 probe
set_property port_width 4 [get_debug_ports u_ila_0/probe2]
set_property PROBE_TYPE DATA_AND_TRIGGER [get_debug_ports u_ila_0/probe2]
connect_debug_port u_ila_0/probe2 [get_nets [list {data_2[0]} {data_2[1]} {data_2[2]} {data_2[3]} ]]
create_debug_port u_ila_0 probe
set_property port_width 4 [get_debug_ports u_ila_0/probe3]
set_property PROBE_TYPE DATA_AND_TRIGGER [get_debug_ports u_ila_0/probe3]
connect_debug_port u_ila_0/probe3 [get_nets [list {data_0[0]} {data_0[1]} {data_0[2]} {data_0[3]} ]]
save_constraints -force
launch_runs impl_1 -to_step write_bitstream -jobs 4
WARNING: [Project 1-478] Design 'synth_1' is stale and will not be used when launching 'impl_1'
[Sun Jun 26 11:58:00 2022] Launched impl_1...
Run output will be captured here: G:/verilog project/CPU_Top/CPU_Top/CPU_Top.runs/impl_1/runme.log
INFO: [Labtoolstcl 44-466] Opening hw_target localhost:3121/xilinx_tcf/Digilent/210251A08870
INFO: [Labtools 27-1434] Device xc7k325t (JTAG device index = 0) is programmed with a design that has no supported debug core(s) in it.
WARNING: [Labtools 27-3361] The debug hub core was not detected.
Resolution: 
1. Make sure the clock connected to the debug hub (dbg_hub) core is a free running clock and is active.
2. Make sure the BSCAN_SWITCH_USER_MASK device property in Vivado Hardware Manager reflects the user scan chain setting in the design and refresh the device.  To determine the user scan chain setting in the design, open the implemented design and use 'get_property C_USER_SCAN_CHAIN [get_debug_cores dbg_hub]'.
For more details on setting the scan chain property, consult the Vivado Debug and Programming User Guide (UG908).
WARNING: [Labtools 27-3413] Dropping logic core with cellname:'u_ila_0' at location 'uuid_23E7D65A79BC59F7BC47406C1714DFAE' from probes file, since it cannot be found on the programmed device.
WARNING: [Labtoolstcl 44-129] No matching hw_ila_data was found.
set_property PROBES.FILE {G:/verilog project/CPU_Top/CPU_Top/CPU_Top.runs/impl_1/CPU_Top.ltx} [get_hw_devices xc7k325t_0]
set_property FULL_PROBES.FILE {G:/verilog project/CPU_Top/CPU_Top/CPU_Top.runs/impl_1/CPU_Top.ltx} [get_hw_devices xc7k325t_0]
set_property PROGRAM.FILE {G:/verilog project/CPU_Top/CPU_Top/CPU_Top.runs/impl_1/CPU_Top.bit} [get_hw_devices xc7k325t_0]
program_hw_devices [get_hw_devices xc7k325t_0]
INFO: [Labtools 27-3164] End of startup status: HIGH
program_hw_devices: Time (s): cpu = 00:00:07 ; elapsed = 00:00:07 . Memory (MB): peak = 3196.387 ; gain = 0.000
refresh_hw_device [lindex [get_hw_devices xc7k325t_0] 0]
INFO: [Labtools 27-2302] Device xc7k325t (JTAG device index = 0) is programmed with a design that has 1 ILA core(s).
display_hw_ila_data [ get_hw_ila_data hw_ila_data_1 -of_objects [get_hw_ilas -of_objects [get_hw_devices xc7k325t_0] -filter {CELL_NAME=~"u_ila_0"}]]
run_hw_ila [get_hw_ilas -of_objects [get_hw_devices xc7k325t_0] -filter {CELL_NAME=~"u_ila_0"}]
INFO: [Labtools 27-1964] The ILA core 'hw_ila_1' trigger was armed at 2022-Jun-26 12:09:35
wait_on_hw_ila [get_hw_ilas -of_objects [get_hw_devices xc7k325t_0] -filter {CELL_NAME=~"u_ila_0"}]
display_hw_ila_data [upload_hw_ila_data [get_hw_ilas -of_objects [get_hw_devices xc7k325t_0] -filter {CELL_NAME=~"u_ila_0"}]]
INFO: [Labtools 27-1966] The ILA core 'hw_ila_1' triggered at 2022-Jun-26 12:09:35
INFO: [Labtools 27-3304] ILA Waveform data saved to file G:/verilog project/CPU_Top/CPU_Top/CPU_Top.hw/backup/hw_ila_data_1.ila. Use Tcl command 'read_hw_ila_data' or Vivado File->Import->Import ILA Data menu item to import the previously saved data.
ERROR: [Labtoolstcl 44-513] HW Target shutdown. Closing target: localhost:3121/xilinx_tcf/Digilent/210251A08870
reset_run synth_1
launch_runs synth_1 -jobs 4
[Sun Jun 26 12:12:24 2022] Launched synth_1...
Run output will be captured here: G:/verilog project/CPU_Top/CPU_Top/CPU_Top.runs/synth_1/runme.log
delete_debug_core [get_debug_cores {u_ila_0 }]
create_debug_core u_ila_0 ila
set_property C_DATA_DEPTH 1024 [get_debug_cores u_ila_0]
set_property C_TRIGIN_EN false [get_debug_cores u_ila_0]
set_property C_TRIGOUT_EN false [get_debug_cores u_ila_0]
set_property C_ADV_TRIGGER false [get_debug_cores u_ila_0]
set_property C_INPUT_PIPE_STAGES 0 [get_debug_cores u_ila_0]
set_property C_EN_STRG_QUAL false [get_debug_cores u_ila_0]
set_property ALL_PROBE_SAME_MU true [get_debug_cores u_ila_0]
set_property ALL_PROBE_SAME_MU_CNT 1 [get_debug_cores u_ila_0]
startgroup 
set_property C_EN_STRG_QUAL true [get_debug_cores u_ila_0 ]
set_property C_ADV_TRIGGER true [get_debug_cores u_ila_0 ]
set_property ALL_PROBE_SAME_MU true [get_debug_cores u_ila_0 ]
set_property ALL_PROBE_SAME_MU_CNT 4 [get_debug_cores u_ila_0 ]
endgroup
connect_debug_port u_ila_0/clk [get_nets [list clk_50M_IBUF_BUFG ]]
set_property port_width 32 [get_debug_ports u_ila_0/probe0]
set_property PROBE_TYPE DATA_AND_TRIGGER [get_debug_ports u_ila_0/probe0]
connect_debug_port u_ila_0/probe0 [get_nets [list {Data_Mem_WriteData[0]} {Data_Mem_WriteData[1]} {Data_Mem_WriteData[2]} {Data_Mem_WriteData[3]} {Data_Mem_WriteData[4]} {Data_Mem_WriteData[5]} {Data_Mem_WriteData[6]} {Data_Mem_WriteData[7]} {Data_Mem_WriteData[8]} {Data_Mem_WriteData[9]} {Data_Mem_WriteData[10]} {Data_Mem_WriteData[11]} {Data_Mem_WriteData[12]} {Data_Mem_WriteData[13]} {Data_Mem_WriteData[14]} {Data_Mem_WriteData[15]} {Data_Mem_WriteData[16]} {Data_Mem_WriteData[17]} {Data_Mem_WriteData[18]} {Data_Mem_WriteData[19]} {Data_Mem_WriteData[20]} {Data_Mem_WriteData[21]} {Data_Mem_WriteData[22]} {Data_Mem_WriteData[23]} {Data_Mem_WriteData[24]} {Data_Mem_WriteData[25]} {Data_Mem_WriteData[26]} {Data_Mem_WriteData[27]} {Data_Mem_WriteData[28]} {Data_Mem_WriteData[29]} {Data_Mem_WriteData[30]} {Data_Mem_WriteData[31]} ]]
create_debug_port u_ila_0 probe
set_property port_width 4 [get_debug_ports u_ila_0/probe1]
set_property PROBE_TYPE DATA_AND_TRIGGER [get_debug_ports u_ila_0/probe1]
connect_debug_port u_ila_0/probe1 [get_nets [list {data_1[0]} {data_1[1]} {data_1[2]} {data_1[3]} ]]
create_debug_port u_ila_0 probe
set_property port_width 4 [get_debug_ports u_ila_0/probe2]
set_property PROBE_TYPE DATA_AND_TRIGGER [get_debug_ports u_ila_0/probe2]
connect_debug_port u_ila_0/probe2 [get_nets [list {data_2[0]} {data_2[1]} {data_2[2]} {data_2[3]} ]]
create_debug_port u_ila_0 probe
set_property port_width 4 [get_debug_ports u_ila_0/probe3]
set_property PROBE_TYPE DATA_AND_TRIGGER [get_debug_ports u_ila_0/probe3]
connect_debug_port u_ila_0/probe3 [get_nets [list {data_0[0]} {data_0[1]} {data_0[2]} {data_0[3]} ]]
save_constraints -force
launch_runs impl_1 -to_step write_bitstream -jobs 4
WARNING: [Project 1-478] Design 'synth_1' is stale and will not be used when launching 'impl_1'
[Sun Jun 26 12:15:09 2022] Launched impl_1...
Run output will be captured here: G:/verilog project/CPU_Top/CPU_Top/CPU_Top.runs/impl_1/runme.log
INFO: [Labtoolstcl 44-466] Opening hw_target localhost:3121/xilinx_tcf/Digilent/210251A08870
INFO: [Labtools 27-1434] Device xc7k325t (JTAG device index = 0) is programmed with a design that has no supported debug core(s) in it.
WARNING: [Labtools 27-3361] The debug hub core was not detected.
Resolution: 
1. Make sure the clock connected to the debug hub (dbg_hub) core is a free running clock and is active.
2. Make sure the BSCAN_SWITCH_USER_MASK device property in Vivado Hardware Manager reflects the user scan chain setting in the design and refresh the device.  To determine the user scan chain setting in the design, open the implemented design and use 'get_property C_USER_SCAN_CHAIN [get_debug_cores dbg_hub]'.
For more details on setting the scan chain property, consult the Vivado Debug and Programming User Guide (UG908).
WARNING: [Labtools 27-3413] Dropping logic core with cellname:'u_ila_0' at location 'uuid_23E7D65A79BC59F7BC47406C1714DFAE' from probes file, since it cannot be found on the programmed device.
WARNING: [Labtoolstcl 44-129] No matching hw_ila_data was found.
set_property PROBES.FILE {G:/verilog project/CPU_Top/CPU_Top/CPU_Top.runs/impl_1/CPU_Top.ltx} [get_hw_devices xc7k325t_0]
set_property FULL_PROBES.FILE {G:/verilog project/CPU_Top/CPU_Top/CPU_Top.runs/impl_1/CPU_Top.ltx} [get_hw_devices xc7k325t_0]
set_property PROGRAM.FILE {G:/verilog project/CPU_Top/CPU_Top/CPU_Top.runs/impl_1/CPU_Top.bit} [get_hw_devices xc7k325t_0]
program_hw_devices [get_hw_devices xc7k325t_0]
INFO: [Labtools 27-3164] End of startup status: HIGH
program_hw_devices: Time (s): cpu = 00:00:07 ; elapsed = 00:00:07 . Memory (MB): peak = 3270.742 ; gain = 0.000
refresh_hw_device [lindex [get_hw_devices xc7k325t_0] 0]
INFO: [Labtools 27-2302] Device xc7k325t (JTAG device index = 0) is programmed with a design that has 1 ILA core(s).
display_hw_ila_data [ get_hw_ila_data hw_ila_data_1 -of_objects [get_hw_ilas -of_objects [get_hw_devices xc7k325t_0] -filter {CELL_NAME=~"u_ila_0"}]]
set_property TRIGGER_COMPARE_VALUE eq4'u6 [get_hw_probes data_0 -of_objects [get_hw_ilas -of_objects [get_hw_devices xc7k325t_0] -filter {CELL_NAME=~"u_ila_0"}]]
run_hw_ila [get_hw_ilas -of_objects [get_hw_devices xc7k325t_0] -filter {CELL_NAME=~"u_ila_0"}]
INFO: [Labtools 27-1964] The ILA core 'hw_ila_1' trigger was armed at 2022-Jun-26 12:25:59
set_property TRIGGER_COMPARE_VALUE eq4'u5 [get_hw_probes data_0 -of_objects [get_hw_ilas -of_objects [get_hw_devices xc7k325t_0] -filter {CELL_NAME=~"u_ila_0"}]]
wait_on_hw_ila -timeout 0 [get_hw_ilas -of_objects [get_hw_devices xc7k325t_0] -filter {CELL_NAME=~"u_ila_0"}]
upload_hw_ila_data [get_hw_ilas -of_objects [get_hw_devices xc7k325t_0] -filter {CELL_NAME=~"u_ila_0"}]
INFO: [Labtools 27-1965] The ILA core 'hw_ila_1' trigger was stopped by user at 2022-Jun-26 12:27:21
WARNING: [Labtools 27-157] hw_ila [hw_ila_1] stopped. No data to upload.
run_hw_ila [get_hw_ilas -of_objects [get_hw_devices xc7k325t_0] -filter {CELL_NAME=~"u_ila_0"}]
INFO: [Labtools 27-1964] The ILA core 'hw_ila_1' trigger was armed at 2022-Jun-26 12:27:23
wait_on_hw_ila [get_hw_ilas -of_objects [get_hw_devices xc7k325t_0] -filter {CELL_NAME=~"u_ila_0"}]
display_hw_ila_data [upload_hw_ila_data [get_hw_ilas -of_objects [get_hw_devices xc7k325t_0] -filter {CELL_NAME=~"u_ila_0"}]]
INFO: [Labtools 27-1966] The ILA core 'hw_ila_1' triggered at 2022-Jun-26 12:27:23
INFO: [Labtools 27-3304] ILA Waveform data saved to file G:/verilog project/CPU_Top/CPU_Top/CPU_Top.hw/backup/hw_ila_data_1.ila. Use Tcl command 'read_hw_ila_data' or Vivado File->Import->Import ILA Data menu item to import the previously saved data.
reset_run synth_1
launch_runs synth_1 -jobs 4
[Sun Jun 26 12:29:31 2022] Launched synth_1...
Run output will be captured here: G:/verilog project/CPU_Top/CPU_Top/CPU_Top.runs/synth_1/runme.log
delete_debug_core [get_debug_cores {u_ila_0 }]
create_debug_core u_ila_0 ila
set_property C_DATA_DEPTH 1024 [get_debug_cores u_ila_0]
set_property C_TRIGIN_EN false [get_debug_cores u_ila_0]
set_property C_TRIGOUT_EN false [get_debug_cores u_ila_0]
set_property C_ADV_TRIGGER false [get_debug_cores u_ila_0]
set_property C_INPUT_PIPE_STAGES 0 [get_debug_cores u_ila_0]
set_property C_EN_STRG_QUAL false [get_debug_cores u_ila_0]
set_property ALL_PROBE_SAME_MU true [get_debug_cores u_ila_0]
set_property ALL_PROBE_SAME_MU_CNT 1 [get_debug_cores u_ila_0]
startgroup 
set_property C_EN_STRG_QUAL true [get_debug_cores u_ila_0 ]
set_property C_ADV_TRIGGER true [get_debug_cores u_ila_0 ]
set_property ALL_PROBE_SAME_MU true [get_debug_cores u_ila_0 ]
set_property ALL_PROBE_SAME_MU_CNT 4 [get_debug_cores u_ila_0 ]
endgroup
connect_debug_port u_ila_0/clk [get_nets [list clk_50M_IBUF_BUFG ]]
set_property port_width 32 [get_debug_ports u_ila_0/probe0]
set_property PROBE_TYPE DATA_AND_TRIGGER [get_debug_ports u_ila_0/probe0]
connect_debug_port u_ila_0/probe0 [get_nets [list {Data_Mem_WriteData[0]} {Data_Mem_WriteData[1]} {Data_Mem_WriteData[2]} {Data_Mem_WriteData[3]} {Data_Mem_WriteData[4]} {Data_Mem_WriteData[5]} {Data_Mem_WriteData[6]} {Data_Mem_WriteData[7]} {Data_Mem_WriteData[8]} {Data_Mem_WriteData[9]} {Data_Mem_WriteData[10]} {Data_Mem_WriteData[11]} {Data_Mem_WriteData[12]} {Data_Mem_WriteData[13]} {Data_Mem_WriteData[14]} {Data_Mem_WriteData[15]} {Data_Mem_WriteData[16]} {Data_Mem_WriteData[17]} {Data_Mem_WriteData[18]} {Data_Mem_WriteData[19]} {Data_Mem_WriteData[20]} {Data_Mem_WriteData[21]} {Data_Mem_WriteData[22]} {Data_Mem_WriteData[23]} {Data_Mem_WriteData[24]} {Data_Mem_WriteData[25]} {Data_Mem_WriteData[26]} {Data_Mem_WriteData[27]} {Data_Mem_WriteData[28]} {Data_Mem_WriteData[29]} {Data_Mem_WriteData[30]} {Data_Mem_WriteData[31]} ]]
create_debug_port u_ila_0 probe
set_property port_width 4 [get_debug_ports u_ila_0/probe1]
set_property PROBE_TYPE DATA_AND_TRIGGER [get_debug_ports u_ila_0/probe1]
connect_debug_port u_ila_0/probe1 [get_nets [list {data_1[0]} {data_1[1]} {data_1[2]} {data_1[3]} ]]
create_debug_port u_ila_0 probe
set_property port_width 4 [get_debug_ports u_ila_0/probe2]
set_property PROBE_TYPE DATA_AND_TRIGGER [get_debug_ports u_ila_0/probe2]
connect_debug_port u_ila_0/probe2 [get_nets [list {data_2[0]} {data_2[1]} {data_2[2]} {data_2[3]} ]]
create_debug_port u_ila_0 probe
set_property port_width 4 [get_debug_ports u_ila_0/probe3]
set_property PROBE_TYPE DATA_AND_TRIGGER [get_debug_ports u_ila_0/probe3]
connect_debug_port u_ila_0/probe3 [get_nets [list {data_0[0]} {data_0[1]} {data_0[2]} {data_0[3]} ]]
save_constraints -force
launch_runs impl_1 -to_step write_bitstream -jobs 4
WARNING: [Project 1-478] Design 'synth_1' is stale and will not be used when launching 'impl_1'
[Sun Jun 26 12:32:29 2022] Launched impl_1...
Run output will be captured here: G:/verilog project/CPU_Top/CPU_Top/CPU_Top.runs/impl_1/runme.log
ERROR: [Labtoolstcl 44-513] HW Target shutdown. Closing target: localhost:3121/xilinx_tcf/Digilent/210251A08870
INFO: [Labtoolstcl 44-466] Opening hw_target localhost:3121/xilinx_tcf/Digilent/210251A08870
INFO: [Labtools 27-1434] Device xc7k325t (JTAG device index = 0) is programmed with a design that has no supported debug core(s) in it.
WARNING: [Labtools 27-3361] The debug hub core was not detected.
Resolution: 
1. Make sure the clock connected to the debug hub (dbg_hub) core is a free running clock and is active.
2. Make sure the BSCAN_SWITCH_USER_MASK device property in Vivado Hardware Manager reflects the user scan chain setting in the design and refresh the device.  To determine the user scan chain setting in the design, open the implemented design and use 'get_property C_USER_SCAN_CHAIN [get_debug_cores dbg_hub]'.
For more details on setting the scan chain property, consult the Vivado Debug and Programming User Guide (UG908).
WARNING: [Labtools 27-3413] Dropping logic core with cellname:'u_ila_0' at location 'uuid_23E7D65A79BC59F7BC47406C1714DFAE' from probes file, since it cannot be found on the programmed device.
WARNING: [Labtoolstcl 44-129] No matching hw_ila_data was found.
set_property PROBES.FILE {G:/verilog project/CPU_Top/CPU_Top/CPU_Top.runs/impl_1/CPU_Top.ltx} [get_hw_devices xc7k325t_0]
set_property FULL_PROBES.FILE {G:/verilog project/CPU_Top/CPU_Top/CPU_Top.runs/impl_1/CPU_Top.ltx} [get_hw_devices xc7k325t_0]
set_property PROGRAM.FILE {G:/verilog project/CPU_Top/CPU_Top/CPU_Top.runs/impl_1/CPU_Top.bit} [get_hw_devices xc7k325t_0]
program_hw_devices [get_hw_devices xc7k325t_0]
INFO: [Labtools 27-3164] End of startup status: HIGH
program_hw_devices: Time (s): cpu = 00:00:07 ; elapsed = 00:00:07 . Memory (MB): peak = 3270.742 ; gain = 0.000
refresh_hw_device [lindex [get_hw_devices xc7k325t_0] 0]
INFO: [Labtools 27-2302] Device xc7k325t (JTAG device index = 0) is programmed with a design that has 1 ILA core(s).
display_hw_ila_data [ get_hw_ila_data hw_ila_data_1 -of_objects [get_hw_ilas -of_objects [get_hw_devices xc7k325t_0] -filter {CELL_NAME=~"u_ila_0"}]]
run_hw_ila [get_hw_ilas -of_objects [get_hw_devices xc7k325t_0] -filter {CELL_NAME=~"u_ila_0"}]
INFO: [Labtools 27-1964] The ILA core 'hw_ila_1' trigger was armed at 2022-Jun-26 12:42:37
wait_on_hw_ila [get_hw_ilas -of_objects [get_hw_devices xc7k325t_0] -filter {CELL_NAME=~"u_ila_0"}]
display_hw_ila_data [upload_hw_ila_data [get_hw_ilas -of_objects [get_hw_devices xc7k325t_0] -filter {CELL_NAME=~"u_ila_0"}]]
INFO: [Labtools 27-1966] The ILA core 'hw_ila_1' triggered at 2022-Jun-26 12:42:37
INFO: [Labtools 27-3304] ILA Waveform data saved to file G:/verilog project/CPU_Top/CPU_Top/CPU_Top.hw/backup/hw_ila_data_1.ila. Use Tcl command 'read_hw_ila_data' or Vivado File->Import->Import ILA Data menu item to import the previously saved data.
run_hw_ila [get_hw_ilas -of_objects [get_hw_devices xc7k325t_0] -filter {CELL_NAME=~"u_ila_0"}]
INFO: [Labtools 27-1964] The ILA core 'hw_ila_1' trigger was armed at 2022-Jun-26 12:42:41
wait_on_hw_ila [get_hw_ilas -of_objects [get_hw_devices xc7k325t_0] -filter {CELL_NAME=~"u_ila_0"}]
display_hw_ila_data [upload_hw_ila_data [get_hw_ilas -of_objects [get_hw_devices xc7k325t_0] -filter {CELL_NAME=~"u_ila_0"}]]
INFO: [Labtools 27-1966] The ILA core 'hw_ila_1' triggered at 2022-Jun-26 12:42:41
INFO: [Labtools 27-3304] ILA Waveform data saved to file G:/verilog project/CPU_Top/CPU_Top/CPU_Top.hw/backup/hw_ila_data_1.ila. Use Tcl command 'read_hw_ila_data' or Vivado File->Import->Import ILA Data menu item to import the previously saved data.
run_hw_ila [get_hw_ilas -of_objects [get_hw_devices xc7k325t_0] -filter {CELL_NAME=~"u_ila_0"}]
INFO: [Labtools 27-1964] The ILA core 'hw_ila_1' trigger was armed at 2022-Jun-26 12:42:45
wait_on_hw_ila [get_hw_ilas -of_objects [get_hw_devices xc7k325t_0] -filter {CELL_NAME=~"u_ila_0"}]
display_hw_ila_data [upload_hw_ila_data [get_hw_ilas -of_objects [get_hw_devices xc7k325t_0] -filter {CELL_NAME=~"u_ila_0"}]]
INFO: [Labtools 27-1966] The ILA core 'hw_ila_1' triggered at 2022-Jun-26 12:42:45
INFO: [Labtools 27-3304] ILA Waveform data saved to file G:/verilog project/CPU_Top/CPU_Top/CPU_Top.hw/backup/hw_ila_data_1.ila. Use Tcl command 'read_hw_ila_data' or Vivado File->Import->Import ILA Data menu item to import the previously saved data.
run_hw_ila [get_hw_ilas -of_objects [get_hw_devices xc7k325t_0] -filter {CELL_NAME=~"u_ila_0"}]
INFO: [Labtools 27-1964] The ILA core 'hw_ila_1' trigger was armed at 2022-Jun-26 12:42:49
wait_on_hw_ila [get_hw_ilas -of_objects [get_hw_devices xc7k325t_0] -filter {CELL_NAME=~"u_ila_0"}]
display_hw_ila_data [upload_hw_ila_data [get_hw_ilas -of_objects [get_hw_devices xc7k325t_0] -filter {CELL_NAME=~"u_ila_0"}]]
INFO: [Labtools 27-1966] The ILA core 'hw_ila_1' triggered at 2022-Jun-26 12:42:49
INFO: [Labtools 27-3304] ILA Waveform data saved to file G:/verilog project/CPU_Top/CPU_Top/CPU_Top.hw/backup/hw_ila_data_1.ila. Use Tcl command 'read_hw_ila_data' or Vivado File->Import->Import ILA Data menu item to import the previously saved data.
run_hw_ila [get_hw_ilas -of_objects [get_hw_devices xc7k325t_0] -filter {CELL_NAME=~"u_ila_0"}]
INFO: [Labtools 27-1964] The ILA core 'hw_ila_1' trigger was armed at 2022-Jun-26 12:42:52
wait_on_hw_ila [get_hw_ilas -of_objects [get_hw_devices xc7k325t_0] -filter {CELL_NAME=~"u_ila_0"}]
display_hw_ila_data [upload_hw_ila_data [get_hw_ilas -of_objects [get_hw_devices xc7k325t_0] -filter {CELL_NAME=~"u_ila_0"}]]
INFO: [Labtools 27-1966] The ILA core 'hw_ila_1' triggered at 2022-Jun-26 12:42:52
INFO: [Labtools 27-3304] ILA Waveform data saved to file G:/verilog project/CPU_Top/CPU_Top/CPU_Top.hw/backup/hw_ila_data_1.ila. Use Tcl command 'read_hw_ila_data' or Vivado File->Import->Import ILA Data menu item to import the previously saved data.
run_hw_ila [get_hw_ilas -of_objects [get_hw_devices xc7k325t_0] -filter {CELL_NAME=~"u_ila_0"}]
INFO: [Labtools 27-1964] The ILA core 'hw_ila_1' trigger was armed at 2022-Jun-26 12:42:56
wait_on_hw_ila [get_hw_ilas -of_objects [get_hw_devices xc7k325t_0] -filter {CELL_NAME=~"u_ila_0"}]
display_hw_ila_data [upload_hw_ila_data [get_hw_ilas -of_objects [get_hw_devices xc7k325t_0] -filter {CELL_NAME=~"u_ila_0"}]]
INFO: [Labtools 27-1966] The ILA core 'hw_ila_1' triggered at 2022-Jun-26 12:42:56
INFO: [Labtools 27-3304] ILA Waveform data saved to file G:/verilog project/CPU_Top/CPU_Top/CPU_Top.hw/backup/hw_ila_data_1.ila. Use Tcl command 'read_hw_ila_data' or Vivado File->Import->Import ILA Data menu item to import the previously saved data.
run_hw_ila [get_hw_ilas -of_objects [get_hw_devices xc7k325t_0] -filter {CELL_NAME=~"u_ila_0"}]
INFO: [Labtools 27-1964] The ILA core 'hw_ila_1' trigger was armed at 2022-Jun-26 12:42:59
wait_on_hw_ila [get_hw_ilas -of_objects [get_hw_devices xc7k325t_0] -filter {CELL_NAME=~"u_ila_0"}]
display_hw_ila_data [upload_hw_ila_data [get_hw_ilas -of_objects [get_hw_devices xc7k325t_0] -filter {CELL_NAME=~"u_ila_0"}]]
INFO: [Labtools 27-1966] The ILA core 'hw_ila_1' triggered at 2022-Jun-26 12:42:59
INFO: [Labtools 27-3304] ILA Waveform data saved to file G:/verilog project/CPU_Top/CPU_Top/CPU_Top.hw/backup/hw_ila_data_1.ila. Use Tcl command 'read_hw_ila_data' or Vivado File->Import->Import ILA Data menu item to import the previously saved data.
run_hw_ila [get_hw_ilas -of_objects [get_hw_devices xc7k325t_0] -filter {CELL_NAME=~"u_ila_0"}]
INFO: [Labtools 27-1964] The ILA core 'hw_ila_1' trigger was armed at 2022-Jun-26 12:43:02
wait_on_hw_ila [get_hw_ilas -of_objects [get_hw_devices xc7k325t_0] -filter {CELL_NAME=~"u_ila_0"}]
display_hw_ila_data [upload_hw_ila_data [get_hw_ilas -of_objects [get_hw_devices xc7k325t_0] -filter {CELL_NAME=~"u_ila_0"}]]
INFO: [Labtools 27-1966] The ILA core 'hw_ila_1' triggered at 2022-Jun-26 12:43:02
INFO: [Labtools 27-3304] ILA Waveform data saved to file G:/verilog project/CPU_Top/CPU_Top/CPU_Top.hw/backup/hw_ila_data_1.ila. Use Tcl command 'read_hw_ila_data' or Vivado File->Import->Import ILA Data menu item to import the previously saved data.
run_hw_ila [get_hw_ilas -of_objects [get_hw_devices xc7k325t_0] -filter {CELL_NAME=~"u_ila_0"}]
INFO: [Labtools 27-1964] The ILA core 'hw_ila_1' trigger was armed at 2022-Jun-26 12:43:06
wait_on_hw_ila [get_hw_ilas -of_objects [get_hw_devices xc7k325t_0] -filter {CELL_NAME=~"u_ila_0"}]
display_hw_ila_data [upload_hw_ila_data [get_hw_ilas -of_objects [get_hw_devices xc7k325t_0] -filter {CELL_NAME=~"u_ila_0"}]]
INFO: [Labtools 27-1966] The ILA core 'hw_ila_1' triggered at 2022-Jun-26 12:43:06
INFO: [Labtools 27-3304] ILA Waveform data saved to file G:/verilog project/CPU_Top/CPU_Top/CPU_Top.hw/backup/hw_ila_data_1.ila. Use Tcl command 'read_hw_ila_data' or Vivado File->Import->Import ILA Data menu item to import the previously saved data.
run_hw_ila [get_hw_ilas -of_objects [get_hw_devices xc7k325t_0] -filter {CELL_NAME=~"u_ila_0"}]
INFO: [Labtools 27-1964] The ILA core 'hw_ila_1' trigger was armed at 2022-Jun-26 12:43:10
wait_on_hw_ila [get_hw_ilas -of_objects [get_hw_devices xc7k325t_0] -filter {CELL_NAME=~"u_ila_0"}]
display_hw_ila_data [upload_hw_ila_data [get_hw_ilas -of_objects [get_hw_devices xc7k325t_0] -filter {CELL_NAME=~"u_ila_0"}]]
INFO: [Labtools 27-1966] The ILA core 'hw_ila_1' triggered at 2022-Jun-26 12:43:10
INFO: [Labtools 27-3304] ILA Waveform data saved to file G:/verilog project/CPU_Top/CPU_Top/CPU_Top.hw/backup/hw_ila_data_1.ila. Use Tcl command 'read_hw_ila_data' or Vivado File->Import->Import ILA Data menu item to import the previously saved data.
run_hw_ila [get_hw_ilas -of_objects [get_hw_devices xc7k325t_0] -filter {CELL_NAME=~"u_ila_0"}] -trigger_now
INFO: [Labtools 27-1964] The ILA core 'hw_ila_1' trigger was armed at 2022-Jun-26 12:43:15
wait_on_hw_ila [get_hw_ilas -of_objects [get_hw_devices xc7k325t_0] -filter {CELL_NAME=~"u_ila_0"}]
display_hw_ila_data [upload_hw_ila_data [get_hw_ilas -of_objects [get_hw_devices xc7k325t_0] -filter {CELL_NAME=~"u_ila_0"}]]
INFO: [Labtools 27-1966] The ILA core 'hw_ila_1' triggered at 2022-Jun-26 12:43:15
INFO: [Labtools 27-3304] ILA Waveform data saved to file G:/verilog project/CPU_Top/CPU_Top/CPU_Top.hw/backup/hw_ila_data_1.ila. Use Tcl command 'read_hw_ila_data' or Vivado File->Import->Import ILA Data menu item to import the previously saved data.
run_hw_ila [get_hw_ilas -of_objects [get_hw_devices xc7k325t_0] -filter {CELL_NAME=~"u_ila_0"}]
INFO: [Labtools 27-1964] The ILA core 'hw_ila_1' trigger was armed at 2022-Jun-26 12:43:21
wait_on_hw_ila [get_hw_ilas -of_objects [get_hw_devices xc7k325t_0] -filter {CELL_NAME=~"u_ila_0"}]
display_hw_ila_data [upload_hw_ila_data [get_hw_ilas -of_objects [get_hw_devices xc7k325t_0] -filter {CELL_NAME=~"u_ila_0"}]]
INFO: [Labtools 27-1966] The ILA core 'hw_ila_1' triggered at 2022-Jun-26 12:43:21
INFO: [Labtools 27-3304] ILA Waveform data saved to file G:/verilog project/CPU_Top/CPU_Top/CPU_Top.hw/backup/hw_ila_data_1.ila. Use Tcl command 'read_hw_ila_data' or Vivado File->Import->Import ILA Data menu item to import the previously saved data.
set_property TRIGGER_COMPARE_VALUE eq4'u6 [get_hw_probes data_0 -of_objects [get_hw_ilas -of_objects [get_hw_devices xc7k325t_0] -filter {CELL_NAME=~"u_ila_0"}]]
run_hw_ila [get_hw_ilas -of_objects [get_hw_devices xc7k325t_0] -filter {CELL_NAME=~"u_ila_0"}]
INFO: [Labtools 27-1964] The ILA core 'hw_ila_1' trigger was armed at 2022-Jun-26 12:43:29
reset_run synth_1
launch_runs synth_1 -jobs 4
[Sun Jun 26 12:44:31 2022] Launched synth_1...
Run output will be captured here: G:/verilog project/CPU_Top/CPU_Top/CPU_Top.runs/synth_1/runme.log
delete_debug_core [get_debug_cores {u_ila_0 }]
create_debug_core u_ila_0 ila
set_property C_DATA_DEPTH 1024 [get_debug_cores u_ila_0]
set_property C_TRIGIN_EN false [get_debug_cores u_ila_0]
set_property C_TRIGOUT_EN false [get_debug_cores u_ila_0]
set_property C_ADV_TRIGGER false [get_debug_cores u_ila_0]
set_property C_INPUT_PIPE_STAGES 0 [get_debug_cores u_ila_0]
set_property C_EN_STRG_QUAL false [get_debug_cores u_ila_0]
set_property ALL_PROBE_SAME_MU true [get_debug_cores u_ila_0]
set_property ALL_PROBE_SAME_MU_CNT 1 [get_debug_cores u_ila_0]
startgroup 
set_property C_EN_STRG_QUAL true [get_debug_cores u_ila_0 ]
set_property C_ADV_TRIGGER true [get_debug_cores u_ila_0 ]
set_property ALL_PROBE_SAME_MU true [get_debug_cores u_ila_0 ]
set_property ALL_PROBE_SAME_MU_CNT 4 [get_debug_cores u_ila_0 ]
endgroup
connect_debug_port u_ila_0/clk [get_nets [list clk_50M_IBUF_BUFG ]]
set_property port_width 32 [get_debug_ports u_ila_0/probe0]
set_property PROBE_TYPE DATA_AND_TRIGGER [get_debug_ports u_ila_0/probe0]
connect_debug_port u_ila_0/probe0 [get_nets [list {Data_Mem_WriteData[0]} {Data_Mem_WriteData[1]} {Data_Mem_WriteData[2]} {Data_Mem_WriteData[3]} {Data_Mem_WriteData[4]} {Data_Mem_WriteData[5]} {Data_Mem_WriteData[6]} {Data_Mem_WriteData[7]} {Data_Mem_WriteData[8]} {Data_Mem_WriteData[9]} {Data_Mem_WriteData[10]} {Data_Mem_WriteData[11]} {Data_Mem_WriteData[12]} {Data_Mem_WriteData[13]} {Data_Mem_WriteData[14]} {Data_Mem_WriteData[15]} {Data_Mem_WriteData[16]} {Data_Mem_WriteData[17]} {Data_Mem_WriteData[18]} {Data_Mem_WriteData[19]} {Data_Mem_WriteData[20]} {Data_Mem_WriteData[21]} {Data_Mem_WriteData[22]} {Data_Mem_WriteData[23]} {Data_Mem_WriteData[24]} {Data_Mem_WriteData[25]} {Data_Mem_WriteData[26]} {Data_Mem_WriteData[27]} {Data_Mem_WriteData[28]} {Data_Mem_WriteData[29]} {Data_Mem_WriteData[30]} {Data_Mem_WriteData[31]} ]]
create_debug_port u_ila_0 probe
set_property port_width 4 [get_debug_ports u_ila_0/probe1]
set_property PROBE_TYPE DATA_AND_TRIGGER [get_debug_ports u_ila_0/probe1]
connect_debug_port u_ila_0/probe1 [get_nets [list {data_1[0]} {data_1[1]} {data_1[2]} {data_1[3]} ]]
create_debug_port u_ila_0 probe
set_property port_width 4 [get_debug_ports u_ila_0/probe2]
set_property PROBE_TYPE DATA_AND_TRIGGER [get_debug_ports u_ila_0/probe2]
connect_debug_port u_ila_0/probe2 [get_nets [list {data_2[0]} {data_2[1]} {data_2[2]} {data_2[3]} ]]
create_debug_port u_ila_0 probe
set_property port_width 4 [get_debug_ports u_ila_0/probe3]
set_property PROBE_TYPE DATA_AND_TRIGGER [get_debug_ports u_ila_0/probe3]
connect_debug_port u_ila_0/probe3 [get_nets [list {data_0[0]} {data_0[1]} {data_0[2]} {data_0[3]} ]]
save_constraints -force
launch_runs impl_1 -to_step write_bitstream -jobs 4
WARNING: [Project 1-478] Design 'synth_1' is stale and will not be used when launching 'impl_1'
[Sun Jun 26 12:47:35 2022] Launched impl_1...
Run output will be captured here: G:/verilog project/CPU_Top/CPU_Top/CPU_Top.runs/impl_1/runme.log
ERROR: [Xicom 50-38] xicom: Unable to connect to debug core(s) on the target device. Check cable connectivity and that the target board is powered up then use the disconnect_hw_server and connect_hw_server to re-initialize the hardware target. Use open_hw_target to re-register the hardware device.
ERROR: [Labtoolstcl 44-513] HW Target shutdown. Closing target: localhost:3121/xilinx_tcf/Digilent/210251A08870
INFO: [Labtoolstcl 44-466] Opening hw_target localhost:3121/xilinx_tcf/Digilent/210251A08870
INFO: [Labtools 27-1434] Device xc7k325t (JTAG device index = 0) is programmed with a design that has no supported debug core(s) in it.
WARNING: [Labtools 27-3361] The debug hub core was not detected.
Resolution: 
1. Make sure the clock connected to the debug hub (dbg_hub) core is a free running clock and is active.
2. Make sure the BSCAN_SWITCH_USER_MASK device property in Vivado Hardware Manager reflects the user scan chain setting in the design and refresh the device.  To determine the user scan chain setting in the design, open the implemented design and use 'get_property C_USER_SCAN_CHAIN [get_debug_cores dbg_hub]'.
For more details on setting the scan chain property, consult the Vivado Debug and Programming User Guide (UG908).
WARNING: [Labtools 27-3413] Dropping logic core with cellname:'u_ila_0' at location 'uuid_23E7D65A79BC59F7BC47406C1714DFAE' from probes file, since it cannot be found on the programmed device.
WARNING: [Labtoolstcl 44-129] No matching hw_ila_data was found.
set_property PROBES.FILE {G:/verilog project/CPU_Top/CPU_Top/CPU_Top.runs/impl_1/CPU_Top.ltx} [get_hw_devices xc7k325t_0]
set_property FULL_PROBES.FILE {G:/verilog project/CPU_Top/CPU_Top/CPU_Top.runs/impl_1/CPU_Top.ltx} [get_hw_devices xc7k325t_0]
set_property PROGRAM.FILE {G:/verilog project/CPU_Top/CPU_Top/CPU_Top.runs/impl_1/CPU_Top.bit} [get_hw_devices xc7k325t_0]
program_hw_devices [get_hw_devices xc7k325t_0]
INFO: [Labtools 27-3164] End of startup status: HIGH
program_hw_devices: Time (s): cpu = 00:00:07 ; elapsed = 00:00:07 . Memory (MB): peak = 3454.766 ; gain = 0.000
refresh_hw_device [lindex [get_hw_devices xc7k325t_0] 0]
INFO: [Labtools 27-2302] Device xc7k325t (JTAG device index = 0) is programmed with a design that has 1 ILA core(s).
display_hw_ila_data [ get_hw_ila_data hw_ila_data_1 -of_objects [get_hw_ilas -of_objects [get_hw_devices xc7k325t_0] -filter {CELL_NAME=~"u_ila_0"}]]
set_property TRIGGER_COMPARE_VALUE eq4'u2 [get_hw_probes data_0 -of_objects [get_hw_ilas -of_objects [get_hw_devices xc7k325t_0] -filter {CELL_NAME=~"u_ila_0"}]]
run_hw_ila [get_hw_ilas -of_objects [get_hw_devices xc7k325t_0] -filter {CELL_NAME=~"u_ila_0"}]
INFO: [Labtools 27-1964] The ILA core 'hw_ila_1' trigger was armed at 2022-Jun-26 12:58:00
wait_on_hw_ila [get_hw_ilas -of_objects [get_hw_devices xc7k325t_0] -filter {CELL_NAME=~"u_ila_0"}]
display_hw_ila_data [upload_hw_ila_data [get_hw_ilas -of_objects [get_hw_devices xc7k325t_0] -filter {CELL_NAME=~"u_ila_0"}]]
INFO: [Labtools 27-1966] The ILA core 'hw_ila_1' triggered at 2022-Jun-26 12:58:00
INFO: [Labtools 27-3304] ILA Waveform data saved to file G:/verilog project/CPU_Top/CPU_Top/CPU_Top.hw/backup/hw_ila_data_1.ila. Use Tcl command 'read_hw_ila_data' or Vivado File->Import->Import ILA Data menu item to import the previously saved data.
reset_run synth_1
launch_runs synth_1 -jobs 4
[Sun Jun 26 13:00:29 2022] Launched synth_1...
Run output will be captured here: G:/verilog project/CPU_Top/CPU_Top/CPU_Top.runs/synth_1/runme.log
ERROR: [Labtoolstcl 44-513] HW Target shutdown. Closing target: localhost:3121/xilinx_tcf/Digilent/210251A08870
delete_debug_core [get_debug_cores {u_ila_0 }]
create_debug_core u_ila_0 ila
set_property C_DATA_DEPTH 1024 [get_debug_cores u_ila_0]
set_property C_TRIGIN_EN false [get_debug_cores u_ila_0]
set_property C_TRIGOUT_EN false [get_debug_cores u_ila_0]
set_property C_ADV_TRIGGER false [get_debug_cores u_ila_0]
set_property C_INPUT_PIPE_STAGES 0 [get_debug_cores u_ila_0]
set_property C_EN_STRG_QUAL false [get_debug_cores u_ila_0]
set_property ALL_PROBE_SAME_MU true [get_debug_cores u_ila_0]
set_property ALL_PROBE_SAME_MU_CNT 1 [get_debug_cores u_ila_0]
startgroup 
set_property C_EN_STRG_QUAL true [get_debug_cores u_ila_0 ]
set_property C_ADV_TRIGGER true [get_debug_cores u_ila_0 ]
set_property ALL_PROBE_SAME_MU true [get_debug_cores u_ila_0 ]
set_property ALL_PROBE_SAME_MU_CNT 4 [get_debug_cores u_ila_0 ]
endgroup
connect_debug_port u_ila_0/clk [get_nets [list clk_50M_IBUF_BUFG ]]
set_property port_width 32 [get_debug_ports u_ila_0/probe0]
set_property PROBE_TYPE DATA_AND_TRIGGER [get_debug_ports u_ila_0/probe0]
connect_debug_port u_ila_0/probe0 [get_nets [list {Data_Mem_WriteData[0]} {Data_Mem_WriteData[1]} {Data_Mem_WriteData[2]} {Data_Mem_WriteData[3]} {Data_Mem_WriteData[4]} {Data_Mem_WriteData[5]} {Data_Mem_WriteData[6]} {Data_Mem_WriteData[7]} {Data_Mem_WriteData[8]} {Data_Mem_WriteData[9]} {Data_Mem_WriteData[10]} {Data_Mem_WriteData[11]} {Data_Mem_WriteData[12]} {Data_Mem_WriteData[13]} {Data_Mem_WriteData[14]} {Data_Mem_WriteData[15]} {Data_Mem_WriteData[16]} {Data_Mem_WriteData[17]} {Data_Mem_WriteData[18]} {Data_Mem_WriteData[19]} {Data_Mem_WriteData[20]} {Data_Mem_WriteData[21]} {Data_Mem_WriteData[22]} {Data_Mem_WriteData[23]} {Data_Mem_WriteData[24]} {Data_Mem_WriteData[25]} {Data_Mem_WriteData[26]} {Data_Mem_WriteData[27]} {Data_Mem_WriteData[28]} {Data_Mem_WriteData[29]} {Data_Mem_WriteData[30]} {Data_Mem_WriteData[31]} ]]
create_debug_port u_ila_0 probe
set_property port_width 4 [get_debug_ports u_ila_0/probe1]
set_property PROBE_TYPE DATA_AND_TRIGGER [get_debug_ports u_ila_0/probe1]
connect_debug_port u_ila_0/probe1 [get_nets [list {data_1[0]} {data_1[1]} {data_1[2]} {data_1[3]} ]]
create_debug_port u_ila_0 probe
set_property port_width 4 [get_debug_ports u_ila_0/probe2]
set_property PROBE_TYPE DATA_AND_TRIGGER [get_debug_ports u_ila_0/probe2]
connect_debug_port u_ila_0/probe2 [get_nets [list {data_2[0]} {data_2[1]} {data_2[2]} {data_2[3]} ]]
create_debug_port u_ila_0 probe
set_property port_width 4 [get_debug_ports u_ila_0/probe3]
set_property PROBE_TYPE DATA_AND_TRIGGER [get_debug_ports u_ila_0/probe3]
connect_debug_port u_ila_0/probe3 [get_nets [list {data_0[0]} {data_0[1]} {data_0[2]} {data_0[3]} ]]
save_constraints -force
launch_runs impl_1 -to_step write_bitstream -jobs 4
WARNING: [Project 1-478] Design 'synth_1' is stale and will not be used when launching 'impl_1'
[Sun Jun 26 13:03:50 2022] Launched impl_1...
Run output will be captured here: G:/verilog project/CPU_Top/CPU_Top/CPU_Top.runs/impl_1/runme.log
INFO: [Labtoolstcl 44-466] Opening hw_target localhost:3121/xilinx_tcf/Digilent/210251A08870
INFO: [Labtools 27-1434] Device xc7k325t (JTAG device index = 0) is programmed with a design that has no supported debug core(s) in it.
WARNING: [Labtools 27-3361] The debug hub core was not detected.
Resolution: 
1. Make sure the clock connected to the debug hub (dbg_hub) core is a free running clock and is active.
2. Make sure the BSCAN_SWITCH_USER_MASK device property in Vivado Hardware Manager reflects the user scan chain setting in the design and refresh the device.  To determine the user scan chain setting in the design, open the implemented design and use 'get_property C_USER_SCAN_CHAIN [get_debug_cores dbg_hub]'.
For more details on setting the scan chain property, consult the Vivado Debug and Programming User Guide (UG908).
WARNING: [Labtools 27-3413] Dropping logic core with cellname:'u_ila_0' at location 'uuid_23E7D65A79BC59F7BC47406C1714DFAE' from probes file, since it cannot be found on the programmed device.
WARNING: [Labtoolstcl 44-129] No matching hw_ila_data was found.
set_property PROBES.FILE {G:/verilog project/CPU_Top/CPU_Top/CPU_Top.runs/impl_1/CPU_Top.ltx} [get_hw_devices xc7k325t_0]
set_property FULL_PROBES.FILE {G:/verilog project/CPU_Top/CPU_Top/CPU_Top.runs/impl_1/CPU_Top.ltx} [get_hw_devices xc7k325t_0]
set_property PROGRAM.FILE {G:/verilog project/CPU_Top/CPU_Top/CPU_Top.runs/impl_1/CPU_Top.bit} [get_hw_devices xc7k325t_0]
program_hw_devices [get_hw_devices xc7k325t_0]
INFO: [Labtools 27-3164] End of startup status: HIGH
program_hw_devices: Time (s): cpu = 00:00:06 ; elapsed = 00:00:07 . Memory (MB): peak = 3454.766 ; gain = 0.000
refresh_hw_device [lindex [get_hw_devices xc7k325t_0] 0]
INFO: [Labtools 27-2302] Device xc7k325t (JTAG device index = 0) is programmed with a design that has 1 ILA core(s).
display_hw_ila_data [ get_hw_ila_data hw_ila_data_1 -of_objects [get_hw_ilas -of_objects [get_hw_devices xc7k325t_0] -filter {CELL_NAME=~"u_ila_0"}]]
set_property TRIGGER_COMPARE_VALUE eq4'u5 [get_hw_probes data_0 -of_objects [get_hw_ilas -of_objects [get_hw_devices xc7k325t_0] -filter {CELL_NAME=~"u_ila_0"}]]
run_hw_ila [get_hw_ilas -of_objects [get_hw_devices xc7k325t_0] -filter {CELL_NAME=~"u_ila_0"}]
INFO: [Labtools 27-1964] The ILA core 'hw_ila_1' trigger was armed at 2022-Jun-26 13:14:02
set_property TRIGGER_COMPARE_VALUE eq4'u1 [get_hw_probes data_0 -of_objects [get_hw_ilas -of_objects [get_hw_devices xc7k325t_0] -filter {CELL_NAME=~"u_ila_0"}]]
set_property TRIGGER_COMPARE_VALUE eq4'u0 [get_hw_probes data_0 -of_objects [get_hw_ilas -of_objects [get_hw_devices xc7k325t_0] -filter {CELL_NAME=~"u_ila_0"}]]
wait_on_hw_ila -timeout 0 [get_hw_ilas -of_objects [get_hw_devices xc7k325t_0] -filter {CELL_NAME=~"u_ila_0"}]
upload_hw_ila_data [get_hw_ilas -of_objects [get_hw_devices xc7k325t_0] -filter {CELL_NAME=~"u_ila_0"}]
INFO: [Labtools 27-1965] The ILA core 'hw_ila_1' trigger was stopped by user at 2022-Jun-26 13:14:35
WARNING: [Labtools 27-157] hw_ila [hw_ila_1] stopped. No data to upload.
run_hw_ila [get_hw_ilas -of_objects [get_hw_devices xc7k325t_0] -filter {CELL_NAME=~"u_ila_0"}]
INFO: [Labtools 27-1964] The ILA core 'hw_ila_1' trigger was armed at 2022-Jun-26 13:14:36
wait_on_hw_ila [get_hw_ilas -of_objects [get_hw_devices xc7k325t_0] -filter {CELL_NAME=~"u_ila_0"}]
display_hw_ila_data [upload_hw_ila_data [get_hw_ilas -of_objects [get_hw_devices xc7k325t_0] -filter {CELL_NAME=~"u_ila_0"}]]
INFO: [Labtools 27-1966] The ILA core 'hw_ila_1' triggered at 2022-Jun-26 13:14:36
INFO: [Labtools 27-3304] ILA Waveform data saved to file G:/verilog project/CPU_Top/CPU_Top/CPU_Top.hw/backup/hw_ila_data_1.ila. Use Tcl command 'read_hw_ila_data' or Vivado File->Import->Import ILA Data menu item to import the previously saved data.
set_property TRIGGER_COMPARE_VALUE eq4'u5 [get_hw_probes data_0 -of_objects [get_hw_ilas -of_objects [get_hw_devices xc7k325t_0] -filter {CELL_NAME=~"u_ila_0"}]]
run_hw_ila [get_hw_ilas -of_objects [get_hw_devices xc7k325t_0] -filter {CELL_NAME=~"u_ila_0"}]
INFO: [Labtools 27-1964] The ILA core 'hw_ila_1' trigger was armed at 2022-Jun-26 13:14:48
wait_on_hw_ila -timeout 0 [get_hw_ilas -of_objects [get_hw_devices xc7k325t_0] -filter {CELL_NAME=~"u_ila_0"}]
upload_hw_ila_data [get_hw_ilas -of_objects [get_hw_devices xc7k325t_0] -filter {CELL_NAME=~"u_ila_0"}]
INFO: [Labtools 27-1965] The ILA core 'hw_ila_1' trigger was stopped by user at 2022-Jun-26 13:14:55
WARNING: [Labtools 27-157] hw_ila [hw_ila_1] stopped. No data to upload.
run_hw_ila [get_hw_ilas -of_objects [get_hw_devices xc7k325t_0] -filter {CELL_NAME=~"u_ila_0"}]
INFO: [Labtools 27-1964] The ILA core 'hw_ila_1' trigger was armed at 2022-Jun-26 13:15:02
wait_on_hw_ila -timeout 0 [get_hw_ilas -of_objects [get_hw_devices xc7k325t_0] -filter {CELL_NAME=~"u_ila_0"}]
upload_hw_ila_data [get_hw_ilas -of_objects [get_hw_devices xc7k325t_0] -filter {CELL_NAME=~"u_ila_0"}]
INFO: [Labtools 27-1965] The ILA core 'hw_ila_1' trigger was stopped by user at 2022-Jun-26 13:15:04
WARNING: [Labtools 27-157] hw_ila [hw_ila_1] stopped. No data to upload.
run_hw_ila [get_hw_ilas -of_objects [get_hw_devices xc7k325t_0] -filter {CELL_NAME=~"u_ila_0"}] -trigger_now
INFO: [Labtools 27-1964] The ILA core 'hw_ila_1' trigger was armed at 2022-Jun-26 13:15:04
wait_on_hw_ila [get_hw_ilas -of_objects [get_hw_devices xc7k325t_0] -filter {CELL_NAME=~"u_ila_0"}]
display_hw_ila_data [upload_hw_ila_data [get_hw_ilas -of_objects [get_hw_devices xc7k325t_0] -filter {CELL_NAME=~"u_ila_0"}]]
INFO: [Labtools 27-1966] The ILA core 'hw_ila_1' triggered at 2022-Jun-26 13:15:04
INFO: [Labtools 27-3304] ILA Waveform data saved to file G:/verilog project/CPU_Top/CPU_Top/CPU_Top.hw/backup/hw_ila_data_1.ila. Use Tcl command 'read_hw_ila_data' or Vivado File->Import->Import ILA Data menu item to import the previously saved data.
run_hw_ila [get_hw_ilas -of_objects [get_hw_devices xc7k325t_0] -filter {CELL_NAME=~"u_ila_0"}]
INFO: [Labtools 27-1964] The ILA core 'hw_ila_1' trigger was armed at 2022-Jun-26 13:15:15
ERROR: [Labtoolstcl 44-513] HW Target shutdown. Closing target: localhost:3121/xilinx_tcf/Digilent/210251A08870
reset_run synth_1
launch_runs synth_1 -jobs 4
[Sun Jun 26 15:57:15 2022] Launched synth_1...
Run output will be captured here: G:/verilog project/CPU_Top/CPU_Top/CPU_Top.runs/synth_1/runme.log
delete_debug_core [get_debug_cores {u_ila_0 }]
create_debug_core u_ila_0 ila
set_property C_DATA_DEPTH 1024 [get_debug_cores u_ila_0]
set_property C_TRIGIN_EN false [get_debug_cores u_ila_0]
set_property C_TRIGOUT_EN false [get_debug_cores u_ila_0]
set_property C_ADV_TRIGGER false [get_debug_cores u_ila_0]
set_property C_INPUT_PIPE_STAGES 0 [get_debug_cores u_ila_0]
set_property C_EN_STRG_QUAL false [get_debug_cores u_ila_0]
set_property ALL_PROBE_SAME_MU true [get_debug_cores u_ila_0]
set_property ALL_PROBE_SAME_MU_CNT 1 [get_debug_cores u_ila_0]
startgroup 
set_property C_EN_STRG_QUAL true [get_debug_cores u_ila_0 ]
set_property C_ADV_TRIGGER true [get_debug_cores u_ila_0 ]
set_property ALL_PROBE_SAME_MU true [get_debug_cores u_ila_0 ]
set_property ALL_PROBE_SAME_MU_CNT 4 [get_debug_cores u_ila_0 ]
endgroup
connect_debug_port u_ila_0/clk [get_nets [list clk_50M_IBUF_BUFG ]]
set_property port_width 32 [get_debug_ports u_ila_0/probe0]
set_property PROBE_TYPE DATA_AND_TRIGGER [get_debug_ports u_ila_0/probe0]
connect_debug_port u_ila_0/probe0 [get_nets [list {Data_Mem_WriteData[0]} {Data_Mem_WriteData[1]} {Data_Mem_WriteData[2]} {Data_Mem_WriteData[3]} {Data_Mem_WriteData[4]} {Data_Mem_WriteData[5]} {Data_Mem_WriteData[6]} {Data_Mem_WriteData[7]} {Data_Mem_WriteData[8]} {Data_Mem_WriteData[9]} {Data_Mem_WriteData[10]} {Data_Mem_WriteData[11]} {Data_Mem_WriteData[12]} {Data_Mem_WriteData[13]} {Data_Mem_WriteData[14]} {Data_Mem_WriteData[15]} {Data_Mem_WriteData[16]} {Data_Mem_WriteData[17]} {Data_Mem_WriteData[18]} {Data_Mem_WriteData[19]} {Data_Mem_WriteData[20]} {Data_Mem_WriteData[21]} {Data_Mem_WriteData[22]} {Data_Mem_WriteData[23]} {Data_Mem_WriteData[24]} {Data_Mem_WriteData[25]} {Data_Mem_WriteData[26]} {Data_Mem_WriteData[27]} {Data_Mem_WriteData[28]} {Data_Mem_WriteData[29]} {Data_Mem_WriteData[30]} {Data_Mem_WriteData[31]} ]]
create_debug_port u_ila_0 probe
set_property port_width 4 [get_debug_ports u_ila_0/probe1]
set_property PROBE_TYPE DATA_AND_TRIGGER [get_debug_ports u_ila_0/probe1]
connect_debug_port u_ila_0/probe1 [get_nets [list {data_1[0]} {data_1[1]} {data_1[2]} {data_1[3]} ]]
create_debug_port u_ila_0 probe
set_property port_width 4 [get_debug_ports u_ila_0/probe2]
set_property PROBE_TYPE DATA_AND_TRIGGER [get_debug_ports u_ila_0/probe2]
connect_debug_port u_ila_0/probe2 [get_nets [list {data_2[0]} {data_2[1]} {data_2[2]} {data_2[3]} ]]
create_debug_port u_ila_0 probe
set_property port_width 4 [get_debug_ports u_ila_0/probe3]
set_property PROBE_TYPE DATA_AND_TRIGGER [get_debug_ports u_ila_0/probe3]
connect_debug_port u_ila_0/probe3 [get_nets [list {data_0[0]} {data_0[1]} {data_0[2]} {data_0[3]} ]]
save_constraints -force
launch_runs impl_1 -to_step write_bitstream -jobs 4
WARNING: [Project 1-478] Design 'synth_1' is stale and will not be used when launching 'impl_1'
[Sun Jun 26 15:59:55 2022] Launched impl_1...
Run output will be captured here: G:/verilog project/CPU_Top/CPU_Top/CPU_Top.runs/impl_1/runme.log
disconnect_hw_server localhost:3121
connect_hw_server
INFO: [Labtools 27-2285] Connecting to hw_server url TCP:localhost:3121
open_hw_target
INFO: [Labtoolstcl 44-466] Opening hw_target localhost:3121/xilinx_tcf/Digilent/210251A08870
set_property PROGRAM.FILE {G:/verilog project/CPU_Top/CPU_Top/CPU_Top.runs/impl_1/CPU_Top.bit} [get_hw_devices xc7k325t_0]
set_property PROBES.FILE {G:/verilog project/CPU_Top/CPU_Top/CPU_Top.runs/impl_1/CPU_Top.ltx} [get_hw_devices xc7k325t_0]
set_property FULL_PROBES.FILE {G:/verilog project/CPU_Top/CPU_Top/CPU_Top.runs/impl_1/CPU_Top.ltx} [get_hw_devices xc7k325t_0]
current_hw_device [get_hw_devices xc7k325t_0]
refresh_hw_device [lindex [get_hw_devices xc7k325t_0] 0]
INFO: [Labtools 27-1434] Device xc7k325t (JTAG device index = 0) is programmed with a design that has no supported debug core(s) in it.
WARNING: [Labtools 27-3361] The debug hub core was not detected.
Resolution: 
1. Make sure the clock connected to the debug hub (dbg_hub) core is a free running clock and is active.
2. Make sure the BSCAN_SWITCH_USER_MASK device property in Vivado Hardware Manager reflects the user scan chain setting in the design and refresh the device.  To determine the user scan chain setting in the design, open the implemented design and use 'get_property C_USER_SCAN_CHAIN [get_debug_cores dbg_hub]'.
For more details on setting the scan chain property, consult the Vivado Debug and Programming User Guide (UG908).
WARNING: [Labtools 27-3413] Dropping logic core with cellname:'u_ila_0' at location 'uuid_23E7D65A79BC59F7BC47406C1714DFAE' from probes file, since it cannot be found on the programmed device.
set_property PROBES.FILE {G:/verilog project/CPU_Top/CPU_Top/CPU_Top.runs/impl_1/CPU_Top.ltx} [get_hw_devices xc7k325t_0]
set_property FULL_PROBES.FILE {G:/verilog project/CPU_Top/CPU_Top/CPU_Top.runs/impl_1/CPU_Top.ltx} [get_hw_devices xc7k325t_0]
set_property PROGRAM.FILE {G:/verilog project/CPU_Top/CPU_Top/CPU_Top.runs/impl_1/CPU_Top.bit} [get_hw_devices xc7k325t_0]
program_hw_devices [get_hw_devices xc7k325t_0]
INFO: [Labtools 27-3164] End of startup status: HIGH
program_hw_devices: Time (s): cpu = 00:00:07 ; elapsed = 00:00:07 . Memory (MB): peak = 3525.684 ; gain = 0.000
refresh_hw_device [lindex [get_hw_devices xc7k325t_0] 0]
INFO: [Labtools 27-2302] Device xc7k325t (JTAG device index = 0) is programmed with a design that has 1 ILA core(s).
display_hw_ila_data [ get_hw_ila_data hw_ila_data_1 -of_objects [get_hw_ilas -of_objects [get_hw_devices xc7k325t_0] -filter {CELL_NAME=~"u_ila_0"}]]
run_hw_ila [get_hw_ilas -of_objects [get_hw_devices xc7k325t_0] -filter {CELL_NAME=~"u_ila_0"}]
INFO: [Labtools 27-1964] The ILA core 'hw_ila_1' trigger was armed at 2022-Jun-26 16:11:15
set_property TRIGGER_COMPARE_VALUE eq4'hX [get_hw_probes data_0 -of_objects [get_hw_ilas -of_objects [get_hw_devices xc7k325t_0] -filter {CELL_NAME=~"u_ila_0"}]]
set_property TRIGGER_COMPARE_VALUE eq4'u0 [get_hw_probes data_1 -of_objects [get_hw_ilas -of_objects [get_hw_devices xc7k325t_0] -filter {CELL_NAME=~"u_ila_0"}]]
set_property TRIGGER_COMPARE_VALUE eq4'u1 [get_hw_probes data_1 -of_objects [get_hw_ilas -of_objects [get_hw_devices xc7k325t_0] -filter {CELL_NAME=~"u_ila_0"}]]
wait_on_hw_ila -timeout 0 [get_hw_ilas -of_objects [get_hw_devices xc7k325t_0] -filter {CELL_NAME=~"u_ila_0"}]
upload_hw_ila_data [get_hw_ilas -of_objects [get_hw_devices xc7k325t_0] -filter {CELL_NAME=~"u_ila_0"}]
INFO: [Labtools 27-1965] The ILA core 'hw_ila_1' trigger was stopped by user at 2022-Jun-26 16:11:45
WARNING: [Labtools 27-157] hw_ila [hw_ila_1] stopped. No data to upload.
run_hw_ila [get_hw_ilas -of_objects [get_hw_devices xc7k325t_0] -filter {CELL_NAME=~"u_ila_0"}]
INFO: [Labtools 27-1964] The ILA core 'hw_ila_1' trigger was armed at 2022-Jun-26 16:11:46
wait_on_hw_ila [get_hw_ilas -of_objects [get_hw_devices xc7k325t_0] -filter {CELL_NAME=~"u_ila_0"}]
display_hw_ila_data [upload_hw_ila_data [get_hw_ilas -of_objects [get_hw_devices xc7k325t_0] -filter {CELL_NAME=~"u_ila_0"}]]
INFO: [Labtools 27-1966] The ILA core 'hw_ila_1' triggered at 2022-Jun-26 16:12:39
INFO: [Labtools 27-3304] ILA Waveform data saved to file G:/verilog project/CPU_Top/CPU_Top/CPU_Top.hw/backup/hw_ila_data_1.ila. Use Tcl command 'read_hw_ila_data' or Vivado File->Import->Import ILA Data menu item to import the previously saved data.
run_hw_ila [get_hw_ilas -of_objects [get_hw_devices xc7k325t_0] -filter {CELL_NAME=~"u_ila_0"}]
INFO: [Labtools 27-1964] The ILA core 'hw_ila_1' trigger was armed at 2022-Jun-26 16:14:49
wait_on_hw_ila [get_hw_ilas -of_objects [get_hw_devices xc7k325t_0] -filter {CELL_NAME=~"u_ila_0"}]
display_hw_ila_data [upload_hw_ila_data [get_hw_ilas -of_objects [get_hw_devices xc7k325t_0] -filter {CELL_NAME=~"u_ila_0"}]]
INFO: [Labtools 27-1966] The ILA core 'hw_ila_1' triggered at 2022-Jun-26 16:15:02
INFO: [Labtools 27-3304] ILA Waveform data saved to file G:/verilog project/CPU_Top/CPU_Top/CPU_Top.hw/backup/hw_ila_data_1.ila. Use Tcl command 'read_hw_ila_data' or Vivado File->Import->Import ILA Data menu item to import the previously saved data.
run_hw_ila [get_hw_ilas -of_objects [get_hw_devices xc7k325t_0] -filter {CELL_NAME=~"u_ila_0"}]
INFO: [Labtools 27-1964] The ILA core 'hw_ila_1' trigger was armed at 2022-Jun-26 16:15:05
update_compile_order -fileset sources_1
update_compile_order -fileset sources_1
reset_run synth_1
launch_runs synth_1 -jobs 4
[Sun Jun 26 16:39:13 2022] Launched synth_1...
Run output will be captured here: G:/verilog project/CPU_Top/CPU_Top/CPU_Top.runs/synth_1/runme.log
delete_debug_core [get_debug_cores {u_ila_0 }]
create_debug_core u_ila_0 ila
set_property C_DATA_DEPTH 1024 [get_debug_cores u_ila_0]
set_property C_TRIGIN_EN false [get_debug_cores u_ila_0]
set_property C_TRIGOUT_EN false [get_debug_cores u_ila_0]
set_property C_ADV_TRIGGER false [get_debug_cores u_ila_0]
set_property C_INPUT_PIPE_STAGES 0 [get_debug_cores u_ila_0]
set_property C_EN_STRG_QUAL false [get_debug_cores u_ila_0]
set_property ALL_PROBE_SAME_MU true [get_debug_cores u_ila_0]
set_property ALL_PROBE_SAME_MU_CNT 1 [get_debug_cores u_ila_0]
startgroup 
set_property C_EN_STRG_QUAL true [get_debug_cores u_ila_0 ]
set_property C_ADV_TRIGGER true [get_debug_cores u_ila_0 ]
set_property ALL_PROBE_SAME_MU true [get_debug_cores u_ila_0 ]
set_property ALL_PROBE_SAME_MU_CNT 4 [get_debug_cores u_ila_0 ]
endgroup
connect_debug_port u_ila_0/clk [get_nets [list clk_50M_IBUF_BUFG ]]
set_property port_width 32 [get_debug_ports u_ila_0/probe0]
set_property PROBE_TYPE DATA_AND_TRIGGER [get_debug_ports u_ila_0/probe0]
connect_debug_port u_ila_0/probe0 [get_nets [list {Data_Mem_WriteData[0]} {Data_Mem_WriteData[1]} {Data_Mem_WriteData[2]} {Data_Mem_WriteData[3]} {Data_Mem_WriteData[4]} {Data_Mem_WriteData[5]} {Data_Mem_WriteData[6]} {Data_Mem_WriteData[7]} {Data_Mem_WriteData[8]} {Data_Mem_WriteData[9]} {Data_Mem_WriteData[10]} {Data_Mem_WriteData[11]} {Data_Mem_WriteData[12]} {Data_Mem_WriteData[13]} {Data_Mem_WriteData[14]} {Data_Mem_WriteData[15]} {Data_Mem_WriteData[16]} {Data_Mem_WriteData[17]} {Data_Mem_WriteData[18]} {Data_Mem_WriteData[19]} {Data_Mem_WriteData[20]} {Data_Mem_WriteData[21]} {Data_Mem_WriteData[22]} {Data_Mem_WriteData[23]} {Data_Mem_WriteData[24]} {Data_Mem_WriteData[25]} {Data_Mem_WriteData[26]} {Data_Mem_WriteData[27]} {Data_Mem_WriteData[28]} {Data_Mem_WriteData[29]} {Data_Mem_WriteData[30]} {Data_Mem_WriteData[31]} ]]
create_debug_port u_ila_0 probe
set_property port_width 4 [get_debug_ports u_ila_0/probe1]
set_property PROBE_TYPE DATA_AND_TRIGGER [get_debug_ports u_ila_0/probe1]
connect_debug_port u_ila_0/probe1 [get_nets [list {data_1[0]} {data_1[1]} {data_1[2]} {data_1[3]} ]]
create_debug_port u_ila_0 probe
set_property port_width 4 [get_debug_ports u_ila_0/probe2]
set_property PROBE_TYPE DATA_AND_TRIGGER [get_debug_ports u_ila_0/probe2]
connect_debug_port u_ila_0/probe2 [get_nets [list {data_2[0]} {data_2[1]} {data_2[2]} {data_2[3]} ]]
create_debug_port u_ila_0 probe
set_property port_width 4 [get_debug_ports u_ila_0/probe3]
set_property PROBE_TYPE DATA_AND_TRIGGER [get_debug_ports u_ila_0/probe3]
connect_debug_port u_ila_0/probe3 [get_nets [list {data_0[0]} {data_0[1]} {data_0[2]} {data_0[3]} ]]
save_constraints -force
launch_runs impl_1 -to_step write_bitstream -jobs 4
WARNING: [Project 1-478] Design 'synth_1' is stale and will not be used when launching 'impl_1'
[Sun Jun 26 16:42:19 2022] Launched impl_1...
Run output will be captured here: G:/verilog project/CPU_Top/CPU_Top/CPU_Top.runs/impl_1/runme.log
ERROR: [Xicom 50-38] xicom: Unable to connect to debug core(s) on the target device. Check cable connectivity and that the target board is powered up then use the disconnect_hw_server and connect_hw_server to re-initialize the hardware target. Use open_hw_target to re-register the hardware device.
ERROR: [Labtoolstcl 44-513] HW Target shutdown. Closing target: localhost:3121/xilinx_tcf/Digilent/210251A08870
INFO: [Labtoolstcl 44-466] Opening hw_target localhost:3121/xilinx_tcf/Digilent/210251A08870
INFO: [Labtools 27-1434] Device xc7k325t (JTAG device index = 0) is programmed with a design that has no supported debug core(s) in it.
WARNING: [Labtools 27-3361] The debug hub core was not detected.
Resolution: 
1. Make sure the clock connected to the debug hub (dbg_hub) core is a free running clock and is active.
2. Make sure the BSCAN_SWITCH_USER_MASK device property in Vivado Hardware Manager reflects the user scan chain setting in the design and refresh the device.  To determine the user scan chain setting in the design, open the implemented design and use 'get_property C_USER_SCAN_CHAIN [get_debug_cores dbg_hub]'.
For more details on setting the scan chain property, consult the Vivado Debug and Programming User Guide (UG908).
WARNING: [Labtools 27-3413] Dropping logic core with cellname:'u_ila_0' at location 'uuid_23E7D65A79BC59F7BC47406C1714DFAE' from probes file, since it cannot be found on the programmed device.
WARNING: [Labtoolstcl 44-129] No matching hw_ila_data was found.
set_property PROBES.FILE {G:/verilog project/CPU_Top/CPU_Top/CPU_Top.runs/impl_1/CPU_Top.ltx} [get_hw_devices xc7k325t_0]
set_property FULL_PROBES.FILE {G:/verilog project/CPU_Top/CPU_Top/CPU_Top.runs/impl_1/CPU_Top.ltx} [get_hw_devices xc7k325t_0]
set_property PROGRAM.FILE {G:/verilog project/CPU_Top/CPU_Top/CPU_Top.runs/impl_1/CPU_Top.bit} [get_hw_devices xc7k325t_0]
program_hw_devices [get_hw_devices xc7k325t_0]
INFO: [Labtools 27-3164] End of startup status: HIGH
program_hw_devices: Time (s): cpu = 00:00:07 ; elapsed = 00:00:07 . Memory (MB): peak = 3525.684 ; gain = 0.000
refresh_hw_device [lindex [get_hw_devices xc7k325t_0] 0]
INFO: [Labtools 27-2302] Device xc7k325t (JTAG device index = 0) is programmed with a design that has 1 ILA core(s).
display_hw_ila_data [ get_hw_ila_data hw_ila_data_1 -of_objects [get_hw_ilas -of_objects [get_hw_devices xc7k325t_0] -filter {CELL_NAME=~"u_ila_0"}]]
set_property TRIGGER_COMPARE_VALUE eq4'u0 [get_hw_probes data_1 -of_objects [get_hw_ilas -of_objects [get_hw_devices xc7k325t_0] -filter {CELL_NAME=~"u_ila_0"}]]
run_hw_ila [get_hw_ilas -of_objects [get_hw_devices xc7k325t_0] -filter {CELL_NAME=~"u_ila_0"}]
INFO: [Labtools 27-1964] The ILA core 'hw_ila_1' trigger was armed at 2022-Jun-26 16:54:29
wait_on_hw_ila [get_hw_ilas -of_objects [get_hw_devices xc7k325t_0] -filter {CELL_NAME=~"u_ila_0"}]
display_hw_ila_data [upload_hw_ila_data [get_hw_ilas -of_objects [get_hw_devices xc7k325t_0] -filter {CELL_NAME=~"u_ila_0"}]]
INFO: [Labtools 27-1966] The ILA core 'hw_ila_1' triggered at 2022-Jun-26 16:54:29
INFO: [Labtools 27-3304] ILA Waveform data saved to file G:/verilog project/CPU_Top/CPU_Top/CPU_Top.hw/backup/hw_ila_data_1.ila. Use Tcl command 'read_hw_ila_data' or Vivado File->Import->Import ILA Data menu item to import the previously saved data.
ERROR: [Labtoolstcl 44-513] HW Target shutdown. Closing target: localhost:3121/xilinx_tcf/Digilent/210251A08870
INFO: [Labtoolstcl 44-466] Opening hw_target localhost:3121/xilinx_tcf/Digilent/210251A08870
INFO: [Labtools 27-1434] Device xc7k325t (JTAG device index = 0) is programmed with a design that has no supported debug core(s) in it.
WARNING: [Labtools 27-3361] The debug hub core was not detected.
Resolution: 
1. Make sure the clock connected to the debug hub (dbg_hub) core is a free running clock and is active.
2. Make sure the BSCAN_SWITCH_USER_MASK device property in Vivado Hardware Manager reflects the user scan chain setting in the design and refresh the device.  To determine the user scan chain setting in the design, open the implemented design and use 'get_property C_USER_SCAN_CHAIN [get_debug_cores dbg_hub]'.
For more details on setting the scan chain property, consult the Vivado Debug and Programming User Guide (UG908).
WARNING: [Labtools 27-3413] Dropping logic core with cellname:'u_ila_0' at location 'uuid_23E7D65A79BC59F7BC47406C1714DFAE' from probes file, since it cannot be found on the programmed device.
WARNING: [Labtoolstcl 44-129] No matching hw_ila_data was found.
ERROR: [Labtoolstcl 44-513] HW Target shutdown. Closing target: localhost:3121/xilinx_tcf/Digilent/210251A08870
INFO: [Labtoolstcl 44-466] Opening hw_target localhost:3121/xilinx_tcf/Digilent/210251A08870
INFO: [Labtools 27-1434] Device xc7k325t (JTAG device index = 0) is programmed with a design that has no supported debug core(s) in it.
WARNING: [Labtools 27-3361] The debug hub core was not detected.
Resolution: 
1. Make sure the clock connected to the debug hub (dbg_hub) core is a free running clock and is active.
2. Make sure the BSCAN_SWITCH_USER_MASK device property in Vivado Hardware Manager reflects the user scan chain setting in the design and refresh the device.  To determine the user scan chain setting in the design, open the implemented design and use 'get_property C_USER_SCAN_CHAIN [get_debug_cores dbg_hub]'.
For more details on setting the scan chain property, consult the Vivado Debug and Programming User Guide (UG908).
WARNING: [Labtools 27-3413] Dropping logic core with cellname:'u_ila_0' at location 'uuid_23E7D65A79BC59F7BC47406C1714DFAE' from probes file, since it cannot be found on the programmed device.
WARNING: [Labtoolstcl 44-129] No matching hw_ila_data was found.
reset_run synth_1
launch_runs impl_1 -jobs 4
WARNING: [Project 1-478] Design 'synth_1' is stale and will not be used when launching 'impl_1'
[Sun Jun 26 17:22:06 2022] Launched synth_1...
Run output will be captured here: G:/verilog project/CPU_Top/CPU_Top/CPU_Top.runs/synth_1/runme.log
[Sun Jun 26 17:22:06 2022] Launched impl_1...
Run output will be captured here: G:/verilog project/CPU_Top/CPU_Top/CPU_Top.runs/impl_1/runme.log
ERROR: [Labtoolstcl 44-513] HW Target shutdown. Closing target: localhost:3121/xilinx_tcf/Digilent/210251A08870
reset_run synth_1
launch_runs synth_1 -jobs 4
[Sun Jun 26 17:28:29 2022] Launched synth_1...
Run output will be captured here: G:/verilog project/CPU_Top/CPU_Top/CPU_Top.runs/synth_1/runme.log
delete_debug_core [get_debug_cores {u_ila_0 }]
create_debug_core u_ila_0 ila
set_property C_DATA_DEPTH 1024 [get_debug_cores u_ila_0]
set_property C_TRIGIN_EN false [get_debug_cores u_ila_0]
set_property C_TRIGOUT_EN false [get_debug_cores u_ila_0]
set_property C_ADV_TRIGGER false [get_debug_cores u_ila_0]
set_property C_INPUT_PIPE_STAGES 0 [get_debug_cores u_ila_0]
set_property C_EN_STRG_QUAL false [get_debug_cores u_ila_0]
set_property ALL_PROBE_SAME_MU true [get_debug_cores u_ila_0]
set_property ALL_PROBE_SAME_MU_CNT 1 [get_debug_cores u_ila_0]
startgroup 
set_property C_EN_STRG_QUAL true [get_debug_cores u_ila_0 ]
set_property C_ADV_TRIGGER true [get_debug_cores u_ila_0 ]
set_property ALL_PROBE_SAME_MU true [get_debug_cores u_ila_0 ]
set_property ALL_PROBE_SAME_MU_CNT 4 [get_debug_cores u_ila_0 ]
endgroup
connect_debug_port u_ila_0/clk [get_nets [list clk_50M_IBUF_BUFG ]]
set_property port_width 32 [get_debug_ports u_ila_0/probe0]
set_property PROBE_TYPE DATA_AND_TRIGGER [get_debug_ports u_ila_0/probe0]
connect_debug_port u_ila_0/probe0 [get_nets [list {Data_Mem_WriteData[0]} {Data_Mem_WriteData[1]} {Data_Mem_WriteData[2]} {Data_Mem_WriteData[3]} {Data_Mem_WriteData[4]} {Data_Mem_WriteData[5]} {Data_Mem_WriteData[6]} {Data_Mem_WriteData[7]} {Data_Mem_WriteData[8]} {Data_Mem_WriteData[9]} {Data_Mem_WriteData[10]} {Data_Mem_WriteData[11]} {Data_Mem_WriteData[12]} {Data_Mem_WriteData[13]} {Data_Mem_WriteData[14]} {Data_Mem_WriteData[15]} {Data_Mem_WriteData[16]} {Data_Mem_WriteData[17]} {Data_Mem_WriteData[18]} {Data_Mem_WriteData[19]} {Data_Mem_WriteData[20]} {Data_Mem_WriteData[21]} {Data_Mem_WriteData[22]} {Data_Mem_WriteData[23]} {Data_Mem_WriteData[24]} {Data_Mem_WriteData[25]} {Data_Mem_WriteData[26]} {Data_Mem_WriteData[27]} {Data_Mem_WriteData[28]} {Data_Mem_WriteData[29]} {Data_Mem_WriteData[30]} {Data_Mem_WriteData[31]} ]]
create_debug_port u_ila_0 probe
set_property port_width 4 [get_debug_ports u_ila_0/probe1]
set_property PROBE_TYPE DATA_AND_TRIGGER [get_debug_ports u_ila_0/probe1]
connect_debug_port u_ila_0/probe1 [get_nets [list {data_1[0]} {data_1[1]} {data_1[2]} {data_1[3]} ]]
create_debug_port u_ila_0 probe
set_property port_width 4 [get_debug_ports u_ila_0/probe2]
set_property PROBE_TYPE DATA_AND_TRIGGER [get_debug_ports u_ila_0/probe2]
connect_debug_port u_ila_0/probe2 [get_nets [list {data_2[0]} {data_2[1]} {data_2[2]} {data_2[3]} ]]
create_debug_port u_ila_0 probe
set_property port_width 4 [get_debug_ports u_ila_0/probe3]
set_property PROBE_TYPE DATA_AND_TRIGGER [get_debug_ports u_ila_0/probe3]
connect_debug_port u_ila_0/probe3 [get_nets [list {data_0[0]} {data_0[1]} {data_0[2]} {data_0[3]} ]]
save_constraints -force
launch_runs impl_1 -to_step write_bitstream -jobs 4
WARNING: [Project 1-478] Design 'synth_1' is stale and will not be used when launching 'impl_1'
[Sun Jun 26 17:37:14 2022] Launched impl_1...
Run output will be captured here: G:/verilog project/CPU_Top/CPU_Top/CPU_Top.runs/impl_1/runme.log
INFO: [Labtoolstcl 44-466] Opening hw_target localhost:3121/xilinx_tcf/Digilent/210251A08870
INFO: [Labtools 27-1434] Device xc7k325t (JTAG device index = 0) is programmed with a design that has no supported debug core(s) in it.
WARNING: [Labtools 27-3361] The debug hub core was not detected.
Resolution: 
1. Make sure the clock connected to the debug hub (dbg_hub) core is a free running clock and is active.
2. Make sure the BSCAN_SWITCH_USER_MASK device property in Vivado Hardware Manager reflects the user scan chain setting in the design and refresh the device.  To determine the user scan chain setting in the design, open the implemented design and use 'get_property C_USER_SCAN_CHAIN [get_debug_cores dbg_hub]'.
For more details on setting the scan chain property, consult the Vivado Debug and Programming User Guide (UG908).
WARNING: [Labtools 27-3413] Dropping logic core with cellname:'u_ila_0' at location 'uuid_23E7D65A79BC59F7BC47406C1714DFAE' from probes file, since it cannot be found on the programmed device.
WARNING: [Labtoolstcl 44-129] No matching hw_ila_data was found.
set_property PROBES.FILE {G:/verilog project/CPU_Top/CPU_Top/CPU_Top.runs/impl_1/CPU_Top.ltx} [get_hw_devices xc7k325t_0]
set_property FULL_PROBES.FILE {G:/verilog project/CPU_Top/CPU_Top/CPU_Top.runs/impl_1/CPU_Top.ltx} [get_hw_devices xc7k325t_0]
set_property PROGRAM.FILE {G:/verilog project/CPU_Top/CPU_Top/CPU_Top.runs/impl_1/CPU_Top.bit} [get_hw_devices xc7k325t_0]
program_hw_devices [get_hw_devices xc7k325t_0]
INFO: [Labtools 27-3164] End of startup status: HIGH
program_hw_devices: Time (s): cpu = 00:00:07 ; elapsed = 00:00:07 . Memory (MB): peak = 4172.926 ; gain = 0.000
refresh_hw_device [lindex [get_hw_devices xc7k325t_0] 0]
INFO: [Labtools 27-2302] Device xc7k325t (JTAG device index = 0) is programmed with a design that has 1 ILA core(s).
display_hw_ila_data [ get_hw_ila_data hw_ila_data_1 -of_objects [get_hw_ilas -of_objects [get_hw_devices xc7k325t_0] -filter {CELL_NAME=~"u_ila_0"}]]
set_property TRIGGER_COMPARE_VALUE eq4'u5 [get_hw_probes data_1 -of_objects [get_hw_ilas -of_objects [get_hw_devices xc7k325t_0] -filter {CELL_NAME=~"u_ila_0"}]]
run_hw_ila [get_hw_ilas -of_objects [get_hw_devices xc7k325t_0] -filter {CELL_NAME=~"u_ila_0"}]
INFO: [Labtools 27-1964] The ILA core 'hw_ila_1' trigger was armed at 2022-Jun-26 17:48:11
set_property TRIGGER_COMPARE_VALUE eq4'u1 [get_hw_probes data_1 -of_objects [get_hw_ilas -of_objects [get_hw_devices xc7k325t_0] -filter {CELL_NAME=~"u_ila_0"}]]
wait_on_hw_ila -timeout 0 [get_hw_ilas -of_objects [get_hw_devices xc7k325t_0] -filter {CELL_NAME=~"u_ila_0"}]
upload_hw_ila_data [get_hw_ilas -of_objects [get_hw_devices xc7k325t_0] -filter {CELL_NAME=~"u_ila_0"}]
INFO: [Labtools 27-1965] The ILA core 'hw_ila_1' trigger was stopped by user at 2022-Jun-26 17:48:26
WARNING: [Labtools 27-157] hw_ila [hw_ila_1] stopped. No data to upload.
run_hw_ila [get_hw_ilas -of_objects [get_hw_devices xc7k325t_0] -filter {CELL_NAME=~"u_ila_0"}]
INFO: [Labtools 27-1964] The ILA core 'hw_ila_1' trigger was armed at 2022-Jun-26 17:48:27
wait_on_hw_ila [get_hw_ilas -of_objects [get_hw_devices xc7k325t_0] -filter {CELL_NAME=~"u_ila_0"}]
display_hw_ila_data [upload_hw_ila_data [get_hw_ilas -of_objects [get_hw_devices xc7k325t_0] -filter {CELL_NAME=~"u_ila_0"}]]
INFO: [Labtools 27-1966] The ILA core 'hw_ila_1' triggered at 2022-Jun-26 17:48:27
INFO: [Labtools 27-3304] ILA Waveform data saved to file G:/verilog project/CPU_Top/CPU_Top/CPU_Top.hw/backup/hw_ila_data_1.ila. Use Tcl command 'read_hw_ila_data' or Vivado File->Import->Import ILA Data menu item to import the previously saved data.
ERROR: [Labtoolstcl 44-513] HW Target shutdown. Closing target: localhost:3121/xilinx_tcf/Digilent/210251A08870
exit
INFO: [Common 17-206] Exiting Vivado at Sun Jun 26 17:51:17 2022...
